<?xml version="1.0" encoding="UTF-8"?>
<coverage generated="1727005878520" clover="3.2.0">
  <project timestamp="1727005878520" name="All files">
    <metrics statements="799" coveredstatements="799" conditionals="248" coveredconditionals="244" methods="83" coveredmethods="83" elements="1130" coveredelements="1126" complexity="0" loc="799" ncloc="799" packages="1" files="1" classes="1"/>
    <file name="main.ts" path="/Users/kenge/Documents/code/playground/codewars/main.ts">
      <metrics statements="799" coveredstatements="799" conditionals="248" coveredconditionals="244" methods="83" coveredmethods="83"/>
      <line num="1" count="1" type="cond" truecount="1" falsecount="0"/>
      <line num="2" count="4" type="cond" truecount="1" falsecount="0"/>
      <line num="3" count="22" type="cond" truecount="1" falsecount="0"/>
      <line num="4" count="22" type="stmt"/>
      <line num="5" count="4" type="stmt"/>
      <line num="6" count="4" type="cond" truecount="1" falsecount="0"/>
      <line num="7" count="22" type="stmt"/>
      <line num="8" count="22" type="stmt"/>
      <line num="9" count="4" type="stmt"/>
      <line num="10" count="4" type="stmt"/>
      <line num="11" count="4" type="stmt"/>
      <line num="12" count="4" type="stmt"/>
      <line num="13" count="4" type="stmt"/>
      <line num="14" count="4" type="stmt"/>
      <line num="15" count="4" type="stmt"/>
      <line num="16" count="4" type="stmt"/>
      <line num="17" count="4" type="stmt"/>
      <line num="18" count="4" type="stmt"/>
      <line num="19" count="4" type="stmt"/>
      <line num="20" count="4" type="stmt"/>
      <line num="21" count="4" type="stmt"/>
      <line num="22" count="4" type="stmt"/>
      <line num="23" count="4" type="stmt"/>
      <line num="24" count="4" type="stmt"/>
      <line num="25" count="1" type="stmt"/>
      <line num="26" count="1" type="cond" truecount="1" falsecount="0"/>
      <line num="27" count="3" type="stmt"/>
      <line num="28" count="3" type="stmt"/>
      <line num="29" count="3" type="cond" truecount="1" falsecount="0"/>
      <line num="30" count="6" type="stmt"/>
      <line num="31" count="6" type="cond" truecount="1" falsecount="0"/>
      <line num="32" count="14" type="stmt"/>
      <line num="33" count="14" type="stmt"/>
      <line num="34" count="6" type="stmt"/>
      <line num="35" count="6" type="stmt"/>
      <line num="36" count="3" type="stmt"/>
      <line num="37" count="3" type="stmt"/>
      <line num="38" count="3" type="stmt"/>
      <line num="39" count="1" type="stmt"/>
      <line num="40" count="1" type="cond" truecount="1" falsecount="0"/>
      <line num="41" count="2" type="stmt"/>
      <line num="42" count="2" type="stmt"/>
      <line num="43" count="2" type="stmt"/>
      <line num="44" count="2" type="cond" truecount="1" falsecount="0"/>
      <line num="45" count="6" type="stmt"/>
      <line num="46" count="6" type="stmt"/>
      <line num="47" count="2" type="cond" truecount="1" falsecount="0"/>
      <line num="48" count="2" type="stmt"/>
      <line num="49" count="2" type="stmt"/>
      <line num="50" count="2" type="cond" truecount="1" falsecount="0"/>
      <line num="51" count="4" type="stmt"/>
      <line num="52" count="4" type="stmt"/>
      <line num="53" count="2" type="stmt"/>
      <line num="54" count="2" type="stmt"/>
      <line num="55" count="2" type="cond" truecount="1" falsecount="0"/>
      <line num="56" count="19" type="cond" truecount="1" falsecount="0"/>
      <line num="57" count="12" type="stmt"/>
      <line num="58" count="12" type="stmt"/>
      <line num="59" count="19" type="stmt"/>
      <line num="60" count="19" type="cond" truecount="1" falsecount="0"/>
      <line num="61" count="4" type="stmt"/>
      <line num="62" count="4" type="stmt"/>
      <line num="63" count="19" type="stmt"/>
      <line num="64" count="19" type="stmt"/>
      <line num="65" count="2" type="stmt"/>
      <line num="66" count="2" type="stmt"/>
      <line num="67" count="1" type="stmt"/>
      <line num="68" count="1" type="cond" truecount="1" falsecount="0"/>
      <line num="69" count="5" type="cond" truecount="2" falsecount="0"/>
      <line num="70" count="4" type="stmt"/>
      <line num="71" count="4" type="stmt"/>
      <line num="72" count="4" type="stmt"/>
      <line num="73" count="4" type="cond" truecount="1" falsecount="0"/>
      <line num="74" count="20" type="stmt"/>
      <line num="75" count="20" type="stmt"/>
      <line num="76" count="20" type="stmt"/>
      <line num="77" count="20" type="stmt"/>
      <line num="78" count="20" type="stmt"/>
      <line num="79" count="20" type="stmt"/>
      <line num="80" count="20" type="stmt"/>
      <line num="81" count="20" type="stmt"/>
      <line num="82" count="20" type="stmt"/>
      <line num="83" count="20" type="stmt"/>
      <line num="84" count="20" type="cond" truecount="1" falsecount="0"/>
      <line num="85" count="16" type="stmt"/>
      <line num="86" count="16" type="stmt"/>
      <line num="87" count="20" type="stmt"/>
      <line num="88" count="4" type="stmt"/>
      <line num="89" count="4" type="stmt"/>
      <line num="90" count="4" type="stmt"/>
      <line num="91" count="4" type="stmt"/>
      <line num="92" count="4" type="stmt"/>
      <line num="93" count="1" type="stmt"/>
      <line num="94" count="1" type="cond" truecount="1" falsecount="0"/>
      <line num="95" count="6" type="cond" truecount="2" falsecount="0"/>
      <line num="96" count="3" type="stmt"/>
      <line num="97" count="3" type="cond" truecount="1" falsecount="0"/>
      <line num="98" count="9" type="stmt"/>
      <line num="99" count="9" type="stmt"/>
      <line num="100" count="9" type="stmt"/>
      <line num="101" count="9" type="stmt"/>
      <line num="102" count="3" type="stmt"/>
      <line num="103" count="3" type="stmt"/>
      <line num="104" count="3" type="stmt"/>
      <line num="105" count="3" type="stmt"/>
      <line num="106" count="3" type="stmt"/>
      <line num="107" count="6" type="stmt"/>
      <line num="108" count="6" type="stmt"/>
      <line num="109" count="6" type="cond" truecount="1" falsecount="0"/>
      <line num="110" count="3" type="stmt"/>
      <line num="111" count="3" type="stmt"/>
      <line num="112" count="1" type="stmt"/>
      <line num="113" count="1" type="cond" truecount="1" falsecount="0"/>
      <line num="114" count="5" type="cond" truecount="1" falsecount="0"/>
      <line num="115" count="10" type="stmt"/>
      <line num="116" count="10" type="cond" truecount="1" falsecount="0"/>
      <line num="117" count="35" type="stmt"/>
      <line num="118" count="35" type="cond" truecount="2" falsecount="0"/>
      <line num="119" count="35" type="stmt"/>
      <line num="120" count="10" type="stmt"/>
      <line num="121" count="10" type="stmt"/>
      <line num="122" count="5" type="stmt"/>
      <line num="123" count="5" type="stmt"/>
      <line num="124" count="5" type="stmt"/>
      <line num="125" count="1" type="stmt"/>
      <line num="126" count="1" type="cond" truecount="1" falsecount="0"/>
      <line num="127" count="9" type="cond" truecount="2" falsecount="0"/>
      <line num="128" count="7" type="stmt"/>
      <line num="129" count="9" type="cond" truecount="1" falsecount="0"/>
      <line num="130" count="11" type="stmt"/>
      <line num="131" count="11" type="stmt"/>
      <line num="132" count="11" type="stmt"/>
      <line num="133" count="11" type="cond" truecount="1" falsecount="0"/>
      <line num="134" count="180" type="cond" truecount="1" falsecount="0"/>
      <line num="135" count="95" type="stmt"/>
      <line num="136" count="180" type="cond" truecount="1" falsecount="0"/>
      <line num="137" count="85" type="stmt"/>
      <line num="138" count="85" type="stmt"/>
      <line num="139" count="180" type="stmt"/>
      <line num="140" count="11" type="stmt"/>
      <line num="141" count="11" type="stmt"/>
      <line num="142" count="11" type="stmt"/>
      <line num="143" count="11" type="stmt"/>
      <line num="144" count="11" type="cond" truecount="1" falsecount="0"/>
      <line num="145" count="7" type="stmt"/>
      <line num="146" count="7" type="stmt"/>
      <line num="147" count="7" type="stmt"/>
      <line num="148" count="1" type="stmt"/>
      <line num="149" count="1" type="cond" truecount="1" falsecount="0"/>
      <line num="150" count="9" type="cond" truecount="2" falsecount="0"/>
      <line num="151" count="7" type="stmt"/>
      <line num="152" count="7" type="stmt"/>
      <line num="153" count="9" type="cond" truecount="1" falsecount="0"/>
      <line num="154" count="11" type="stmt"/>
      <line num="155" count="11" type="stmt"/>
      <line num="156" count="11" type="stmt"/>
      <line num="157" count="11" type="stmt"/>
      <line num="158" count="11" type="stmt"/>
      <line num="159" count="11" type="cond" truecount="1" falsecount="0"/>
      <line num="160" count="95" type="stmt"/>
      <line num="161" count="95" type="cond" truecount="1" falsecount="0"/>
      <line num="162" count="95" type="stmt"/>
      <line num="163" count="11" type="stmt"/>
      <line num="164" count="11" type="stmt"/>
      <line num="165" count="11" type="cond" truecount="1" falsecount="0"/>
      <line num="166" count="7" type="stmt"/>
      <line num="167" count="7" type="stmt"/>
      <line num="168" count="7" type="stmt"/>
      <line num="169" count="1" type="stmt"/>
      <line num="170" count="1" type="cond" truecount="1" falsecount="0"/>
      <line num="171" count="5" type="cond" truecount="1" falsecount="0"/>
      <line num="172" count="5" type="stmt"/>
      <line num="173" count="1" type="stmt"/>
      <line num="174" count="1" type="cond" truecount="1" falsecount="0"/>
      <line num="175" count="7" type="cond" truecount="1" falsecount="0"/>
      <line num="176" count="515" type="cond" truecount="1" falsecount="0"/>
      <line num="177" count="515" type="stmt"/>
      <line num="178" count="7" type="stmt"/>
      <line num="179" count="7" type="stmt"/>
      <line num="180" count="7" type="cond" truecount="1" falsecount="0"/>
      <line num="181" count="515" type="cond" truecount="1" falsecount="0"/>
      <line num="182" count="25" type="stmt"/>
      <line num="183" count="25" type="stmt"/>
      <line num="184" count="515" type="stmt"/>
      <line num="185" count="7" type="stmt"/>
      <line num="186" count="7" type="stmt"/>
      <line num="187" count="1" type="stmt"/>
      <line num="188" count="1" type="cond" truecount="1" falsecount="0"/>
      <line num="189" count="4" type="cond" truecount="1" falsecount="0"/>
      <line num="190" count="6" type="cond" truecount="1" falsecount="0"/>
      <line num="191" count="6" type="stmt"/>
      <line num="192" count="6" type="stmt"/>
      <line num="193" count="6" type="stmt"/>
      <line num="194" count="6" type="stmt"/>
      <line num="195" count="6" type="cond" truecount="2" falsecount="0"/>
      <line num="196" count="4" type="stmt"/>
      <line num="197" count="4" type="stmt"/>
      <line num="198" count="6" type="stmt"/>
      <line num="199" count="6" type="stmt"/>
      <line num="200" count="6" type="stmt"/>
      <line num="201" count="6" type="stmt"/>
      <line num="202" count="6" type="stmt"/>
      <line num="203" count="6" type="stmt"/>
      <line num="204" count="6" type="cond" truecount="1" falsecount="0"/>
      <line num="205" count="2" type="stmt"/>
      <line num="206" count="1" type="stmt"/>
      <line num="207" count="1" type="cond" truecount="1" falsecount="0"/>
      <line num="208" count="5" type="stmt"/>
      <line num="209" count="5" type="stmt"/>
      <line num="210" count="5" type="cond" truecount="1" falsecount="0"/>
      <line num="211" count="27" type="stmt"/>
      <line num="212" count="27" type="stmt"/>
      <line num="213" count="27" type="stmt"/>
      <line num="214" count="27" type="stmt"/>
      <line num="215" count="27" type="stmt"/>
      <line num="216" count="27" type="stmt"/>
      <line num="217" count="5" type="stmt"/>
      <line num="218" count="5" type="cond" truecount="1" falsecount="0"/>
      <line num="219" count="5" type="stmt"/>
      <line num="220" count="1" type="stmt"/>
      <line num="221" count="1" type="cond" truecount="1" falsecount="0"/>
      <line num="222" count="7" type="stmt"/>
      <line num="223" count="7" type="stmt"/>
      <line num="224" count="7" type="cond" truecount="1" falsecount="0"/>
      <line num="225" count="26" type="stmt"/>
      <line num="226" count="26" type="cond" truecount="1" falsecount="0"/>
      <line num="227" count="26" type="stmt"/>
      <line num="228" count="26" type="stmt"/>
      <line num="229" count="26" type="stmt"/>
      <line num="230" count="26" type="stmt"/>
      <line num="231" count="7" type="stmt"/>
      <line num="232" count="7" type="cond" truecount="1" falsecount="0"/>
      <line num="233" count="26" type="stmt"/>
      <line num="234" count="26" type="stmt"/>
      <line num="235" count="7" type="stmt"/>
      <line num="236" count="7" type="stmt"/>
      <line num="237" count="7" type="stmt"/>
      <line num="238" count="1" type="stmt"/>
      <line num="239" count="1" type="cond" truecount="1" falsecount="0"/>
      <line num="240" count="6" type="cond" truecount="1" falsecount="0"/>
      <line num="241" count="17" type="cond" truecount="1" falsecount="0"/>
      <line num="242" count="17" type="cond" truecount="1" falsecount="0"/>
      <line num="243" count="11" type="stmt"/>
      <line num="244" count="11" type="stmt"/>
      <line num="245" count="17" type="stmt"/>
      <line num="246" count="6" type="stmt"/>
      <line num="247" count="6" type="stmt"/>
      <line num="248" count="6" type="stmt"/>
      <line num="249" count="6" type="stmt"/>
      <line num="250" count="6" type="stmt"/>
      <line num="251" count="6" type="stmt"/>
      <line num="252" count="6" type="stmt"/>
      <line num="253" count="6" type="stmt"/>
      <line num="254" count="6" type="stmt"/>
      <line num="255" count="6" type="stmt"/>
      <line num="256" count="1" type="stmt"/>
      <line num="257" count="1" type="cond" truecount="1" falsecount="0"/>
      <line num="258" count="4" type="cond" truecount="0" falsecount="1"/>
      <line num="259" count="4" type="stmt"/>
      <line num="260" count="4" type="stmt"/>
      <line num="261" count="4" type="cond" truecount="1" falsecount="0"/>
      <line num="262" count="23" type="stmt"/>
      <line num="263" count="23" type="stmt"/>
      <line num="264" count="23" type="stmt"/>
      <line num="265" count="4" type="stmt"/>
      <line num="266" count="4" type="stmt"/>
      <line num="267" count="1" type="stmt"/>
      <line num="268" count="1" type="cond" truecount="1" falsecount="0"/>
      <line num="269" count="2" type="cond" truecount="0" falsecount="1"/>
      <line num="270" count="2" type="stmt"/>
      <line num="271" count="2" type="cond" truecount="1" falsecount="0"/>
      <line num="272" count="2" type="cond" truecount="1" falsecount="0"/>
      <line num="273" count="2" type="stmt"/>
      <line num="274" count="2" type="cond" truecount="1" falsecount="0"/>
      <line num="275" count="2" type="stmt"/>
      <line num="276" count="1" type="stmt"/>
      <line num="277" count="1" type="cond" truecount="1" falsecount="0"/>
      <line num="278" count="3" type="stmt"/>
      <line num="279" count="3" type="stmt"/>
      <line num="280" count="3" type="cond" truecount="1" falsecount="0"/>
      <line num="281" count="9" type="stmt"/>
      <line num="282" count="9" type="cond" truecount="1" falsecount="0"/>
      <line num="283" count="7" type="stmt"/>
      <line num="284" count="7" type="stmt"/>
      <line num="285" count="9" type="stmt"/>
      <line num="286" count="3" type="stmt"/>
      <line num="287" count="3" type="stmt"/>
      <line num="288" count="3" type="stmt"/>
      <line num="289" count="3" type="stmt"/>
      <line num="290" count="3" type="stmt"/>
      <line num="291" count="3" type="stmt"/>
      <line num="292" count="3" type="stmt"/>
      <line num="293" count="3" type="stmt"/>
      <line num="294" count="3" type="stmt"/>
      <line num="295" count="3" type="stmt"/>
      <line num="296" count="1" type="stmt"/>
      <line num="297" count="1" type="cond" truecount="1" falsecount="0"/>
      <line num="298" count="3" type="cond" truecount="1" falsecount="0"/>
      <line num="299" count="3" type="stmt"/>
      <line num="300" count="3" type="cond" truecount="1" falsecount="0"/>
      <line num="301" count="16" type="stmt"/>
      <line num="302" count="16" type="cond" truecount="1" falsecount="0"/>
      <line num="303" count="32" type="stmt"/>
      <line num="304" count="32" type="stmt"/>
      <line num="305" count="16" type="stmt"/>
      <line num="306" count="16" type="stmt"/>
      <line num="307" count="3" type="stmt"/>
      <line num="308" count="3" type="stmt"/>
      <line num="309" count="3" type="stmt"/>
      <line num="310" count="3" type="cond" truecount="1" falsecount="0"/>
      <line num="311" count="3" type="cond" truecount="1" falsecount="0"/>
      <line num="312" count="3" type="stmt"/>
      <line num="313" count="3" type="stmt"/>
      <line num="314" count="3" type="stmt"/>
      <line num="315" count="3" type="cond" truecount="0" falsecount="1"/>
      <line num="316" count="3" type="stmt"/>
      <line num="317" count="3" type="stmt"/>
      <line num="318" count="3" type="stmt"/>
      <line num="319" count="3" type="stmt"/>
      <line num="320" count="1" type="stmt"/>
      <line num="321" count="1" type="cond" truecount="1" falsecount="0"/>
      <line num="322" count="6" type="cond" truecount="1" falsecount="0"/>
      <line num="323" count="6" type="cond" truecount="2" falsecount="0"/>
      <line num="324" count="6" type="cond" truecount="1" falsecount="1"/>
      <line num="325" count="2" type="stmt"/>
      <line num="326" count="2" type="stmt"/>
      <line num="327" count="2" type="stmt"/>
      <line num="328" count="6" type="cond" truecount="1" falsecount="0"/>
      <line num="329" count="4" type="cond" truecount="1" falsecount="0"/>
      <line num="330" count="4" type="cond" truecount="1" falsecount="0"/>
      <line num="331" count="1" type="stmt"/>
      <line num="332" count="1" type="stmt"/>
      <line num="333" count="1" type="stmt"/>
      <line num="334" count="1" type="stmt"/>
      <line num="335" count="1" type="cond" truecount="1" falsecount="0"/>
      <line num="336" count="3" type="stmt"/>
      <line num="337" count="3" type="stmt"/>
      <line num="338" count="3" type="stmt"/>
      <line num="339" count="3" type="cond" truecount="1" falsecount="0"/>
      <line num="340" count="12" type="cond" truecount="2" falsecount="0"/>
      <line num="341" count="4" type="stmt"/>
      <line num="342" count="12" type="cond" truecount="1" falsecount="0"/>
      <line num="343" count="8" type="stmt"/>
      <line num="344" count="8" type="stmt"/>
      <line num="345" count="12" type="stmt"/>
      <line num="346" count="3" type="stmt"/>
      <line num="347" count="3" type="stmt"/>
      <line num="348" count="3" type="stmt"/>
      <line num="349" count="1" type="stmt"/>
      <line num="350" count="1" type="cond" truecount="1" falsecount="0"/>
      <line num="351" count="3" type="cond" truecount="1" falsecount="0"/>
      <line num="352" count="3" type="stmt"/>
      <line num="353" count="3" type="stmt"/>
      <line num="354" count="3" type="stmt"/>
      <line num="355" count="3" type="stmt"/>
      <line num="356" count="1" type="stmt"/>
      <line num="357" count="1" type="cond" truecount="1" falsecount="0"/>
      <line num="358" count="4" type="cond" truecount="1" falsecount="0"/>
      <line num="359" count="14" type="cond" truecount="1" falsecount="0"/>
      <line num="360" count="7" type="stmt"/>
      <line num="361" count="4" type="stmt"/>
      <line num="362" count="4" type="stmt"/>
      <line num="363" count="1" type="stmt"/>
      <line num="364" count="1" type="cond" truecount="1" falsecount="0"/>
      <line num="365" count="3" type="cond" truecount="1" falsecount="0"/>
      <line num="366" count="20" type="cond" truecount="1" falsecount="0"/>
      <line num="367" count="20" type="cond" truecount="1" falsecount="0"/>
      <line num="368" count="20" type="stmt"/>
      <line num="369" count="3" type="stmt"/>
      <line num="370" count="3" type="stmt"/>
      <line num="371" count="1" type="stmt"/>
      <line num="372" count="1" type="cond" truecount="1" falsecount="0"/>
      <line num="373" count="3" type="stmt"/>
      <line num="374" count="3" type="stmt"/>
      <line num="375" count="3" type="stmt"/>
      <line num="376" count="3" type="stmt"/>
      <line num="377" count="3" type="stmt"/>
      <line num="378" count="3" type="stmt"/>
      <line num="379" count="3" type="stmt"/>
      <line num="380" count="3" type="stmt"/>
      <line num="381" count="3" type="stmt"/>
      <line num="382" count="3" type="stmt"/>
      <line num="383" count="3" type="stmt"/>
      <line num="384" count="3" type="stmt"/>
      <line num="385" count="3" type="cond" truecount="1" falsecount="0"/>
      <line num="386" count="6" type="stmt"/>
      <line num="387" count="6" type="cond" truecount="1" falsecount="0"/>
      <line num="388" count="14" type="stmt"/>
      <line num="389" count="14" type="stmt"/>
      <line num="390" count="6" type="stmt"/>
      <line num="391" count="6" type="stmt"/>
      <line num="392" count="3" type="stmt"/>
      <line num="393" count="3" type="stmt"/>
      <line num="394" count="3" type="cond" truecount="1" falsecount="0"/>
      <line num="395" count="6" type="stmt"/>
      <line num="396" count="6" type="stmt"/>
      <line num="397" count="6" type="stmt"/>
      <line num="398" count="6" type="stmt"/>
      <line num="399" count="6" type="stmt"/>
      <line num="400" count="6" type="stmt"/>
      <line num="401" count="3" type="stmt"/>
      <line num="402" count="3" type="stmt"/>
      <line num="403" count="1" type="stmt"/>
      <line num="404" count="1" type="cond" truecount="1" falsecount="0"/>
      <line num="405" count="3" type="cond" truecount="1" falsecount="0"/>
      <line num="406" count="5" type="stmt"/>
      <line num="407" count="5" type="stmt"/>
      <line num="408" count="5" type="stmt"/>
      <line num="409" count="5" type="cond" truecount="1" falsecount="0"/>
      <line num="410" count="2" type="stmt"/>
      <line num="411" count="2" type="stmt"/>
      <line num="412" count="5" type="cond" truecount="1" falsecount="0"/>
      <line num="413" count="1" type="stmt"/>
      <line num="414" count="1" type="stmt"/>
      <line num="415" count="1" type="stmt"/>
      <line num="416" count="1" type="stmt"/>
      <line num="417" count="1" type="cond" truecount="1" falsecount="0"/>
      <line num="418" count="3" type="cond" truecount="2" falsecount="0"/>
      <line num="419" count="3" type="cond" truecount="3" falsecount="0"/>
      <line num="420" count="3" type="stmt"/>
      <line num="421" count="1" type="stmt"/>
      <line num="422" count="1" type="cond" truecount="1" falsecount="0"/>
      <line num="423" count="2" type="cond" truecount="1" falsecount="0"/>
      <line num="424" count="11" type="cond" truecount="1" falsecount="0"/>
      <line num="425" count="11" type="stmt"/>
      <line num="426" count="11" type="stmt"/>
      <line num="427" count="2" type="stmt"/>
      <line num="428" count="2" type="stmt"/>
      <line num="429" count="2" type="cond" truecount="1" falsecount="0"/>
      <line num="430" count="2" type="stmt"/>
      <line num="431" count="2" type="stmt"/>
      <line num="432" count="2" type="stmt"/>
      <line num="433" count="2" type="stmt"/>
      <line num="434" count="2" type="stmt"/>
      <line num="435" count="1" type="stmt"/>
      <line num="436" count="1" type="cond" truecount="1" falsecount="0"/>
      <line num="437" count="3" type="stmt"/>
      <line num="438" count="3" type="stmt"/>
      <line num="439" count="3" type="cond" truecount="1" falsecount="0"/>
      <line num="440" count="7" type="stmt"/>
      <line num="441" count="7" type="cond" truecount="1" falsecount="0"/>
      <line num="442" count="7" type="stmt"/>
      <line num="443" count="7" type="stmt"/>
      <line num="444" count="3" type="stmt"/>
      <line num="445" count="3" type="stmt"/>
      <line num="446" count="3" type="stmt"/>
      <line num="447" count="1" type="stmt"/>
      <line num="448" count="1" type="cond" truecount="1" falsecount="0"/>
      <line num="449" count="4" type="cond" truecount="2" falsecount="0"/>
      <line num="450" count="4" type="stmt"/>
      <line num="451" count="4" type="cond" truecount="1" falsecount="0"/>
      <line num="452" count="16" type="stmt"/>
      <line num="453" count="16" type="stmt"/>
      <line num="454" count="16" type="stmt"/>
      <line num="455" count="16" type="cond" truecount="1" falsecount="0"/>
      <line num="456" count="16" type="cond" truecount="1" falsecount="0"/>
      <line num="457" count="1" type="stmt"/>
      <line num="458" count="1" type="stmt"/>
      <line num="459" count="1" type="stmt"/>
      <line num="460" count="1" type="stmt"/>
      <line num="461" count="1" type="stmt"/>
      <line num="462" count="1" type="stmt"/>
      <line num="463" count="1" type="stmt"/>
      <line num="464" count="1" type="stmt"/>
      <line num="465" count="1" type="stmt"/>
      <line num="466" count="1" type="stmt"/>
      <line num="467" count="1" type="stmt"/>
      <line num="468" count="1" type="cond" truecount="1" falsecount="0"/>
      <line num="469" count="3" type="cond" truecount="1" falsecount="0"/>
      <line num="470" count="3" type="cond" truecount="2" falsecount="0"/>
      <line num="471" count="3" type="stmt"/>
      <line num="472" count="1" type="stmt"/>
      <line num="473" count="1" type="cond" truecount="1" falsecount="0"/>
      <line num="474" count="3" type="cond" truecount="1" falsecount="0"/>
      <line num="475" count="3" type="cond" truecount="1" falsecount="0"/>
      <line num="476" count="3" type="stmt"/>
      <line num="477" count="3" type="stmt"/>
      <line num="478" count="3" type="stmt"/>
      <line num="479" count="3" type="stmt"/>
      <line num="480" count="3" type="stmt"/>
      <line num="481" count="3" type="stmt"/>
      <line num="482" count="1" type="stmt"/>
      <line num="483" count="1" type="cond" truecount="1" falsecount="0"/>
      <line num="484" count="1" type="cond" truecount="1" falsecount="0"/>
      <line num="485" count="15" type="cond" truecount="1" falsecount="0"/>
      <line num="486" count="6" type="stmt"/>
      <line num="487" count="6" type="stmt"/>
      <line num="488" count="15" type="stmt"/>
      <line num="489" count="1" type="stmt"/>
      <line num="490" count="1" type="stmt"/>
      <line num="491" count="1" type="stmt"/>
      <line num="492" count="1" type="stmt"/>
      <line num="493" count="1" type="stmt"/>
      <line num="494" count="1" type="stmt"/>
      <line num="495" count="1" type="cond" truecount="1" falsecount="0"/>
      <line num="496" count="11" type="cond" truecount="2" falsecount="0"/>
      <line num="497" count="8" type="stmt"/>
      <line num="498" count="11" type="cond" truecount="1" falsecount="0"/>
      <line num="499" count="76" type="stmt"/>
      <line num="500" count="76" type="stmt"/>
      <line num="501" count="76" type="cond" truecount="1" falsecount="0"/>
      <line num="502" count="8" type="stmt"/>
      <line num="503" count="8" type="stmt"/>
      <line num="504" count="8" type="stmt"/>
      <line num="505" count="8" type="stmt"/>
      <line num="506" count="8" type="stmt"/>
      <line num="507" count="8" type="stmt"/>
      <line num="508" count="8" type="stmt"/>
      <line num="509" count="8" type="stmt"/>
      <line num="510" count="8" type="stmt"/>
      <line num="511" count="8" type="stmt"/>
      <line num="512" count="1" type="stmt"/>
      <line num="513" count="1" type="cond" truecount="1" falsecount="0"/>
      <line num="514" count="4" type="stmt"/>
      <line num="515" count="4" type="stmt"/>
      <line num="516" count="4" type="cond" truecount="1" falsecount="0"/>
      <line num="517" count="20" type="cond" truecount="1" falsecount="0"/>
      <line num="518" count="20" type="cond" truecount="1" falsecount="0"/>
      <line num="519" count="20" type="stmt"/>
      <line num="520" count="4" type="stmt"/>
      <line num="521" count="4" type="stmt"/>
      <line num="522" count="4" type="stmt"/>
      <line num="523" count="1" type="stmt"/>
      <line num="524" count="1" type="cond" truecount="1" falsecount="0"/>
      <line num="525" count="3" type="cond" truecount="1" falsecount="0"/>
      <line num="526" count="8" type="stmt"/>
      <line num="527" count="3" type="stmt"/>
      <line num="528" count="3" type="stmt"/>
      <line num="529" count="3" type="stmt"/>
      <line num="530" count="1" type="stmt"/>
      <line num="531" count="1" type="cond" truecount="1" falsecount="0"/>
      <line num="532" count="4" type="cond" truecount="1" falsecount="0"/>
      <line num="533" count="4" type="stmt"/>
      <line num="534" count="1" type="stmt"/>
      <line num="535" count="1" type="cond" truecount="1" falsecount="0"/>
      <line num="536" count="4" type="stmt"/>
      <line num="537" count="4" type="stmt"/>
      <line num="538" count="4" type="cond" truecount="1" falsecount="0"/>
      <line num="539" count="13" type="cond" truecount="1" falsecount="0"/>
      <line num="540" count="13" type="stmt"/>
      <line num="541" count="13" type="cond" truecount="1" falsecount="0"/>
      <line num="542" count="9" type="stmt"/>
      <line num="543" count="9" type="stmt"/>
      <line num="544" count="13" type="cond" truecount="1" falsecount="0"/>
      <line num="545" count="4" type="stmt"/>
      <line num="546" count="4" type="stmt"/>
      <line num="547" count="13" type="stmt"/>
      <line num="548" count="4" type="stmt"/>
      <line num="549" count="4" type="stmt"/>
      <line num="550" count="4" type="stmt"/>
      <line num="551" count="4" type="stmt"/>
      <line num="552" count="4" type="stmt"/>
      <line num="553" count="4" type="stmt"/>
      <line num="554" count="4" type="stmt"/>
      <line num="555" count="4" type="stmt"/>
      <line num="556" count="4" type="stmt"/>
      <line num="557" count="4" type="stmt"/>
      <line num="558" count="4" type="stmt"/>
      <line num="559" count="1" type="stmt"/>
      <line num="560" count="1" type="cond" truecount="1" falsecount="0"/>
      <line num="561" count="3" type="cond" truecount="1" falsecount="0"/>
      <line num="562" count="3" type="cond" truecount="1" falsecount="0"/>
      <line num="563" count="3" type="stmt"/>
      <line num="564" count="1" type="stmt"/>
      <line num="565" count="1" type="cond" truecount="1" falsecount="0"/>
      <line num="566" count="4" type="stmt"/>
      <line num="567" count="4" type="cond" truecount="1" falsecount="0"/>
      <line num="568" count="4" type="stmt"/>
      <line num="569" count="4" type="cond" truecount="2" falsecount="0"/>
      <line num="570" count="4" type="stmt"/>
      <line num="571" count="4" type="stmt"/>
      <line num="572" count="4" type="stmt"/>
      <line num="573" count="1" type="stmt"/>
      <line num="574" count="1" type="cond" truecount="1" falsecount="0"/>
      <line num="575" count="5" type="cond" truecount="1" falsecount="0"/>
      <line num="576" count="5" type="cond" truecount="1" falsecount="0"/>
      <line num="577" count="5" type="cond" truecount="2" falsecount="0"/>
      <line num="578" count="5" type="stmt"/>
      <line num="579" count="1" type="stmt"/>
      <line num="580" count="1" type="cond" truecount="1" falsecount="0"/>
      <line num="581" count="4" type="cond" truecount="1" falsecount="0"/>
      <line num="582" count="4" type="stmt"/>
      <line num="583" count="1" type="stmt"/>
      <line num="584" count="1" type="cond" truecount="1" falsecount="0"/>
      <line num="585" count="2" type="cond" truecount="1" falsecount="0"/>
      <line num="586" count="3" type="cond" truecount="1" falsecount="0"/>
      <line num="587" count="3" type="cond" truecount="1" falsecount="0"/>
      <line num="588" count="3" type="stmt"/>
      <line num="589" count="2" type="stmt"/>
      <line num="590" count="2" type="cond" truecount="1" falsecount="0"/>
      <line num="591" count="3" type="stmt"/>
      <line num="592" count="3" type="stmt"/>
      <line num="593" count="2" type="stmt"/>
      <line num="594" count="2" type="stmt"/>
      <line num="595" count="1" type="stmt"/>
      <line num="596" count="1" type="cond" truecount="1" falsecount="0"/>
      <line num="597" count="4" type="stmt"/>
      <line num="598" count="4" type="stmt"/>
      <line num="599" count="4" type="cond" truecount="1" falsecount="0"/>
      <line num="600" count="30" type="cond" truecount="1" falsecount="0"/>
      <line num="601" count="14" type="stmt"/>
      <line num="602" count="14" type="stmt"/>
      <line num="603" count="30" type="stmt"/>
      <line num="604" count="30" type="stmt"/>
      <line num="605" count="4" type="stmt"/>
      <line num="606" count="4" type="cond" truecount="1" falsecount="0"/>
      <line num="607" count="4" type="stmt"/>
      <line num="608" count="4" type="stmt"/>
      <line num="609" count="1" type="stmt"/>
      <line num="610" count="1" type="cond" truecount="1" falsecount="0"/>
      <line num="611" count="5" type="stmt"/>
      <line num="612" count="5" type="stmt"/>
      <line num="613" count="5" type="stmt"/>
      <line num="614" count="5" type="cond" truecount="1" falsecount="0"/>
      <line num="615" count="1" type="stmt"/>
      <line num="616" count="5" type="cond" truecount="1" falsecount="0"/>
      <line num="617" count="1" type="stmt"/>
      <line num="618" count="5" type="cond" truecount="1" falsecount="0"/>
      <line num="619" count="1" type="stmt"/>
      <line num="620" count="5" type="cond" truecount="1" falsecount="0"/>
      <line num="621" count="1" type="stmt"/>
      <line num="622" count="5" type="cond" truecount="1" falsecount="0"/>
      <line num="623" count="1" type="stmt"/>
      <line num="624" count="5" type="stmt"/>
      <line num="625" count="5" type="stmt"/>
      <line num="626" count="1" type="stmt"/>
      <line num="627" count="1" type="cond" truecount="1" falsecount="0"/>
      <line num="628" count="7" type="cond" truecount="1" falsecount="0"/>
      <line num="629" count="9" type="stmt"/>
      <line num="630" count="9" type="stmt"/>
      <line num="631" count="7" type="cond" truecount="1" falsecount="0"/>
      <line num="632" count="7" type="stmt"/>
      <line num="633" count="1" type="stmt"/>
      <line num="634" count="1" type="cond" truecount="1" falsecount="0"/>
      <line num="635" count="3" type="stmt"/>
      <line num="636" count="3" type="cond" truecount="1" falsecount="0"/>
      <line num="637" count="30" type="cond" truecount="2" falsecount="0"/>
      <line num="638" count="14" type="stmt"/>
      <line num="639" count="14" type="stmt"/>
      <line num="640" count="30" type="stmt"/>
      <line num="641" count="3" type="cond" truecount="1" falsecount="0"/>
      <line num="642" count="3" type="stmt"/>
      <line num="643" count="1" type="stmt"/>
      <line num="644" count="1" type="cond" truecount="1" falsecount="0"/>
      <line num="645" count="4" type="cond" truecount="1" falsecount="0"/>
      <line num="646" count="4" type="stmt"/>
      <line num="647" count="4" type="stmt"/>
      <line num="648" count="4" type="cond" truecount="1" falsecount="0"/>
      <line num="649" count="41" type="cond" truecount="1" falsecount="0"/>
      <line num="650" count="27" type="stmt"/>
      <line num="651" count="27" type="stmt"/>
      <line num="652" count="27" type="cond" truecount="1" falsecount="0"/>
      <line num="653" count="14" type="stmt"/>
      <line num="654" count="14" type="stmt"/>
      <line num="655" count="4" type="stmt"/>
      <line num="656" count="4" type="cond" truecount="1" falsecount="0"/>
      <line num="657" count="4" type="stmt"/>
      <line num="658" count="4" type="stmt"/>
      <line num="659" count="4" type="stmt"/>
      <line num="660" count="4" type="stmt"/>
      <line num="661" count="4" type="stmt"/>
      <line num="662" count="4" type="stmt"/>
      <line num="663" count="1" type="stmt"/>
      <line num="664" count="1" type="cond" truecount="1" falsecount="0"/>
      <line num="665" count="1" type="stmt"/>
      <line num="666" count="1" type="stmt"/>
      <line num="667" count="1" type="stmt"/>
      <line num="668" count="1" type="cond" truecount="1" falsecount="0"/>
      <line num="669" count="11" type="cond" truecount="1" falsecount="0"/>
      <line num="670" count="5" type="stmt"/>
      <line num="671" count="5" type="stmt"/>
      <line num="672" count="11" type="stmt"/>
      <line num="673" count="1" type="stmt"/>
      <line num="674" count="1" type="stmt"/>
      <line num="675" count="1" type="stmt"/>
      <line num="676" count="1" type="stmt"/>
      <line num="677" count="1" type="cond" truecount="1" falsecount="0"/>
      <line num="678" count="2" type="stmt"/>
      <line num="679" count="2" type="stmt"/>
      <line num="680" count="2" type="stmt"/>
      <line num="681" count="1" type="stmt"/>
      <line num="682" count="1" type="cond" truecount="1" falsecount="0"/>
      <line num="683" count="2" type="stmt"/>
      <line num="684" count="2" type="stmt"/>
      <line num="685" count="2" type="stmt"/>
      <line num="686" count="2" type="cond" truecount="1" falsecount="0"/>
      <line num="687" count="36" type="cond" truecount="1" falsecount="0"/>
      <line num="688" count="8" type="stmt"/>
      <line num="689" count="8" type="stmt"/>
      <line num="690" count="36" type="stmt"/>
      <line num="691" count="36" type="stmt"/>
      <line num="692" count="36" type="stmt"/>
      <line num="693" count="36" type="stmt"/>
      <line num="694" count="36" type="stmt"/>
      <line num="695" count="36" type="stmt"/>
      <line num="696" count="2" type="stmt"/>
      <line num="697" count="2" type="stmt"/>
      <line num="698" count="2" type="stmt"/>
      <line num="699" count="1" type="stmt"/>
      <line num="700" count="1" type="cond" truecount="1" falsecount="0"/>
      <line num="701" count="4" type="cond" truecount="2" falsecount="0"/>
      <line num="702" count="4" type="cond" truecount="2" falsecount="0"/>
      <line num="703" count="2" type="stmt"/>
      <line num="704" count="2" type="stmt"/>
      <line num="705" count="1" type="stmt"/>
      <line num="706" count="1" type="cond" truecount="1" falsecount="0"/>
      <line num="707" count="4" type="stmt"/>
      <line num="708" count="4" type="stmt"/>
      <line num="709" count="1" type="stmt"/>
      <line num="710" count="1" type="cond" truecount="1" falsecount="0"/>
      <line num="711" count="3" type="stmt"/>
      <line num="712" count="3" type="stmt"/>
      <line num="713" count="3" type="cond" truecount="1" falsecount="0"/>
      <line num="714" count="3" type="stmt"/>
      <line num="715" count="3" type="stmt"/>
      <line num="716" count="1" type="stmt"/>
      <line num="717" count="1" type="cond" truecount="1" falsecount="0"/>
      <line num="718" count="8" type="cond" truecount="1" falsecount="0"/>
      <line num="719" count="8" type="stmt"/>
      <line num="720" count="1" type="stmt"/>
      <line num="721" count="1" type="cond" truecount="1" falsecount="0"/>
      <line num="722" count="8" type="stmt"/>
      <line num="723" count="8" type="stmt"/>
      <line num="724" count="8" type="stmt"/>
      <line num="725" count="1" type="stmt"/>
      <line num="726" count="1" type="cond" truecount="1" falsecount="0"/>
      <line num="727" count="3" type="stmt"/>
      <line num="728" count="3" type="cond" truecount="1" falsecount="0"/>
      <line num="729" count="3" type="stmt"/>
      <line num="730" count="3" type="stmt"/>
      <line num="731" count="1" type="stmt"/>
      <line num="732" count="1" type="cond" truecount="1" falsecount="0"/>
      <line num="733" count="2" type="cond" truecount="1" falsecount="0"/>
      <line num="734" count="1" type="stmt"/>
      <line num="735" count="1" type="stmt"/>
      <line num="736" count="1" type="stmt"/>
      <line num="737" count="1" type="stmt"/>
      <line num="738" count="1" type="stmt"/>
      <line num="739" count="1" type="stmt"/>
      <line num="740" count="2" type="stmt"/>
      <line num="741" count="1" type="stmt"/>
      <line num="742" count="1" type="cond" truecount="1" falsecount="0"/>
      <line num="743" count="4" type="stmt"/>
      <line num="744" count="4" type="stmt"/>
      <line num="745" count="4" type="cond" truecount="1" falsecount="0"/>
      <line num="746" count="4" type="stmt"/>
      <line num="747" count="4" type="stmt"/>
      <line num="748" count="1" type="stmt"/>
      <line num="749" count="1" type="cond" truecount="1" falsecount="0"/>
      <line num="750" count="4" type="cond" truecount="1" falsecount="0"/>
      <line num="751" count="10" type="stmt"/>
      <line num="752" count="10" type="stmt"/>
      <line num="753" count="4" type="stmt"/>
      <line num="754" count="4" type="stmt"/>
      <line num="755" count="4" type="stmt"/>
      <line num="756" count="1" type="stmt"/>
      <line num="757" count="1" type="cond" truecount="1" falsecount="0"/>
      <line num="758" count="5" type="stmt"/>
      <line num="759" count="5" type="stmt"/>
      <line num="760" count="1" type="stmt"/>
      <line num="761" count="1" type="cond" truecount="1" falsecount="0"/>
      <line num="762" count="3" type="cond" truecount="1" falsecount="0"/>
      <line num="763" count="3" type="stmt"/>
      <line num="764" count="1" type="stmt"/>
      <line num="765" count="1" type="cond" truecount="1" falsecount="0"/>
      <line num="766" count="6" type="stmt"/>
      <line num="767" count="6" type="stmt"/>
      <line num="768" count="6" type="cond" truecount="1" falsecount="0"/>
      <line num="769" count="6" type="stmt"/>
      <line num="770" count="6" type="stmt"/>
      <line num="771" count="1" type="stmt"/>
      <line num="772" count="1" type="cond" truecount="1" falsecount="0"/>
      <line num="773" count="1" type="stmt"/>
      <line num="774" count="1" type="stmt"/>
      <line num="775" count="1" type="stmt"/>
      <line num="776" count="1" type="cond" truecount="1" falsecount="0"/>
      <line num="777" count="2" type="stmt"/>
      <line num="778" count="2" type="cond" truecount="1" falsecount="0"/>
      <line num="779" count="9" type="stmt"/>
      <line num="780" count="9" type="stmt"/>
      <line num="781" count="2" type="stmt"/>
      <line num="782" count="2" type="stmt"/>
      <line num="783" count="1" type="stmt"/>
      <line num="784" count="1" type="cond" truecount="1" falsecount="0"/>
      <line num="785" count="4" type="stmt"/>
      <line num="786" count="4" type="cond" truecount="1" falsecount="0"/>
      <line num="787" count="4" type="stmt"/>
      <line num="788" count="1" type="stmt"/>
      <line num="789" count="1" type="cond" truecount="1" falsecount="0"/>
      <line num="790" count="1" type="stmt"/>
      <line num="791" count="1" type="cond" truecount="1" falsecount="0"/>
      <line num="792" count="5" type="stmt"/>
      <line num="793" count="5" type="stmt"/>
      <line num="794" count="1" type="stmt"/>
      <line num="795" count="1" type="stmt"/>
      <line num="796" count="1" type="stmt"/>
      <line num="797" count="1" type="cond" truecount="1" falsecount="0"/>
      <line num="798" count="3" type="cond" truecount="2" falsecount="0"/>
      <line num="799" count="3" type="stmt"/>
    </file>
  </project>
</coverage>
