<?xml version="1.0" encoding="UTF-8"?>
<coverage generated="1723158967712" clover="3.2.0">
  <project timestamp="1723158967712" name="All files">
    <metrics statements="465" coveredstatements="465" conditionals="153" coveredconditionals="153" methods="53" coveredmethods="53" elements="671" coveredelements="671" complexity="0" loc="465" ncloc="465" packages="1" files="1" classes="1"/>
    <file name="main.ts" path="/Users/kenge/Documents/code/playground/codewars/main.ts">
      <metrics statements="465" coveredstatements="465" conditionals="153" coveredconditionals="153" methods="53" coveredmethods="53"/>
      <line num="1" count="1" type="cond" truecount="1" falsecount="0"/>
      <line num="2" count="3" type="stmt"/>
      <line num="3" count="3" type="stmt"/>
      <line num="4" count="3" type="stmt"/>
      <line num="5" count="3" type="cond" truecount="1" falsecount="0"/>
      <line num="6" count="12" type="cond" truecount="2" falsecount="0"/>
      <line num="7" count="4" type="stmt"/>
      <line num="8" count="12" type="cond" truecount="1" falsecount="0"/>
      <line num="9" count="8" type="stmt"/>
      <line num="10" count="8" type="stmt"/>
      <line num="11" count="12" type="stmt"/>
      <line num="12" count="3" type="stmt"/>
      <line num="13" count="3" type="stmt"/>
      <line num="14" count="3" type="stmt"/>
      <line num="15" count="1" type="stmt"/>
      <line num="16" count="1" type="cond" truecount="1" falsecount="0"/>
      <line num="17" count="3" type="cond" truecount="1" falsecount="0"/>
      <line num="18" count="3" type="stmt"/>
      <line num="19" count="3" type="stmt"/>
      <line num="20" count="3" type="stmt"/>
      <line num="21" count="3" type="stmt"/>
      <line num="22" count="1" type="stmt"/>
      <line num="23" count="1" type="cond" truecount="1" falsecount="0"/>
      <line num="24" count="4" type="cond" truecount="1" falsecount="0"/>
      <line num="25" count="14" type="cond" truecount="1" falsecount="0"/>
      <line num="26" count="7" type="stmt"/>
      <line num="27" count="4" type="stmt"/>
      <line num="28" count="4" type="stmt"/>
      <line num="29" count="1" type="stmt"/>
      <line num="30" count="1" type="cond" truecount="1" falsecount="0"/>
      <line num="31" count="3" type="cond" truecount="1" falsecount="0"/>
      <line num="32" count="20" type="cond" truecount="1" falsecount="0"/>
      <line num="33" count="20" type="cond" truecount="1" falsecount="0"/>
      <line num="34" count="20" type="stmt"/>
      <line num="35" count="3" type="stmt"/>
      <line num="36" count="3" type="stmt"/>
      <line num="37" count="1" type="stmt"/>
      <line num="38" count="1" type="cond" truecount="1" falsecount="0"/>
      <line num="39" count="3" type="stmt"/>
      <line num="40" count="3" type="stmt"/>
      <line num="41" count="3" type="stmt"/>
      <line num="42" count="3" type="stmt"/>
      <line num="43" count="3" type="stmt"/>
      <line num="44" count="3" type="stmt"/>
      <line num="45" count="3" type="stmt"/>
      <line num="46" count="3" type="stmt"/>
      <line num="47" count="3" type="stmt"/>
      <line num="48" count="3" type="stmt"/>
      <line num="49" count="3" type="stmt"/>
      <line num="50" count="3" type="stmt"/>
      <line num="51" count="3" type="cond" truecount="1" falsecount="0"/>
      <line num="52" count="6" type="stmt"/>
      <line num="53" count="6" type="cond" truecount="1" falsecount="0"/>
      <line num="54" count="14" type="stmt"/>
      <line num="55" count="14" type="stmt"/>
      <line num="56" count="6" type="stmt"/>
      <line num="57" count="6" type="stmt"/>
      <line num="58" count="3" type="stmt"/>
      <line num="59" count="3" type="stmt"/>
      <line num="60" count="3" type="cond" truecount="1" falsecount="0"/>
      <line num="61" count="6" type="stmt"/>
      <line num="62" count="6" type="stmt"/>
      <line num="63" count="6" type="stmt"/>
      <line num="64" count="6" type="stmt"/>
      <line num="65" count="6" type="stmt"/>
      <line num="66" count="6" type="stmt"/>
      <line num="67" count="3" type="stmt"/>
      <line num="68" count="3" type="stmt"/>
      <line num="69" count="1" type="stmt"/>
      <line num="70" count="1" type="cond" truecount="1" falsecount="0"/>
      <line num="71" count="3" type="cond" truecount="1" falsecount="0"/>
      <line num="72" count="5" type="stmt"/>
      <line num="73" count="5" type="stmt"/>
      <line num="74" count="5" type="stmt"/>
      <line num="75" count="5" type="cond" truecount="1" falsecount="0"/>
      <line num="76" count="2" type="stmt"/>
      <line num="77" count="2" type="stmt"/>
      <line num="78" count="5" type="cond" truecount="1" falsecount="0"/>
      <line num="79" count="1" type="stmt"/>
      <line num="80" count="1" type="stmt"/>
      <line num="81" count="1" type="stmt"/>
      <line num="82" count="1" type="stmt"/>
      <line num="83" count="1" type="cond" truecount="1" falsecount="0"/>
      <line num="84" count="3" type="cond" truecount="2" falsecount="0"/>
      <line num="85" count="3" type="cond" truecount="3" falsecount="0"/>
      <line num="86" count="3" type="stmt"/>
      <line num="87" count="1" type="stmt"/>
      <line num="88" count="1" type="cond" truecount="1" falsecount="0"/>
      <line num="89" count="2" type="cond" truecount="1" falsecount="0"/>
      <line num="90" count="11" type="cond" truecount="1" falsecount="0"/>
      <line num="91" count="11" type="stmt"/>
      <line num="92" count="11" type="stmt"/>
      <line num="93" count="2" type="stmt"/>
      <line num="94" count="2" type="stmt"/>
      <line num="95" count="2" type="cond" truecount="1" falsecount="0"/>
      <line num="96" count="2" type="stmt"/>
      <line num="97" count="2" type="stmt"/>
      <line num="98" count="2" type="stmt"/>
      <line num="99" count="2" type="stmt"/>
      <line num="100" count="2" type="stmt"/>
      <line num="101" count="1" type="stmt"/>
      <line num="102" count="1" type="cond" truecount="1" falsecount="0"/>
      <line num="103" count="3" type="stmt"/>
      <line num="104" count="3" type="stmt"/>
      <line num="105" count="3" type="cond" truecount="1" falsecount="0"/>
      <line num="106" count="7" type="stmt"/>
      <line num="107" count="7" type="cond" truecount="1" falsecount="0"/>
      <line num="108" count="7" type="stmt"/>
      <line num="109" count="7" type="stmt"/>
      <line num="110" count="3" type="stmt"/>
      <line num="111" count="3" type="stmt"/>
      <line num="112" count="3" type="stmt"/>
      <line num="113" count="1" type="stmt"/>
      <line num="114" count="1" type="cond" truecount="1" falsecount="0"/>
      <line num="115" count="4" type="cond" truecount="2" falsecount="0"/>
      <line num="116" count="4" type="stmt"/>
      <line num="117" count="4" type="cond" truecount="1" falsecount="0"/>
      <line num="118" count="16" type="stmt"/>
      <line num="119" count="16" type="stmt"/>
      <line num="120" count="16" type="stmt"/>
      <line num="121" count="16" type="cond" truecount="1" falsecount="0"/>
      <line num="122" count="16" type="cond" truecount="1" falsecount="0"/>
      <line num="123" count="1" type="stmt"/>
      <line num="124" count="1" type="stmt"/>
      <line num="125" count="1" type="stmt"/>
      <line num="126" count="1" type="stmt"/>
      <line num="127" count="1" type="stmt"/>
      <line num="128" count="1" type="stmt"/>
      <line num="129" count="1" type="stmt"/>
      <line num="130" count="1" type="stmt"/>
      <line num="131" count="1" type="stmt"/>
      <line num="132" count="1" type="stmt"/>
      <line num="133" count="1" type="stmt"/>
      <line num="134" count="1" type="cond" truecount="1" falsecount="0"/>
      <line num="135" count="3" type="cond" truecount="1" falsecount="0"/>
      <line num="136" count="3" type="cond" truecount="2" falsecount="0"/>
      <line num="137" count="3" type="stmt"/>
      <line num="138" count="1" type="stmt"/>
      <line num="139" count="1" type="cond" truecount="1" falsecount="0"/>
      <line num="140" count="3" type="cond" truecount="1" falsecount="0"/>
      <line num="141" count="3" type="cond" truecount="1" falsecount="0"/>
      <line num="142" count="3" type="stmt"/>
      <line num="143" count="3" type="stmt"/>
      <line num="144" count="3" type="stmt"/>
      <line num="145" count="3" type="stmt"/>
      <line num="146" count="3" type="stmt"/>
      <line num="147" count="3" type="stmt"/>
      <line num="148" count="1" type="stmt"/>
      <line num="149" count="1" type="cond" truecount="1" falsecount="0"/>
      <line num="150" count="1" type="cond" truecount="1" falsecount="0"/>
      <line num="151" count="15" type="cond" truecount="1" falsecount="0"/>
      <line num="152" count="6" type="stmt"/>
      <line num="153" count="6" type="stmt"/>
      <line num="154" count="15" type="stmt"/>
      <line num="155" count="1" type="stmt"/>
      <line num="156" count="1" type="stmt"/>
      <line num="157" count="1" type="stmt"/>
      <line num="158" count="1" type="stmt"/>
      <line num="159" count="1" type="stmt"/>
      <line num="160" count="1" type="stmt"/>
      <line num="161" count="1" type="cond" truecount="1" falsecount="0"/>
      <line num="162" count="11" type="cond" truecount="2" falsecount="0"/>
      <line num="163" count="8" type="stmt"/>
      <line num="164" count="11" type="cond" truecount="1" falsecount="0"/>
      <line num="165" count="76" type="stmt"/>
      <line num="166" count="76" type="stmt"/>
      <line num="167" count="76" type="cond" truecount="1" falsecount="0"/>
      <line num="168" count="8" type="stmt"/>
      <line num="169" count="8" type="stmt"/>
      <line num="170" count="8" type="stmt"/>
      <line num="171" count="8" type="stmt"/>
      <line num="172" count="8" type="stmt"/>
      <line num="173" count="8" type="stmt"/>
      <line num="174" count="8" type="stmt"/>
      <line num="175" count="8" type="stmt"/>
      <line num="176" count="8" type="stmt"/>
      <line num="177" count="8" type="stmt"/>
      <line num="178" count="1" type="stmt"/>
      <line num="179" count="1" type="cond" truecount="1" falsecount="0"/>
      <line num="180" count="4" type="stmt"/>
      <line num="181" count="4" type="stmt"/>
      <line num="182" count="4" type="cond" truecount="1" falsecount="0"/>
      <line num="183" count="20" type="cond" truecount="1" falsecount="0"/>
      <line num="184" count="20" type="cond" truecount="1" falsecount="0"/>
      <line num="185" count="20" type="stmt"/>
      <line num="186" count="4" type="stmt"/>
      <line num="187" count="4" type="stmt"/>
      <line num="188" count="4" type="stmt"/>
      <line num="189" count="1" type="stmt"/>
      <line num="190" count="1" type="cond" truecount="1" falsecount="0"/>
      <line num="191" count="3" type="cond" truecount="1" falsecount="0"/>
      <line num="192" count="8" type="stmt"/>
      <line num="193" count="3" type="stmt"/>
      <line num="194" count="3" type="stmt"/>
      <line num="195" count="3" type="stmt"/>
      <line num="196" count="1" type="stmt"/>
      <line num="197" count="1" type="cond" truecount="1" falsecount="0"/>
      <line num="198" count="4" type="cond" truecount="1" falsecount="0"/>
      <line num="199" count="4" type="stmt"/>
      <line num="200" count="1" type="stmt"/>
      <line num="201" count="1" type="cond" truecount="1" falsecount="0"/>
      <line num="202" count="4" type="stmt"/>
      <line num="203" count="4" type="stmt"/>
      <line num="204" count="4" type="cond" truecount="1" falsecount="0"/>
      <line num="205" count="13" type="cond" truecount="1" falsecount="0"/>
      <line num="206" count="13" type="stmt"/>
      <line num="207" count="13" type="cond" truecount="1" falsecount="0"/>
      <line num="208" count="9" type="stmt"/>
      <line num="209" count="9" type="stmt"/>
      <line num="210" count="13" type="cond" truecount="1" falsecount="0"/>
      <line num="211" count="4" type="stmt"/>
      <line num="212" count="4" type="stmt"/>
      <line num="213" count="13" type="stmt"/>
      <line num="214" count="4" type="stmt"/>
      <line num="215" count="4" type="stmt"/>
      <line num="216" count="4" type="stmt"/>
      <line num="217" count="4" type="stmt"/>
      <line num="218" count="4" type="stmt"/>
      <line num="219" count="4" type="stmt"/>
      <line num="220" count="4" type="stmt"/>
      <line num="221" count="4" type="stmt"/>
      <line num="222" count="4" type="stmt"/>
      <line num="223" count="4" type="stmt"/>
      <line num="224" count="4" type="stmt"/>
      <line num="225" count="1" type="stmt"/>
      <line num="226" count="1" type="cond" truecount="1" falsecount="0"/>
      <line num="227" count="3" type="cond" truecount="1" falsecount="0"/>
      <line num="228" count="3" type="cond" truecount="1" falsecount="0"/>
      <line num="229" count="3" type="stmt"/>
      <line num="230" count="1" type="stmt"/>
      <line num="231" count="1" type="cond" truecount="1" falsecount="0"/>
      <line num="232" count="4" type="stmt"/>
      <line num="233" count="4" type="cond" truecount="1" falsecount="0"/>
      <line num="234" count="4" type="stmt"/>
      <line num="235" count="4" type="cond" truecount="2" falsecount="0"/>
      <line num="236" count="4" type="stmt"/>
      <line num="237" count="4" type="stmt"/>
      <line num="238" count="4" type="stmt"/>
      <line num="239" count="1" type="stmt"/>
      <line num="240" count="1" type="cond" truecount="1" falsecount="0"/>
      <line num="241" count="5" type="cond" truecount="1" falsecount="0"/>
      <line num="242" count="5" type="cond" truecount="1" falsecount="0"/>
      <line num="243" count="5" type="cond" truecount="2" falsecount="0"/>
      <line num="244" count="5" type="stmt"/>
      <line num="245" count="1" type="stmt"/>
      <line num="246" count="1" type="cond" truecount="1" falsecount="0"/>
      <line num="247" count="4" type="cond" truecount="1" falsecount="0"/>
      <line num="248" count="4" type="stmt"/>
      <line num="249" count="1" type="stmt"/>
      <line num="250" count="1" type="cond" truecount="1" falsecount="0"/>
      <line num="251" count="2" type="cond" truecount="1" falsecount="0"/>
      <line num="252" count="3" type="cond" truecount="1" falsecount="0"/>
      <line num="253" count="3" type="cond" truecount="1" falsecount="0"/>
      <line num="254" count="3" type="stmt"/>
      <line num="255" count="2" type="stmt"/>
      <line num="256" count="2" type="cond" truecount="1" falsecount="0"/>
      <line num="257" count="3" type="stmt"/>
      <line num="258" count="3" type="stmt"/>
      <line num="259" count="2" type="stmt"/>
      <line num="260" count="2" type="stmt"/>
      <line num="261" count="1" type="stmt"/>
      <line num="262" count="1" type="cond" truecount="1" falsecount="0"/>
      <line num="263" count="4" type="stmt"/>
      <line num="264" count="4" type="stmt"/>
      <line num="265" count="4" type="cond" truecount="1" falsecount="0"/>
      <line num="266" count="30" type="cond" truecount="1" falsecount="0"/>
      <line num="267" count="14" type="stmt"/>
      <line num="268" count="14" type="stmt"/>
      <line num="269" count="30" type="stmt"/>
      <line num="270" count="30" type="stmt"/>
      <line num="271" count="4" type="stmt"/>
      <line num="272" count="4" type="cond" truecount="1" falsecount="0"/>
      <line num="273" count="4" type="stmt"/>
      <line num="274" count="4" type="stmt"/>
      <line num="275" count="1" type="stmt"/>
      <line num="276" count="1" type="cond" truecount="1" falsecount="0"/>
      <line num="277" count="5" type="stmt"/>
      <line num="278" count="5" type="stmt"/>
      <line num="279" count="5" type="stmt"/>
      <line num="280" count="5" type="cond" truecount="1" falsecount="0"/>
      <line num="281" count="1" type="stmt"/>
      <line num="282" count="5" type="cond" truecount="1" falsecount="0"/>
      <line num="283" count="1" type="stmt"/>
      <line num="284" count="5" type="cond" truecount="1" falsecount="0"/>
      <line num="285" count="1" type="stmt"/>
      <line num="286" count="5" type="cond" truecount="1" falsecount="0"/>
      <line num="287" count="1" type="stmt"/>
      <line num="288" count="5" type="cond" truecount="1" falsecount="0"/>
      <line num="289" count="1" type="stmt"/>
      <line num="290" count="5" type="stmt"/>
      <line num="291" count="5" type="stmt"/>
      <line num="292" count="1" type="stmt"/>
      <line num="293" count="1" type="cond" truecount="1" falsecount="0"/>
      <line num="294" count="7" type="cond" truecount="1" falsecount="0"/>
      <line num="295" count="9" type="stmt"/>
      <line num="296" count="9" type="stmt"/>
      <line num="297" count="7" type="cond" truecount="1" falsecount="0"/>
      <line num="298" count="7" type="stmt"/>
      <line num="299" count="1" type="stmt"/>
      <line num="300" count="1" type="cond" truecount="1" falsecount="0"/>
      <line num="301" count="3" type="stmt"/>
      <line num="302" count="3" type="cond" truecount="1" falsecount="0"/>
      <line num="303" count="30" type="cond" truecount="2" falsecount="0"/>
      <line num="304" count="14" type="stmt"/>
      <line num="305" count="14" type="stmt"/>
      <line num="306" count="30" type="stmt"/>
      <line num="307" count="3" type="cond" truecount="1" falsecount="0"/>
      <line num="308" count="3" type="stmt"/>
      <line num="309" count="1" type="stmt"/>
      <line num="310" count="1" type="cond" truecount="1" falsecount="0"/>
      <line num="311" count="4" type="cond" truecount="1" falsecount="0"/>
      <line num="312" count="4" type="stmt"/>
      <line num="313" count="4" type="stmt"/>
      <line num="314" count="4" type="cond" truecount="1" falsecount="0"/>
      <line num="315" count="41" type="cond" truecount="1" falsecount="0"/>
      <line num="316" count="27" type="stmt"/>
      <line num="317" count="27" type="stmt"/>
      <line num="318" count="27" type="cond" truecount="1" falsecount="0"/>
      <line num="319" count="14" type="stmt"/>
      <line num="320" count="14" type="stmt"/>
      <line num="321" count="4" type="stmt"/>
      <line num="322" count="4" type="cond" truecount="1" falsecount="0"/>
      <line num="323" count="4" type="stmt"/>
      <line num="324" count="4" type="stmt"/>
      <line num="325" count="4" type="stmt"/>
      <line num="326" count="4" type="stmt"/>
      <line num="327" count="4" type="stmt"/>
      <line num="328" count="4" type="stmt"/>
      <line num="329" count="1" type="stmt"/>
      <line num="330" count="1" type="cond" truecount="1" falsecount="0"/>
      <line num="331" count="1" type="stmt"/>
      <line num="332" count="1" type="stmt"/>
      <line num="333" count="1" type="stmt"/>
      <line num="334" count="1" type="cond" truecount="1" falsecount="0"/>
      <line num="335" count="11" type="cond" truecount="1" falsecount="0"/>
      <line num="336" count="5" type="stmt"/>
      <line num="337" count="5" type="stmt"/>
      <line num="338" count="11" type="stmt"/>
      <line num="339" count="1" type="stmt"/>
      <line num="340" count="1" type="stmt"/>
      <line num="341" count="1" type="stmt"/>
      <line num="342" count="1" type="stmt"/>
      <line num="343" count="1" type="cond" truecount="1" falsecount="0"/>
      <line num="344" count="2" type="stmt"/>
      <line num="345" count="2" type="stmt"/>
      <line num="346" count="2" type="stmt"/>
      <line num="347" count="1" type="stmt"/>
      <line num="348" count="1" type="cond" truecount="1" falsecount="0"/>
      <line num="349" count="2" type="stmt"/>
      <line num="350" count="2" type="stmt"/>
      <line num="351" count="2" type="stmt"/>
      <line num="352" count="2" type="cond" truecount="1" falsecount="0"/>
      <line num="353" count="36" type="cond" truecount="1" falsecount="0"/>
      <line num="354" count="8" type="stmt"/>
      <line num="355" count="8" type="stmt"/>
      <line num="356" count="36" type="stmt"/>
      <line num="357" count="36" type="stmt"/>
      <line num="358" count="36" type="stmt"/>
      <line num="359" count="36" type="stmt"/>
      <line num="360" count="36" type="stmt"/>
      <line num="361" count="36" type="stmt"/>
      <line num="362" count="2" type="stmt"/>
      <line num="363" count="2" type="stmt"/>
      <line num="364" count="2" type="stmt"/>
      <line num="365" count="1" type="stmt"/>
      <line num="366" count="1" type="cond" truecount="1" falsecount="0"/>
      <line num="367" count="4" type="cond" truecount="2" falsecount="0"/>
      <line num="368" count="4" type="cond" truecount="2" falsecount="0"/>
      <line num="369" count="2" type="stmt"/>
      <line num="370" count="2" type="stmt"/>
      <line num="371" count="1" type="stmt"/>
      <line num="372" count="1" type="cond" truecount="1" falsecount="0"/>
      <line num="373" count="4" type="stmt"/>
      <line num="374" count="4" type="stmt"/>
      <line num="375" count="1" type="stmt"/>
      <line num="376" count="1" type="cond" truecount="1" falsecount="0"/>
      <line num="377" count="3" type="stmt"/>
      <line num="378" count="3" type="stmt"/>
      <line num="379" count="3" type="cond" truecount="1" falsecount="0"/>
      <line num="380" count="3" type="stmt"/>
      <line num="381" count="3" type="stmt"/>
      <line num="382" count="1" type="stmt"/>
      <line num="383" count="1" type="cond" truecount="1" falsecount="0"/>
      <line num="384" count="8" type="cond" truecount="1" falsecount="0"/>
      <line num="385" count="8" type="stmt"/>
      <line num="386" count="1" type="stmt"/>
      <line num="387" count="1" type="cond" truecount="1" falsecount="0"/>
      <line num="388" count="8" type="stmt"/>
      <line num="389" count="8" type="stmt"/>
      <line num="390" count="8" type="stmt"/>
      <line num="391" count="1" type="stmt"/>
      <line num="392" count="1" type="cond" truecount="1" falsecount="0"/>
      <line num="393" count="3" type="stmt"/>
      <line num="394" count="3" type="cond" truecount="1" falsecount="0"/>
      <line num="395" count="3" type="stmt"/>
      <line num="396" count="3" type="stmt"/>
      <line num="397" count="1" type="stmt"/>
      <line num="398" count="1" type="cond" truecount="1" falsecount="0"/>
      <line num="399" count="2" type="cond" truecount="1" falsecount="0"/>
      <line num="400" count="1" type="stmt"/>
      <line num="401" count="1" type="stmt"/>
      <line num="402" count="1" type="stmt"/>
      <line num="403" count="1" type="stmt"/>
      <line num="404" count="1" type="stmt"/>
      <line num="405" count="1" type="stmt"/>
      <line num="406" count="2" type="stmt"/>
      <line num="407" count="1" type="stmt"/>
      <line num="408" count="1" type="cond" truecount="1" falsecount="0"/>
      <line num="409" count="4" type="stmt"/>
      <line num="410" count="4" type="stmt"/>
      <line num="411" count="4" type="cond" truecount="1" falsecount="0"/>
      <line num="412" count="4" type="stmt"/>
      <line num="413" count="4" type="stmt"/>
      <line num="414" count="1" type="stmt"/>
      <line num="415" count="1" type="cond" truecount="1" falsecount="0"/>
      <line num="416" count="4" type="cond" truecount="1" falsecount="0"/>
      <line num="417" count="10" type="stmt"/>
      <line num="418" count="10" type="stmt"/>
      <line num="419" count="4" type="stmt"/>
      <line num="420" count="4" type="stmt"/>
      <line num="421" count="4" type="stmt"/>
      <line num="422" count="1" type="stmt"/>
      <line num="423" count="1" type="cond" truecount="1" falsecount="0"/>
      <line num="424" count="5" type="stmt"/>
      <line num="425" count="5" type="stmt"/>
      <line num="426" count="1" type="stmt"/>
      <line num="427" count="1" type="cond" truecount="1" falsecount="0"/>
      <line num="428" count="3" type="cond" truecount="1" falsecount="0"/>
      <line num="429" count="3" type="stmt"/>
      <line num="430" count="1" type="stmt"/>
      <line num="431" count="1" type="cond" truecount="1" falsecount="0"/>
      <line num="432" count="6" type="stmt"/>
      <line num="433" count="6" type="stmt"/>
      <line num="434" count="6" type="cond" truecount="1" falsecount="0"/>
      <line num="435" count="6" type="stmt"/>
      <line num="436" count="6" type="stmt"/>
      <line num="437" count="1" type="stmt"/>
      <line num="438" count="1" type="cond" truecount="1" falsecount="0"/>
      <line num="439" count="1" type="stmt"/>
      <line num="440" count="1" type="stmt"/>
      <line num="441" count="1" type="stmt"/>
      <line num="442" count="1" type="cond" truecount="1" falsecount="0"/>
      <line num="443" count="2" type="stmt"/>
      <line num="444" count="2" type="cond" truecount="1" falsecount="0"/>
      <line num="445" count="9" type="stmt"/>
      <line num="446" count="9" type="stmt"/>
      <line num="447" count="2" type="stmt"/>
      <line num="448" count="2" type="stmt"/>
      <line num="449" count="1" type="stmt"/>
      <line num="450" count="1" type="cond" truecount="1" falsecount="0"/>
      <line num="451" count="4" type="stmt"/>
      <line num="452" count="4" type="cond" truecount="1" falsecount="0"/>
      <line num="453" count="4" type="stmt"/>
      <line num="454" count="1" type="stmt"/>
      <line num="455" count="1" type="cond" truecount="1" falsecount="0"/>
      <line num="456" count="1" type="stmt"/>
      <line num="457" count="1" type="cond" truecount="1" falsecount="0"/>
      <line num="458" count="5" type="stmt"/>
      <line num="459" count="5" type="stmt"/>
      <line num="460" count="1" type="stmt"/>
      <line num="461" count="1" type="stmt"/>
      <line num="462" count="1" type="stmt"/>
      <line num="463" count="1" type="cond" truecount="1" falsecount="0"/>
      <line num="464" count="3" type="cond" truecount="2" falsecount="0"/>
      <line num="465" count="3" type="stmt"/>
    </file>
  </project>
</coverage>
