{"/Users/kenge/Documents/code/playground/codewars/main.ts": {"path":"/Users/kenge/Documents/code/playground/codewars/main.ts","all":false,"statementMap":{"0":{"start":{"line":1,"column":0},"end":{"line":1,"column":48}},"1":{"start":{"line":2,"column":0},"end":{"line":2,"column":70}},"2":{"start":{"line":3,"column":0},"end":{"line":3,"column":1}},"3":{"start":{"line":4,"column":0},"end":{"line":4,"column":0}},"4":{"start":{"line":5,"column":0},"end":{"line":5,"column":49}},"5":{"start":{"line":6,"column":0},"end":{"line":6,"column":30}},"6":{"start":{"line":7,"column":0},"end":{"line":7,"column":92}},"7":{"start":{"line":8,"column":0},"end":{"line":8,"column":3}},"8":{"start":{"line":9,"column":0},"end":{"line":9,"column":0}},"9":{"start":{"line":10,"column":0},"end":{"line":10,"column":19}},"10":{"start":{"line":11,"column":0},"end":{"line":11,"column":32}},"11":{"start":{"line":12,"column":0},"end":{"line":12,"column":23}},"12":{"start":{"line":13,"column":0},"end":{"line":13,"column":20}},"13":{"start":{"line":14,"column":0},"end":{"line":14,"column":5}},"14":{"start":{"line":15,"column":0},"end":{"line":15,"column":3}},"15":{"start":{"line":16,"column":0},"end":{"line":16,"column":15}},"16":{"start":{"line":17,"column":0},"end":{"line":17,"column":1}},"17":{"start":{"line":18,"column":0},"end":{"line":18,"column":0}},"18":{"start":{"line":19,"column":0},"end":{"line":19,"column":59}},"19":{"start":{"line":20,"column":0},"end":{"line":20,"column":44}},"20":{"start":{"line":21,"column":0},"end":{"line":21,"column":63}},"21":{"start":{"line":22,"column":0},"end":{"line":22,"column":0}},"22":{"start":{"line":23,"column":0},"end":{"line":23,"column":9}},"23":{"start":{"line":24,"column":0},"end":{"line":24,"column":53}},"24":{"start":{"line":25,"column":0},"end":{"line":25,"column":0}},"25":{"start":{"line":26,"column":0},"end":{"line":26,"column":30}},"26":{"start":{"line":27,"column":0},"end":{"line":27,"column":19}},"27":{"start":{"line":28,"column":0},"end":{"line":28,"column":5}},"28":{"start":{"line":29,"column":0},"end":{"line":29,"column":0}},"29":{"start":{"line":30,"column":0},"end":{"line":30,"column":13}},"30":{"start":{"line":31,"column":0},"end":{"line":31,"column":70}},"31":{"start":{"line":32,"column":0},"end":{"line":32,"column":22}},"32":{"start":{"line":33,"column":0},"end":{"line":33,"column":22}},"33":{"start":{"line":34,"column":0},"end":{"line":34,"column":8}},"34":{"start":{"line":35,"column":0},"end":{"line":35,"column":3}},"35":{"start":{"line":36,"column":0},"end":{"line":36,"column":1}},"36":{"start":{"line":37,"column":0},"end":{"line":37,"column":0}},"37":{"start":{"line":38,"column":0},"end":{"line":38,"column":50}},"38":{"start":{"line":39,"column":0},"end":{"line":39,"column":26}},"39":{"start":{"line":40,"column":0},"end":{"line":40,"column":14}},"40":{"start":{"line":41,"column":0},"end":{"line":41,"column":23}},"41":{"start":{"line":42,"column":0},"end":{"line":42,"column":34}},"42":{"start":{"line":43,"column":0},"end":{"line":43,"column":39}},"43":{"start":{"line":44,"column":0},"end":{"line":44,"column":27}},"44":{"start":{"line":45,"column":0},"end":{"line":45,"column":0}},"45":{"start":{"line":46,"column":0},"end":{"line":46,"column":15}},"46":{"start":{"line":47,"column":0},"end":{"line":47,"column":78}},"47":{"start":{"line":48,"column":0},"end":{"line":48,"column":6}},"48":{"start":{"line":49,"column":0},"end":{"line":49,"column":33}},"49":{"start":{"line":50,"column":0},"end":{"line":50,"column":1}},"50":{"start":{"line":51,"column":0},"end":{"line":51,"column":0}},"51":{"start":{"line":52,"column":0},"end":{"line":52,"column":67}},"52":{"start":{"line":53,"column":0},"end":{"line":53,"column":35}},"53":{"start":{"line":54,"column":0},"end":{"line":54,"column":0}},"54":{"start":{"line":55,"column":0},"end":{"line":55,"column":29}},"55":{"start":{"line":56,"column":0},"end":{"line":56,"column":37}},"56":{"start":{"line":57,"column":0},"end":{"line":57,"column":45}},"57":{"start":{"line":58,"column":0},"end":{"line":58,"column":0}},"58":{"start":{"line":59,"column":0},"end":{"line":59,"column":13}},"59":{"start":{"line":60,"column":0},"end":{"line":60,"column":35}},"60":{"start":{"line":61,"column":0},"end":{"line":61,"column":3}},"61":{"start":{"line":62,"column":0},"end":{"line":62,"column":0}},"62":{"start":{"line":63,"column":0},"end":{"line":63,"column":30}},"63":{"start":{"line":64,"column":0},"end":{"line":64,"column":32}},"64":{"start":{"line":65,"column":0},"end":{"line":65,"column":3}},"65":{"start":{"line":66,"column":0},"end":{"line":66,"column":0}},"66":{"start":{"line":67,"column":0},"end":{"line":67,"column":30}},"67":{"start":{"line":68,"column":0},"end":{"line":68,"column":1}},"68":{"start":{"line":69,"column":0},"end":{"line":69,"column":0}},"69":{"start":{"line":70,"column":0},"end":{"line":70,"column":63}},"70":{"start":{"line":71,"column":0},"end":{"line":71,"column":60}},"71":{"start":{"line":72,"column":0},"end":{"line":72,"column":53}},"72":{"start":{"line":73,"column":0},"end":{"line":73,"column":18}},"73":{"start":{"line":74,"column":0},"end":{"line":74,"column":21}},"74":{"start":{"line":75,"column":0},"end":{"line":75,"column":5}},"75":{"start":{"line":76,"column":0},"end":{"line":76,"column":15}},"76":{"start":{"line":77,"column":0},"end":{"line":77,"column":8}},"77":{"start":{"line":78,"column":0},"end":{"line":78,"column":0}},"78":{"start":{"line":79,"column":0},"end":{"line":79,"column":11}},"79":{"start":{"line":80,"column":0},"end":{"line":80,"column":47}},"80":{"start":{"line":81,"column":0},"end":{"line":81,"column":59}},"81":{"start":{"line":82,"column":0},"end":{"line":82,"column":21}},"82":{"start":{"line":83,"column":0},"end":{"line":83,"column":7}},"83":{"start":{"line":84,"column":0},"end":{"line":84,"column":0}},"84":{"start":{"line":85,"column":0},"end":{"line":85,"column":28}},"85":{"start":{"line":86,"column":0},"end":{"line":86,"column":1}},"86":{"start":{"line":87,"column":0},"end":{"line":87,"column":0}},"87":{"start":{"line":88,"column":0},"end":{"line":88,"column":81}},"88":{"start":{"line":89,"column":0},"end":{"line":89,"column":68}},"89":{"start":{"line":90,"column":0},"end":{"line":90,"column":0}},"90":{"start":{"line":91,"column":0},"end":{"line":91,"column":15}},"91":{"start":{"line":92,"column":0},"end":{"line":92,"column":22}},"92":{"start":{"line":93,"column":0},"end":{"line":93,"column":14}},"93":{"start":{"line":94,"column":0},"end":{"line":94,"column":15}},"94":{"start":{"line":95,"column":0},"end":{"line":95,"column":3}},"95":{"start":{"line":96,"column":0},"end":{"line":96,"column":18}},"96":{"start":{"line":97,"column":0},"end":{"line":97,"column":1}},"97":{"start":{"line":98,"column":0},"end":{"line":98,"column":0}},"98":{"start":{"line":99,"column":0},"end":{"line":99,"column":73}},"99":{"start":{"line":100,"column":0},"end":{"line":100,"column":30}},"100":{"start":{"line":101,"column":0},"end":{"line":101,"column":0}},"101":{"start":{"line":102,"column":0},"end":{"line":102,"column":26}},"102":{"start":{"line":103,"column":0},"end":{"line":103,"column":26}},"103":{"start":{"line":104,"column":0},"end":{"line":104,"column":0}},"104":{"start":{"line":105,"column":0},"end":{"line":105,"column":45}},"105":{"start":{"line":106,"column":0},"end":{"line":106,"column":1}},"106":{"start":{"line":107,"column":0},"end":{"line":107,"column":0}},"107":{"start":{"line":108,"column":0},"end":{"line":108,"column":51}},"108":{"start":{"line":109,"column":0},"end":{"line":109,"column":28}},"109":{"start":{"line":110,"column":0},"end":{"line":110,"column":19}},"110":{"start":{"line":111,"column":0},"end":{"line":111,"column":60}},"111":{"start":{"line":112,"column":0},"end":{"line":112,"column":43}},"112":{"start":{"line":113,"column":0},"end":{"line":113,"column":14}},"113":{"start":{"line":114,"column":0},"end":{"line":114,"column":25}},"114":{"start":{"line":115,"column":0},"end":{"line":115,"column":5}},"115":{"start":{"line":116,"column":0},"end":{"line":116,"column":3}},"116":{"start":{"line":117,"column":0},"end":{"line":117,"column":27}},"117":{"start":{"line":118,"column":0},"end":{"line":118,"column":0}},"118":{"start":{"line":119,"column":0},"end":{"line":119,"column":11}},"119":{"start":{"line":120,"column":0},"end":{"line":120,"column":28}},"120":{"start":{"line":121,"column":0},"end":{"line":121,"column":17}},"121":{"start":{"line":122,"column":0},"end":{"line":122,"column":42}},"122":{"start":{"line":123,"column":0},"end":{"line":123,"column":23}},"123":{"start":{"line":124,"column":0},"end":{"line":124,"column":17}},"124":{"start":{"line":125,"column":0},"end":{"line":125,"column":19}},"125":{"start":{"line":126,"column":0},"end":{"line":126,"column":1}},"126":{"start":{"line":127,"column":0},"end":{"line":127,"column":0}},"127":{"start":{"line":128,"column":0},"end":{"line":128,"column":68}},"128":{"start":{"line":129,"column":0},"end":{"line":129,"column":36}},"129":{"start":{"line":130,"column":0},"end":{"line":130,"column":25}},"130":{"start":{"line":131,"column":0},"end":{"line":131,"column":45}},"131":{"start":{"line":132,"column":0},"end":{"line":132,"column":27}},"132":{"start":{"line":133,"column":0},"end":{"line":133,"column":35}},"133":{"start":{"line":134,"column":0},"end":{"line":134,"column":38}},"134":{"start":{"line":135,"column":0},"end":{"line":135,"column":7}},"135":{"start":{"line":136,"column":0},"end":{"line":136,"column":42}},"136":{"start":{"line":137,"column":0},"end":{"line":137,"column":5}},"137":{"start":{"line":138,"column":0},"end":{"line":138,"column":21}},"138":{"start":{"line":139,"column":0},"end":{"line":139,"column":3}},"139":{"start":{"line":140,"column":0},"end":{"line":140,"column":0}},"140":{"start":{"line":141,"column":0},"end":{"line":141,"column":55}},"141":{"start":{"line":142,"column":0},"end":{"line":142,"column":50}},"142":{"start":{"line":143,"column":0},"end":{"line":143,"column":24}},"143":{"start":{"line":144,"column":0},"end":{"line":144,"column":3}},"144":{"start":{"line":145,"column":0},"end":{"line":145,"column":0}},"145":{"start":{"line":146,"column":0},"end":{"line":146,"column":67}},"146":{"start":{"line":147,"column":0},"end":{"line":147,"column":0}},"147":{"start":{"line":148,"column":0},"end":{"line":148,"column":41}},"148":{"start":{"line":149,"column":0},"end":{"line":149,"column":38}},"149":{"start":{"line":150,"column":0},"end":{"line":150,"column":1}},"150":{"start":{"line":151,"column":0},"end":{"line":151,"column":0}},"151":{"start":{"line":152,"column":0},"end":{"line":152,"column":47}},"152":{"start":{"line":153,"column":0},"end":{"line":153,"column":27}},"153":{"start":{"line":154,"column":0},"end":{"line":154,"column":28}},"154":{"start":{"line":155,"column":0},"end":{"line":155,"column":33}},"155":{"start":{"line":156,"column":0},"end":{"line":156,"column":0}},"156":{"start":{"line":157,"column":0},"end":{"line":157,"column":29}},"157":{"start":{"line":158,"column":0},"end":{"line":158,"column":0}},"158":{"start":{"line":159,"column":0},"end":{"line":159,"column":38}},"159":{"start":{"line":160,"column":0},"end":{"line":160,"column":35}},"160":{"start":{"line":161,"column":0},"end":{"line":161,"column":3}},"161":{"start":{"line":162,"column":0},"end":{"line":162,"column":0}},"162":{"start":{"line":163,"column":0},"end":{"line":163,"column":13}},"163":{"start":{"line":164,"column":0},"end":{"line":164,"column":1}},"164":{"start":{"line":165,"column":0},"end":{"line":165,"column":0}},"165":{"start":{"line":166,"column":0},"end":{"line":166,"column":54}},"166":{"start":{"line":167,"column":0},"end":{"line":167,"column":77}},"167":{"start":{"line":168,"column":0},"end":{"line":168,"column":0}},"168":{"start":{"line":169,"column":0},"end":{"line":169,"column":18}},"169":{"start":{"line":170,"column":0},"end":{"line":170,"column":27}},"170":{"start":{"line":171,"column":0},"end":{"line":171,"column":63}},"171":{"start":{"line":172,"column":0},"end":{"line":172,"column":17}},"172":{"start":{"line":173,"column":0},"end":{"line":173,"column":12}},"173":{"start":{"line":174,"column":0},"end":{"line":174,"column":19}},"174":{"start":{"line":175,"column":0},"end":{"line":175,"column":5}},"175":{"start":{"line":176,"column":0},"end":{"line":176,"column":3}},"176":{"start":{"line":177,"column":0},"end":{"line":177,"column":0}},"177":{"start":{"line":178,"column":0},"end":{"line":178,"column":27}},"178":{"start":{"line":179,"column":0},"end":{"line":179,"column":1}},"179":{"start":{"line":180,"column":0},"end":{"line":180,"column":0}},"180":{"start":{"line":181,"column":0},"end":{"line":181,"column":56}},"181":{"start":{"line":182,"column":0},"end":{"line":182,"column":47}},"182":{"start":{"line":183,"column":0},"end":{"line":183,"column":0}},"183":{"start":{"line":184,"column":0},"end":{"line":184,"column":11}},"184":{"start":{"line":185,"column":0},"end":{"line":185,"column":45}},"185":{"start":{"line":186,"column":0},"end":{"line":186,"column":1}},"186":{"start":{"line":187,"column":0},"end":{"line":187,"column":0}},"187":{"start":{"line":188,"column":0},"end":{"line":188,"column":53}},"188":{"start":{"line":189,"column":0},"end":{"line":189,"column":35}},"189":{"start":{"line":190,"column":0},"end":{"line":190,"column":52}},"190":{"start":{"line":191,"column":0},"end":{"line":191,"column":14}},"191":{"start":{"line":192,"column":0},"end":{"line":192,"column":7}},"192":{"start":{"line":193,"column":0},"end":{"line":193,"column":1}},"193":{"start":{"line":194,"column":0},"end":{"line":194,"column":0}},"194":{"start":{"line":195,"column":0},"end":{"line":195,"column":53}},"195":{"start":{"line":196,"column":0},"end":{"line":196,"column":45}},"196":{"start":{"line":197,"column":0},"end":{"line":197,"column":51}},"197":{"start":{"line":198,"column":0},"end":{"line":198,"column":32}},"198":{"start":{"line":199,"column":0},"end":{"line":199,"column":14}},"199":{"start":{"line":200,"column":0},"end":{"line":200,"column":8}},"200":{"start":{"line":201,"column":0},"end":{"line":201,"column":1}},"201":{"start":{"line":202,"column":0},"end":{"line":202,"column":0}},"202":{"start":{"line":203,"column":0},"end":{"line":203,"column":60}},"203":{"start":{"line":204,"column":0},"end":{"line":204,"column":33}},"204":{"start":{"line":205,"column":0},"end":{"line":205,"column":39}},"205":{"start":{"line":206,"column":0},"end":{"line":206,"column":38}},"206":{"start":{"line":207,"column":0},"end":{"line":207,"column":38}},"207":{"start":{"line":208,"column":0},"end":{"line":208,"column":38}},"208":{"start":{"line":209,"column":0},"end":{"line":209,"column":38}},"209":{"start":{"line":210,"column":0},"end":{"line":210,"column":39}},"210":{"start":{"line":211,"column":0},"end":{"line":211,"column":6}},"211":{"start":{"line":212,"column":0},"end":{"line":212,"column":0}},"212":{"start":{"line":213,"column":0},"end":{"line":213,"column":27}},"213":{"start":{"line":214,"column":0},"end":{"line":214,"column":0}},"214":{"start":{"line":215,"column":0},"end":{"line":215,"column":9}},"215":{"start":{"line":216,"column":0},"end":{"line":216,"column":38}},"216":{"start":{"line":217,"column":0},"end":{"line":217,"column":16}},"217":{"start":{"line":218,"column":0},"end":{"line":218,"column":42}},"218":{"start":{"line":219,"column":0},"end":{"line":219,"column":16}},"219":{"start":{"line":220,"column":0},"end":{"line":220,"column":5}},"220":{"start":{"line":221,"column":0},"end":{"line":221,"column":18}},"221":{"start":{"line":222,"column":0},"end":{"line":222,"column":3}},"222":{"start":{"line":223,"column":0},"end":{"line":223,"column":0}},"223":{"start":{"line":224,"column":0},"end":{"line":224,"column":11}},"224":{"start":{"line":225,"column":0},"end":{"line":225,"column":24}},"225":{"start":{"line":226,"column":0},"end":{"line":226,"column":64}},"226":{"start":{"line":227,"column":0},"end":{"line":227,"column":0}},"227":{"start":{"line":228,"column":0},"end":{"line":228,"column":42}},"228":{"start":{"line":229,"column":0},"end":{"line":229,"column":40}},"229":{"start":{"line":230,"column":0},"end":{"line":230,"column":0}},"230":{"start":{"line":231,"column":0},"end":{"line":231,"column":12}},"231":{"start":{"line":232,"column":0},"end":{"line":232,"column":4}},"232":{"start":{"line":233,"column":0},"end":{"line":233,"column":1}},"233":{"start":{"line":234,"column":0},"end":{"line":234,"column":0}},"234":{"start":{"line":235,"column":0},"end":{"line":235,"column":60}},"235":{"start":{"line":236,"column":0},"end":{"line":236,"column":46}},"236":{"start":{"line":237,"column":0},"end":{"line":237,"column":44}},"237":{"start":{"line":238,"column":0},"end":{"line":238,"column":48}},"238":{"start":{"line":239,"column":0},"end":{"line":239,"column":0}},"239":{"start":{"line":240,"column":0},"end":{"line":240,"column":38}},"240":{"start":{"line":241,"column":0},"end":{"line":241,"column":47}},"241":{"start":{"line":242,"column":0},"end":{"line":242,"column":5}},"242":{"start":{"line":243,"column":0},"end":{"line":243,"column":3}},"243":{"start":{"line":244,"column":0},"end":{"line":244,"column":0}},"244":{"start":{"line":245,"column":0},"end":{"line":245,"column":11}},"245":{"start":{"line":246,"column":0},"end":{"line":246,"column":1}},"246":{"start":{"line":247,"column":0},"end":{"line":247,"column":0}},"247":{"start":{"line":248,"column":0},"end":{"line":248,"column":68}},"248":{"start":{"line":249,"column":0},"end":{"line":249,"column":67}},"249":{"start":{"line":250,"column":0},"end":{"line":250,"column":57}},"250":{"start":{"line":251,"column":0},"end":{"line":251,"column":1}},"251":{"start":{"line":252,"column":0},"end":{"line":252,"column":0}},"252":{"start":{"line":253,"column":0},"end":{"line":253,"column":61}},"253":{"start":{"line":254,"column":0},"end":{"line":254,"column":70}},"254":{"start":{"line":255,"column":0},"end":{"line":255,"column":31}},"255":{"start":{"line":256,"column":0},"end":{"line":256,"column":14}},"256":{"start":{"line":257,"column":0},"end":{"line":257,"column":14}},"257":{"start":{"line":258,"column":0},"end":{"line":258,"column":8}},"258":{"start":{"line":259,"column":0},"end":{"line":259,"column":0}},"259":{"start":{"line":260,"column":0},"end":{"line":260,"column":39}},"260":{"start":{"line":261,"column":0},"end":{"line":261,"column":0}},"261":{"start":{"line":262,"column":0},"end":{"line":262,"column":11}},"262":{"start":{"line":263,"column":0},"end":{"line":263,"column":21}},"263":{"start":{"line":264,"column":0},"end":{"line":264,"column":59}},"264":{"start":{"line":265,"column":0},"end":{"line":265,"column":1}},"265":{"start":{"line":266,"column":0},"end":{"line":266,"column":0}},"266":{"start":{"line":267,"column":0},"end":{"line":267,"column":53}},"267":{"start":{"line":268,"column":0},"end":{"line":268,"column":19}},"268":{"start":{"line":269,"column":0},"end":{"line":269,"column":0}},"269":{"start":{"line":270,"column":0},"end":{"line":270,"column":43}},"270":{"start":{"line":271,"column":0},"end":{"line":271,"column":21}},"271":{"start":{"line":272,"column":0},"end":{"line":272,"column":32}},"272":{"start":{"line":273,"column":0},"end":{"line":273,"column":24}},"273":{"start":{"line":274,"column":0},"end":{"line":274,"column":3}},"274":{"start":{"line":275,"column":0},"end":{"line":275,"column":0}},"275":{"start":{"line":276,"column":0},"end":{"line":276,"column":15}},"276":{"start":{"line":277,"column":0},"end":{"line":277,"column":1}},"277":{"start":{"line":278,"column":0},"end":{"line":278,"column":0}},"278":{"start":{"line":279,"column":0},"end":{"line":279,"column":54}},"279":{"start":{"line":280,"column":0},"end":{"line":280,"column":71}},"280":{"start":{"line":281,"column":0},"end":{"line":281,"column":0}},"281":{"start":{"line":282,"column":0},"end":{"line":282,"column":40}},"282":{"start":{"line":283,"column":0},"end":{"line":283,"column":32}},"283":{"start":{"line":284,"column":0},"end":{"line":284,"column":34}},"284":{"start":{"line":285,"column":0},"end":{"line":285,"column":0}},"285":{"start":{"line":286,"column":0},"end":{"line":286,"column":42}},"286":{"start":{"line":287,"column":0},"end":{"line":287,"column":3}},"287":{"start":{"line":288,"column":0},"end":{"line":288,"column":0}},"288":{"start":{"line":289,"column":0},"end":{"line":289,"column":11}},"289":{"start":{"line":290,"column":0},"end":{"line":290,"column":0}},"290":{"start":{"line":291,"column":0},"end":{"line":291,"column":11}},"291":{"start":{"line":292,"column":0},"end":{"line":292,"column":42}},"292":{"start":{"line":293,"column":0},"end":{"line":293,"column":35}},"293":{"start":{"line":294,"column":0},"end":{"line":294,"column":37}},"294":{"start":{"line":295,"column":0},"end":{"line":295,"column":38}},"295":{"start":{"line":296,"column":0},"end":{"line":296,"column":7}},"296":{"start":{"line":297,"column":0},"end":{"line":297,"column":1}},"297":{"start":{"line":298,"column":0},"end":{"line":298,"column":0}},"298":{"start":{"line":299,"column":0},"end":{"line":299,"column":57}},"299":{"start":{"line":300,"column":0},"end":{"line":300,"column":96}},"300":{"start":{"line":301,"column":0},"end":{"line":301,"column":43}},"301":{"start":{"line":302,"column":0},"end":{"line":302,"column":1}},"302":{"start":{"line":303,"column":0},"end":{"line":303,"column":0}},"303":{"start":{"line":304,"column":0},"end":{"line":304,"column":55}},"304":{"start":{"line":305,"column":0},"end":{"line":305,"column":49}},"305":{"start":{"line":306,"column":0},"end":{"line":306,"column":56}},"306":{"start":{"line":307,"column":0},"end":{"line":307,"column":43}},"307":{"start":{"line":308,"column":0},"end":{"line":308,"column":0}},"308":{"start":{"line":309,"column":0},"end":{"line":309,"column":11}},"309":{"start":{"line":310,"column":0},"end":{"line":310,"column":63}},"310":{"start":{"line":311,"column":0},"end":{"line":311,"column":40}},"311":{"start":{"line":312,"column":0},"end":{"line":312,"column":1}},"312":{"start":{"line":313,"column":0},"end":{"line":313,"column":0}},"313":{"start":{"line":314,"column":0},"end":{"line":314,"column":92}},"314":{"start":{"line":315,"column":0},"end":{"line":315,"column":80}},"315":{"start":{"line":316,"column":0},"end":{"line":316,"column":35}},"316":{"start":{"line":317,"column":0},"end":{"line":317,"column":19}},"317":{"start":{"line":318,"column":0},"end":{"line":318,"column":5}},"318":{"start":{"line":319,"column":0},"end":{"line":319,"column":14}},"319":{"start":{"line":320,"column":0},"end":{"line":320,"column":8}},"320":{"start":{"line":321,"column":0},"end":{"line":321,"column":0}},"321":{"start":{"line":322,"column":0},"end":{"line":322,"column":11}},"322":{"start":{"line":323,"column":0},"end":{"line":323,"column":64}},"323":{"start":{"line":324,"column":0},"end":{"line":324,"column":1}},"324":{"start":{"line":325,"column":0},"end":{"line":325,"column":0}},"325":{"start":{"line":326,"column":0},"end":{"line":326,"column":64}},"326":{"start":{"line":327,"column":0},"end":{"line":327,"column":35}},"327":{"start":{"line":328,"column":0},"end":{"line":328,"column":0}},"328":{"start":{"line":329,"column":0},"end":{"line":329,"column":26}},"329":{"start":{"line":330,"column":0},"end":{"line":330,"column":79}},"330":{"start":{"line":331,"column":0},"end":{"line":331,"column":17}},"331":{"start":{"line":332,"column":0},"end":{"line":332,"column":3}},"332":{"start":{"line":333,"column":0},"end":{"line":333,"column":0}},"333":{"start":{"line":334,"column":0},"end":{"line":334,"column":12}},"334":{"start":{"line":335,"column":0},"end":{"line":335,"column":0}},"335":{"start":{"line":336,"column":0},"end":{"line":336,"column":11}},"336":{"start":{"line":337,"column":0},"end":{"line":337,"column":43}},"337":{"start":{"line":338,"column":0},"end":{"line":338,"column":51}},"338":{"start":{"line":339,"column":0},"end":{"line":339,"column":20}},"339":{"start":{"line":340,"column":0},"end":{"line":340,"column":6}},"340":{"start":{"line":341,"column":0},"end":{"line":341,"column":27}},"341":{"start":{"line":342,"column":0},"end":{"line":342,"column":1}},"342":{"start":{"line":343,"column":0},"end":{"line":343,"column":0}},"343":{"start":{"line":344,"column":0},"end":{"line":344,"column":46}},"344":{"start":{"line":345,"column":0},"end":{"line":345,"column":14}},"345":{"start":{"line":346,"column":0},"end":{"line":346,"column":15}},"346":{"start":{"line":347,"column":0},"end":{"line":347,"column":21}},"347":{"start":{"line":348,"column":0},"end":{"line":348,"column":38}},"348":{"start":{"line":349,"column":0},"end":{"line":349,"column":38}},"349":{"start":{"line":350,"column":0},"end":{"line":350,"column":36}},"350":{"start":{"line":351,"column":0},"end":{"line":351,"column":6}},"351":{"start":{"line":352,"column":0},"end":{"line":352,"column":14}},"352":{"start":{"line":353,"column":0},"end":{"line":353,"column":1}},"353":{"start":{"line":354,"column":0},"end":{"line":354,"column":0}},"354":{"start":{"line":355,"column":0},"end":{"line":355,"column":54}},"355":{"start":{"line":356,"column":0},"end":{"line":356,"column":68}},"356":{"start":{"line":357,"column":0},"end":{"line":357,"column":45}},"357":{"start":{"line":358,"column":0},"end":{"line":358,"column":7}},"358":{"start":{"line":359,"column":0},"end":{"line":359,"column":25}},"359":{"start":{"line":360,"column":0},"end":{"line":360,"column":1}},"360":{"start":{"line":361,"column":0},"end":{"line":361,"column":0}},"361":{"start":{"line":362,"column":0},"end":{"line":362,"column":50}},"362":{"start":{"line":363,"column":0},"end":{"line":363,"column":65}},"363":{"start":{"line":364,"column":0},"end":{"line":364,"column":1}},"364":{"start":{"line":365,"column":0},"end":{"line":365,"column":0}},"365":{"start":{"line":366,"column":0},"end":{"line":366,"column":50}},"366":{"start":{"line":367,"column":0},"end":{"line":367,"column":15}},"367":{"start":{"line":368,"column":0},"end":{"line":368,"column":0}},"368":{"start":{"line":369,"column":0},"end":{"line":369,"column":43}},"369":{"start":{"line":370,"column":0},"end":{"line":370,"column":84}},"370":{"start":{"line":371,"column":0},"end":{"line":371,"column":0}},"371":{"start":{"line":372,"column":0},"end":{"line":372,"column":23}},"372":{"start":{"line":373,"column":0},"end":{"line":373,"column":13}},"373":{"start":{"line":374,"column":0},"end":{"line":374,"column":29}},"374":{"start":{"line":375,"column":0},"end":{"line":375,"column":12}},"375":{"start":{"line":376,"column":0},"end":{"line":376,"column":18}},"376":{"start":{"line":377,"column":0},"end":{"line":377,"column":5}},"377":{"start":{"line":378,"column":0},"end":{"line":378,"column":3}},"378":{"start":{"line":379,"column":0},"end":{"line":379,"column":0}},"379":{"start":{"line":380,"column":0},"end":{"line":380,"column":22}},"380":{"start":{"line":381,"column":0},"end":{"line":381,"column":0}},"381":{"start":{"line":382,"column":0},"end":{"line":382,"column":11}},"382":{"start":{"line":383,"column":0},"end":{"line":383,"column":22}},"383":{"start":{"line":384,"column":0},"end":{"line":384,"column":80}},"384":{"start":{"line":385,"column":0},"end":{"line":385,"column":14}},"385":{"start":{"line":386,"column":0},"end":{"line":386,"column":6}},"386":{"start":{"line":387,"column":0},"end":{"line":387,"column":0}},"387":{"start":{"line":388,"column":0},"end":{"line":388,"column":17}},"388":{"start":{"line":389,"column":0},"end":{"line":389,"column":1}},"389":{"start":{"line":390,"column":0},"end":{"line":390,"column":0}},"390":{"start":{"line":391,"column":0},"end":{"line":391,"column":56}},"391":{"start":{"line":392,"column":0},"end":{"line":392,"column":51}},"392":{"start":{"line":393,"column":0},"end":{"line":393,"column":79}},"393":{"start":{"line":394,"column":0},"end":{"line":394,"column":1}},"394":{"start":{"line":395,"column":0},"end":{"line":395,"column":0}},"395":{"start":{"line":396,"column":0},"end":{"line":396,"column":45}},"396":{"start":{"line":397,"column":0},"end":{"line":397,"column":73}},"397":{"start":{"line":398,"column":0},"end":{"line":398,"column":35}},"398":{"start":{"line":399,"column":0},"end":{"line":399,"column":0}},"399":{"start":{"line":400,"column":0},"end":{"line":400,"column":97}},"400":{"start":{"line":401,"column":0},"end":{"line":401,"column":11}},"401":{"start":{"line":402,"column":0},"end":{"line":402,"column":92}},"402":{"start":{"line":403,"column":0},"end":{"line":403,"column":1}},"403":{"start":{"line":404,"column":0},"end":{"line":404,"column":0}},"404":{"start":{"line":405,"column":0},"end":{"line":405,"column":56}},"405":{"start":{"line":406,"column":0},"end":{"line":406,"column":53}},"406":{"start":{"line":407,"column":0},"end":{"line":407,"column":54}},"407":{"start":{"line":408,"column":0},"end":{"line":408,"column":65}},"408":{"start":{"line":409,"column":0},"end":{"line":409,"column":1}},"409":{"start":{"line":410,"column":0},"end":{"line":410,"column":0}},"410":{"start":{"line":411,"column":0},"end":{"line":411,"column":63}},"411":{"start":{"line":412,"column":0},"end":{"line":412,"column":38}},"412":{"start":{"line":413,"column":0},"end":{"line":413,"column":1}},"413":{"start":{"line":414,"column":0},"end":{"line":414,"column":0}},"414":{"start":{"line":415,"column":0},"end":{"line":415,"column":48}},"415":{"start":{"line":416,"column":0},"end":{"line":416,"column":35}},"416":{"start":{"line":417,"column":0},"end":{"line":417,"column":51}},"417":{"start":{"line":418,"column":0},"end":{"line":418,"column":54}},"418":{"start":{"line":419,"column":0},"end":{"line":419,"column":3}},"419":{"start":{"line":420,"column":0},"end":{"line":420,"column":0}},"420":{"start":{"line":421,"column":0},"end":{"line":421,"column":17}},"421":{"start":{"line":422,"column":0},"end":{"line":422,"column":14}},"422":{"start":{"line":423,"column":0},"end":{"line":423,"column":3}},"423":{"start":{"line":424,"column":0},"end":{"line":424,"column":10}},"424":{"start":{"line":425,"column":0},"end":{"line":425,"column":1}},"425":{"start":{"line":426,"column":0},"end":{"line":426,"column":0}},"426":{"start":{"line":427,"column":0},"end":{"line":427,"column":52}},"427":{"start":{"line":428,"column":0},"end":{"line":428,"column":51}},"428":{"start":{"line":429,"column":0},"end":{"line":429,"column":0}},"429":{"start":{"line":430,"column":0},"end":{"line":430,"column":28}},"430":{"start":{"line":431,"column":0},"end":{"line":431,"column":26}},"431":{"start":{"line":432,"column":0},"end":{"line":432,"column":24}},"432":{"start":{"line":433,"column":0},"end":{"line":433,"column":5}},"433":{"start":{"line":434,"column":0},"end":{"line":434,"column":20}},"434":{"start":{"line":435,"column":0},"end":{"line":435,"column":3}},"435":{"start":{"line":436,"column":0},"end":{"line":436,"column":0}},"436":{"start":{"line":437,"column":0},"end":{"line":437,"column":74}},"437":{"start":{"line":438,"column":0},"end":{"line":438,"column":20}},"438":{"start":{"line":439,"column":0},"end":{"line":439,"column":1}},"439":{"start":{"line":440,"column":0},"end":{"line":440,"column":0}},"440":{"start":{"line":441,"column":0},"end":{"line":441,"column":48}},"441":{"start":{"line":442,"column":0},"end":{"line":442,"column":41}},"442":{"start":{"line":443,"column":0},"end":{"line":443,"column":0}},"443":{"start":{"line":444,"column":0},"end":{"line":444,"column":25}},"444":{"start":{"line":445,"column":0},"end":{"line":445,"column":11}},"445":{"start":{"line":446,"column":0},"end":{"line":446,"column":32}},"446":{"start":{"line":447,"column":0},"end":{"line":447,"column":11}},"447":{"start":{"line":448,"column":0},"end":{"line":448,"column":34}},"448":{"start":{"line":449,"column":0},"end":{"line":449,"column":11}},"449":{"start":{"line":450,"column":0},"end":{"line":450,"column":46}},"450":{"start":{"line":451,"column":0},"end":{"line":451,"column":11}},"451":{"start":{"line":452,"column":0},"end":{"line":452,"column":60}},"452":{"start":{"line":453,"column":0},"end":{"line":453,"column":12}},"453":{"start":{"line":454,"column":0},"end":{"line":454,"column":71}},"454":{"start":{"line":455,"column":0},"end":{"line":455,"column":3}},"455":{"start":{"line":456,"column":0},"end":{"line":456,"column":1}},"456":{"start":{"line":457,"column":0},"end":{"line":457,"column":0}},"457":{"start":{"line":458,"column":0},"end":{"line":458,"column":48}},"458":{"start":{"line":459,"column":0},"end":{"line":459,"column":46}},"459":{"start":{"line":460,"column":0},"end":{"line":460,"column":44}},"460":{"start":{"line":461,"column":0},"end":{"line":461,"column":3}},"461":{"start":{"line":462,"column":0},"end":{"line":462,"column":58}},"462":{"start":{"line":463,"column":0},"end":{"line":463,"column":1}},"463":{"start":{"line":464,"column":0},"end":{"line":464,"column":0}},"464":{"start":{"line":465,"column":0},"end":{"line":465,"column":47}},"465":{"start":{"line":466,"column":0},"end":{"line":466,"column":22}},"466":{"start":{"line":467,"column":0},"end":{"line":467,"column":33}},"467":{"start":{"line":468,"column":0},"end":{"line":468,"column":37}},"468":{"start":{"line":469,"column":0},"end":{"line":469,"column":23}},"469":{"start":{"line":470,"column":0},"end":{"line":470,"column":5}},"470":{"start":{"line":471,"column":0},"end":{"line":471,"column":3}},"471":{"start":{"line":472,"column":0},"end":{"line":472,"column":57}},"472":{"start":{"line":473,"column":0},"end":{"line":473,"column":1}},"473":{"start":{"line":474,"column":0},"end":{"line":474,"column":0}},"474":{"start":{"line":475,"column":0},"end":{"line":475,"column":53}},"475":{"start":{"line":476,"column":0},"end":{"line":476,"column":49}},"476":{"start":{"line":477,"column":0},"end":{"line":477,"column":51}},"477":{"start":{"line":478,"column":0},"end":{"line":478,"column":0}},"478":{"start":{"line":479,"column":0},"end":{"line":479,"column":26}},"479":{"start":{"line":480,"column":0},"end":{"line":480,"column":26}},"480":{"start":{"line":481,"column":0},"end":{"line":481,"column":24}},"481":{"start":{"line":482,"column":0},"end":{"line":482,"column":16}},"482":{"start":{"line":483,"column":0},"end":{"line":483,"column":7}},"483":{"start":{"line":484,"column":0},"end":{"line":484,"column":20}},"484":{"start":{"line":485,"column":0},"end":{"line":485,"column":5}},"485":{"start":{"line":486,"column":0},"end":{"line":486,"column":0}},"486":{"start":{"line":487,"column":0},"end":{"line":487,"column":67}},"487":{"start":{"line":488,"column":0},"end":{"line":488,"column":3}},"488":{"start":{"line":489,"column":0},"end":{"line":489,"column":0}},"489":{"start":{"line":490,"column":0},"end":{"line":490,"column":39}},"490":{"start":{"line":491,"column":0},"end":{"line":491,"column":60}},"491":{"start":{"line":492,"column":0},"end":{"line":492,"column":31}},"492":{"start":{"line":493,"column":0},"end":{"line":493,"column":1}},"493":{"start":{"line":494,"column":0},"end":{"line":494,"column":0}},"494":{"start":{"line":495,"column":0},"end":{"line":495,"column":47}},"495":{"start":{"line":496,"column":0},"end":{"line":496,"column":20}},"496":{"start":{"line":497,"column":0},"end":{"line":497,"column":42}},"497":{"start":{"line":498,"column":0},"end":{"line":498,"column":0}},"498":{"start":{"line":499,"column":0},"end":{"line":499,"column":24}},"499":{"start":{"line":500,"column":0},"end":{"line":500,"column":29}},"500":{"start":{"line":501,"column":0},"end":{"line":501,"column":18}},"501":{"start":{"line":502,"column":0},"end":{"line":502,"column":5}},"502":{"start":{"line":503,"column":0},"end":{"line":503,"column":3}},"503":{"start":{"line":504,"column":0},"end":{"line":504,"column":0}},"504":{"start":{"line":505,"column":0},"end":{"line":505,"column":19}},"505":{"start":{"line":506,"column":0},"end":{"line":506,"column":1}},"506":{"start":{"line":507,"column":0},"end":{"line":507,"column":0}},"507":{"start":{"line":508,"column":0},"end":{"line":508,"column":52}},"508":{"start":{"line":509,"column":0},"end":{"line":509,"column":59}},"509":{"start":{"line":510,"column":0},"end":{"line":510,"column":29}},"510":{"start":{"line":511,"column":0},"end":{"line":511,"column":1}},"511":{"start":{"line":512,"column":0},"end":{"line":512,"column":0}},"512":{"start":{"line":513,"column":0},"end":{"line":513,"column":51}},"513":{"start":{"line":514,"column":0},"end":{"line":514,"column":20}},"514":{"start":{"line":515,"column":0},"end":{"line":515,"column":39}},"515":{"start":{"line":516,"column":0},"end":{"line":516,"column":0}},"516":{"start":{"line":517,"column":0},"end":{"line":517,"column":24}},"517":{"start":{"line":518,"column":0},"end":{"line":518,"column":40}},"518":{"start":{"line":519,"column":0},"end":{"line":519,"column":18}},"519":{"start":{"line":520,"column":0},"end":{"line":520,"column":5}},"520":{"start":{"line":521,"column":0},"end":{"line":521,"column":0}},"521":{"start":{"line":522,"column":0},"end":{"line":522,"column":13}},"522":{"start":{"line":523,"column":0},"end":{"line":523,"column":21}},"523":{"start":{"line":524,"column":0},"end":{"line":524,"column":21}},"524":{"start":{"line":525,"column":0},"end":{"line":525,"column":8}},"525":{"start":{"line":526,"column":0},"end":{"line":526,"column":3}},"526":{"start":{"line":527,"column":0},"end":{"line":527,"column":0}},"527":{"start":{"line":528,"column":0},"end":{"line":528,"column":38}},"528":{"start":{"line":529,"column":0},"end":{"line":529,"column":1}},"529":{"start":{"line":530,"column":0},"end":{"line":530,"column":0}},"530":{"start":{"line":531,"column":0},"end":{"line":531,"column":49}},"531":{"start":{"line":532,"column":0},"end":{"line":532,"column":21}},"532":{"start":{"line":533,"column":0},"end":{"line":533,"column":26}},"533":{"start":{"line":534,"column":0},"end":{"line":534,"column":14}},"534":{"start":{"line":535,"column":0},"end":{"line":535,"column":1}},"535":{"start":{"line":536,"column":0},"end":{"line":536,"column":0}},"536":{"start":{"line":537,"column":0},"end":{"line":537,"column":49}},"537":{"start":{"line":538,"column":0},"end":{"line":538,"column":25}},"538":{"start":{"line":539,"column":0},"end":{"line":539,"column":1}},"539":{"start":{"line":540,"column":0},"end":{"line":540,"column":0}},"540":{"start":{"line":541,"column":0},"end":{"line":541,"column":50}},"541":{"start":{"line":542,"column":0},"end":{"line":542,"column":13}},"542":{"start":{"line":543,"column":0},"end":{"line":543,"column":15}},"543":{"start":{"line":544,"column":0},"end":{"line":544,"column":34}},"544":{"start":{"line":545,"column":0},"end":{"line":545,"column":14}},"545":{"start":{"line":546,"column":0},"end":{"line":546,"column":1}},"546":{"start":{"line":547,"column":0},"end":{"line":547,"column":0}},"547":{"start":{"line":548,"column":0},"end":{"line":548,"column":66}},"548":{"start":{"line":549,"column":0},"end":{"line":549,"column":39}},"549":{"start":{"line":550,"column":0},"end":{"line":550,"column":1}},"550":{"start":{"line":551,"column":0},"end":{"line":551,"column":0}},"551":{"start":{"line":552,"column":0},"end":{"line":552,"column":50}},"552":{"start":{"line":553,"column":0},"end":{"line":553,"column":49}},"553":{"start":{"line":554,"column":0},"end":{"line":554,"column":51}},"554":{"start":{"line":555,"column":0},"end":{"line":555,"column":1}},"555":{"start":{"line":556,"column":0},"end":{"line":556,"column":0}},"556":{"start":{"line":557,"column":0},"end":{"line":557,"column":54}},"557":{"start":{"line":558,"column":0},"end":{"line":558,"column":43}},"558":{"start":{"line":559,"column":0},"end":{"line":559,"column":65}},"559":{"start":{"line":560,"column":0},"end":{"line":560,"column":51}},"560":{"start":{"line":561,"column":0},"end":{"line":561,"column":1}},"561":{"start":{"line":562,"column":0},"end":{"line":562,"column":0}},"562":{"start":{"line":563,"column":0},"end":{"line":563,"column":38}},"563":{"start":{"line":564,"column":0},"end":{"line":564,"column":27}},"564":{"start":{"line":565,"column":0},"end":{"line":565,"column":30}},"565":{"start":{"line":566,"column":0},"end":{"line":566,"column":34}},"566":{"start":{"line":567,"column":0},"end":{"line":567,"column":10}},"567":{"start":{"line":568,"column":0},"end":{"line":568,"column":42}},"568":{"start":{"line":569,"column":0},"end":{"line":569,"column":19}},"569":{"start":{"line":570,"column":0},"end":{"line":570,"column":3}},"570":{"start":{"line":571,"column":0},"end":{"line":571,"column":1}},"571":{"start":{"line":572,"column":0},"end":{"line":572,"column":0}},"572":{"start":{"line":573,"column":0},"end":{"line":573,"column":44}},"573":{"start":{"line":574,"column":0},"end":{"line":574,"column":10}},"574":{"start":{"line":575,"column":0},"end":{"line":575,"column":14}},"575":{"start":{"line":576,"column":0},"end":{"line":576,"column":26}},"576":{"start":{"line":577,"column":0},"end":{"line":577,"column":13}},"577":{"start":{"line":578,"column":0},"end":{"line":578,"column":1}},"578":{"start":{"line":579,"column":0},"end":{"line":579,"column":0}},"579":{"start":{"line":580,"column":0},"end":{"line":580,"column":46}},"580":{"start":{"line":581,"column":0},"end":{"line":581,"column":61}},"581":{"start":{"line":582,"column":0},"end":{"line":582,"column":30}},"582":{"start":{"line":583,"column":0},"end":{"line":583,"column":26}},"583":{"start":{"line":584,"column":0},"end":{"line":584,"column":7}},"584":{"start":{"line":585,"column":0},"end":{"line":585,"column":25}},"585":{"start":{"line":586,"column":0},"end":{"line":586,"column":1}},"586":{"start":{"line":587,"column":0},"end":{"line":587,"column":0}},"587":{"start":{"line":588,"column":0},"end":{"line":588,"column":44}},"588":{"start":{"line":589,"column":0},"end":{"line":589,"column":67}},"589":{"start":{"line":590,"column":0},"end":{"line":590,"column":1}},"590":{"start":{"line":591,"column":0},"end":{"line":591,"column":0}},"591":{"start":{"line":592,"column":0},"end":{"line":592,"column":50}},"592":{"start":{"line":593,"column":0},"end":{"line":593,"column":56}},"593":{"start":{"line":594,"column":0},"end":{"line":594,"column":1}},"594":{"start":{"line":595,"column":0},"end":{"line":595,"column":0}},"595":{"start":{"line":596,"column":0},"end":{"line":596,"column":49}},"596":{"start":{"line":597,"column":0},"end":{"line":597,"column":12}},"597":{"start":{"line":598,"column":0},"end":{"line":598,"column":14}},"598":{"start":{"line":599,"column":0},"end":{"line":599,"column":20}},"599":{"start":{"line":600,"column":0},"end":{"line":600,"column":13}},"600":{"start":{"line":601,"column":0},"end":{"line":601,"column":1}},"601":{"start":{"line":602,"column":0},"end":{"line":602,"column":0}},"602":{"start":{"line":603,"column":0},"end":{"line":603,"column":57}},"603":{"start":{"line":604,"column":0},"end":{"line":604,"column":20}},"604":{"start":{"line":605,"column":0},"end":{"line":605,"column":1}},"605":{"start":{"line":606,"column":0},"end":{"line":606,"column":0}},"606":{"start":{"line":607,"column":0},"end":{"line":607,"column":57}},"607":{"start":{"line":608,"column":0},"end":{"line":608,"column":26}},"608":{"start":{"line":609,"column":0},"end":{"line":609,"column":32}},"609":{"start":{"line":610,"column":0},"end":{"line":610,"column":15}},"610":{"start":{"line":611,"column":0},"end":{"line":611,"column":3}},"611":{"start":{"line":612,"column":0},"end":{"line":612,"column":12}},"612":{"start":{"line":613,"column":0},"end":{"line":613,"column":1}},"613":{"start":{"line":614,"column":0},"end":{"line":614,"column":0}},"614":{"start":{"line":615,"column":0},"end":{"line":615,"column":45}},"615":{"start":{"line":616,"column":0},"end":{"line":616,"column":39}},"616":{"start":{"line":617,"column":0},"end":{"line":617,"column":52}},"617":{"start":{"line":618,"column":0},"end":{"line":618,"column":1}},"618":{"start":{"line":619,"column":0},"end":{"line":619,"column":0}},"619":{"start":{"line":620,"column":0},"end":{"line":620,"column":49}},"620":{"start":{"line":621,"column":0},"end":{"line":621,"column":26}},"621":{"start":{"line":622,"column":0},"end":{"line":622,"column":31}},"622":{"start":{"line":623,"column":0},"end":{"line":623,"column":15}},"623":{"start":{"line":624,"column":0},"end":{"line":624,"column":3}},"624":{"start":{"line":625,"column":0},"end":{"line":625,"column":12}},"625":{"start":{"line":626,"column":0},"end":{"line":626,"column":1}},"626":{"start":{"line":627,"column":0},"end":{"line":627,"column":0}},"627":{"start":{"line":628,"column":0},"end":{"line":628,"column":47}},"628":{"start":{"line":629,"column":0},"end":{"line":629,"column":28}},"629":{"start":{"line":630,"column":0},"end":{"line":630,"column":1}}},"s":{"0":1,"1":5,"2":5,"3":1,"4":1,"5":7,"6":515,"7":515,"8":7,"9":7,"10":7,"11":515,"12":25,"13":25,"14":515,"15":7,"16":7,"17":1,"18":1,"19":4,"20":6,"21":6,"22":6,"23":6,"24":6,"25":6,"26":4,"27":4,"28":6,"29":6,"30":6,"31":6,"32":6,"33":6,"34":6,"35":2,"36":1,"37":1,"38":5,"39":5,"40":5,"41":27,"42":27,"43":27,"44":27,"45":27,"46":27,"47":5,"48":5,"49":5,"50":1,"51":1,"52":7,"53":7,"54":7,"55":26,"56":26,"57":26,"58":26,"59":26,"60":26,"61":7,"62":7,"63":26,"64":26,"65":7,"66":7,"67":7,"68":1,"69":1,"70":6,"71":17,"72":17,"73":11,"74":11,"75":17,"76":6,"77":6,"78":6,"79":6,"80":6,"81":6,"82":6,"83":6,"84":6,"85":6,"86":1,"87":1,"88":4,"89":4,"90":4,"91":4,"92":23,"93":23,"94":23,"95":4,"96":4,"97":1,"98":1,"99":2,"100":2,"101":2,"102":2,"103":2,"104":2,"105":2,"106":1,"107":1,"108":3,"109":3,"110":3,"111":9,"112":9,"113":7,"114":7,"115":9,"116":3,"117":3,"118":3,"119":3,"120":3,"121":3,"122":3,"123":3,"124":3,"125":3,"126":1,"127":1,"128":3,"129":3,"130":3,"131":16,"132":16,"133":32,"134":32,"135":16,"136":16,"137":3,"138":3,"139":3,"140":3,"141":3,"142":3,"143":3,"144":3,"145":3,"146":3,"147":3,"148":3,"149":3,"150":1,"151":1,"152":6,"153":6,"154":6,"155":2,"156":2,"157":2,"158":6,"159":4,"160":4,"161":1,"162":1,"163":1,"164":1,"165":1,"166":3,"167":3,"168":3,"169":3,"170":12,"171":4,"172":12,"173":8,"174":8,"175":12,"176":3,"177":3,"178":3,"179":1,"180":1,"181":3,"182":3,"183":3,"184":3,"185":3,"186":1,"187":1,"188":4,"189":14,"190":7,"191":4,"192":4,"193":1,"194":1,"195":3,"196":20,"197":20,"198":20,"199":3,"200":3,"201":1,"202":1,"203":3,"204":3,"205":3,"206":3,"207":3,"208":3,"209":3,"210":3,"211":3,"212":3,"213":3,"214":3,"215":3,"216":6,"217":6,"218":14,"219":14,"220":6,"221":6,"222":3,"223":3,"224":3,"225":6,"226":6,"227":6,"228":6,"229":6,"230":6,"231":3,"232":3,"233":1,"234":1,"235":3,"236":5,"237":5,"238":5,"239":5,"240":2,"241":2,"242":5,"243":1,"244":1,"245":1,"246":1,"247":1,"248":3,"249":3,"250":3,"251":1,"252":1,"253":2,"254":11,"255":11,"256":11,"257":2,"258":2,"259":2,"260":2,"261":2,"262":2,"263":2,"264":2,"265":1,"266":1,"267":3,"268":3,"269":3,"270":7,"271":7,"272":7,"273":7,"274":3,"275":3,"276":3,"277":1,"278":1,"279":4,"280":4,"281":4,"282":16,"283":16,"284":16,"285":16,"286":16,"287":1,"288":1,"289":1,"290":1,"291":1,"292":1,"293":1,"294":1,"295":1,"296":1,"297":1,"298":1,"299":3,"300":3,"301":3,"302":1,"303":1,"304":3,"305":3,"306":3,"307":3,"308":3,"309":3,"310":3,"311":3,"312":1,"313":1,"314":1,"315":15,"316":6,"317":6,"318":15,"319":1,"320":1,"321":1,"322":1,"323":1,"324":1,"325":1,"326":11,"327":8,"328":11,"329":76,"330":76,"331":76,"332":8,"333":8,"334":8,"335":8,"336":8,"337":8,"338":8,"339":8,"340":8,"341":8,"342":1,"343":1,"344":4,"345":4,"346":4,"347":20,"348":20,"349":20,"350":4,"351":4,"352":4,"353":1,"354":1,"355":3,"356":8,"357":3,"358":3,"359":3,"360":1,"361":1,"362":4,"363":4,"364":1,"365":1,"366":4,"367":4,"368":4,"369":13,"370":13,"371":13,"372":9,"373":9,"374":13,"375":4,"376":4,"377":13,"378":4,"379":4,"380":4,"381":4,"382":4,"383":4,"384":4,"385":4,"386":4,"387":4,"388":4,"389":1,"390":1,"391":3,"392":3,"393":3,"394":1,"395":1,"396":4,"397":4,"398":4,"399":4,"400":4,"401":4,"402":4,"403":1,"404":1,"405":5,"406":5,"407":5,"408":5,"409":1,"410":1,"411":4,"412":4,"413":1,"414":1,"415":2,"416":3,"417":3,"418":3,"419":2,"420":2,"421":3,"422":3,"423":2,"424":2,"425":1,"426":1,"427":4,"428":4,"429":4,"430":30,"431":14,"432":14,"433":30,"434":30,"435":4,"436":4,"437":4,"438":4,"439":1,"440":1,"441":5,"442":5,"443":5,"444":5,"445":1,"446":5,"447":1,"448":5,"449":1,"450":5,"451":1,"452":5,"453":1,"454":5,"455":5,"456":1,"457":1,"458":7,"459":9,"460":9,"461":7,"462":7,"463":1,"464":1,"465":3,"466":3,"467":30,"468":14,"469":14,"470":30,"471":3,"472":3,"473":1,"474":1,"475":4,"476":4,"477":4,"478":4,"479":41,"480":27,"481":27,"482":27,"483":14,"484":14,"485":4,"486":4,"487":4,"488":4,"489":4,"490":4,"491":4,"492":4,"493":1,"494":1,"495":1,"496":1,"497":1,"498":1,"499":11,"500":5,"501":5,"502":11,"503":1,"504":1,"505":1,"506":1,"507":1,"508":2,"509":2,"510":2,"511":1,"512":1,"513":2,"514":2,"515":2,"516":2,"517":36,"518":8,"519":8,"520":36,"521":36,"522":36,"523":36,"524":36,"525":36,"526":2,"527":2,"528":2,"529":1,"530":1,"531":4,"532":4,"533":2,"534":2,"535":1,"536":1,"537":4,"538":4,"539":1,"540":1,"541":3,"542":3,"543":3,"544":3,"545":3,"546":1,"547":1,"548":8,"549":8,"550":1,"551":1,"552":8,"553":8,"554":8,"555":1,"556":1,"557":3,"558":3,"559":3,"560":3,"561":1,"562":1,"563":2,"564":1,"565":1,"566":1,"567":1,"568":1,"569":1,"570":2,"571":1,"572":1,"573":4,"574":4,"575":4,"576":4,"577":4,"578":1,"579":1,"580":4,"581":10,"582":10,"583":4,"584":4,"585":4,"586":1,"587":1,"588":5,"589":5,"590":1,"591":1,"592":3,"593":3,"594":1,"595":1,"596":6,"597":6,"598":6,"599":6,"600":6,"601":1,"602":1,"603":1,"604":1,"605":1,"606":1,"607":2,"608":2,"609":9,"610":9,"611":2,"612":2,"613":1,"614":1,"615":4,"616":4,"617":4,"618":1,"619":1,"620":1,"621":1,"622":5,"623":5,"624":1,"625":1,"626":1,"627":1,"628":3,"629":3},"branchMap":{"0":{"type":"branch","line":1,"loc":{"start":{"line":1,"column":7},"end":{"line":3,"column":1}},"locations":[{"start":{"line":1,"column":7},"end":{"line":3,"column":1}}]},"1":{"type":"branch","line":2,"loc":{"start":{"line":2,"column":30},"end":{"line":2,"column":50}},"locations":[{"start":{"line":2,"column":30},"end":{"line":2,"column":50}}]},"2":{"type":"branch","line":5,"loc":{"start":{"line":5,"column":7},"end":{"line":17,"column":1}},"locations":[{"start":{"line":5,"column":7},"end":{"line":17,"column":1}}]},"3":{"type":"branch","line":11,"loc":{"start":{"line":11,"column":31},"end":{"line":15,"column":3}},"locations":[{"start":{"line":11,"column":31},"end":{"line":15,"column":3}}]},"4":{"type":"branch","line":12,"loc":{"start":{"line":12,"column":22},"end":{"line":14,"column":5}},"locations":[{"start":{"line":12,"column":22},"end":{"line":14,"column":5}}]},"5":{"type":"branch","line":6,"loc":{"start":{"line":6,"column":14},"end":{"line":8,"column":3}},"locations":[{"start":{"line":6,"column":14},"end":{"line":8,"column":3}}]},"6":{"type":"branch","line":7,"loc":{"start":{"line":7,"column":33},"end":{"line":7,"column":90}},"locations":[{"start":{"line":7,"column":33},"end":{"line":7,"column":90}}]},"7":{"type":"branch","line":19,"loc":{"start":{"line":19,"column":7},"end":{"line":36,"column":1}},"locations":[{"start":{"line":19,"column":7},"end":{"line":36,"column":1}}]},"8":{"type":"branch","line":20,"loc":{"start":{"line":20,"column":43},"end":{"line":35,"column":3}},"locations":[{"start":{"line":20,"column":43},"end":{"line":35,"column":3}}]},"9":{"type":"branch","line":26,"loc":{"start":{"line":26,"column":14},"end":{"line":26,"column":29}},"locations":[{"start":{"line":26,"column":14},"end":{"line":26,"column":29}}]},"10":{"type":"branch","line":26,"loc":{"start":{"line":26,"column":29},"end":{"line":28,"column":5}},"locations":[{"start":{"line":26,"column":29},"end":{"line":28,"column":5}}]},"11":{"type":"branch","line":35,"loc":{"start":{"line":35,"column":2},"end":{"line":36,"column":1}},"locations":[{"start":{"line":35,"column":2},"end":{"line":36,"column":1}}]},"12":{"type":"branch","line":21,"loc":{"start":{"line":21,"column":32},"end":{"line":21,"column":62}},"locations":[{"start":{"line":21,"column":32},"end":{"line":21,"column":62}}]},"13":{"type":"branch","line":38,"loc":{"start":{"line":38,"column":7},"end":{"line":50,"column":1}},"locations":[{"start":{"line":38,"column":7},"end":{"line":50,"column":1}}]},"14":{"type":"branch","line":41,"loc":{"start":{"line":41,"column":9},"end":{"line":48,"column":5}},"locations":[{"start":{"line":41,"column":9},"end":{"line":48,"column":5}}]},"15":{"type":"branch","line":49,"loc":{"start":{"line":49,"column":12},"end":{"line":49,"column":32}},"locations":[{"start":{"line":49,"column":12},"end":{"line":49,"column":32}}]},"16":{"type":"branch","line":52,"loc":{"start":{"line":52,"column":7},"end":{"line":68,"column":1}},"locations":[{"start":{"line":52,"column":7},"end":{"line":68,"column":1}}]},"17":{"type":"branch","line":63,"loc":{"start":{"line":63,"column":29},"end":{"line":65,"column":3}},"locations":[{"start":{"line":63,"column":29},"end":{"line":65,"column":3}}]},"18":{"type":"branch","line":55,"loc":{"start":{"line":55,"column":22},"end":{"line":61,"column":3}},"locations":[{"start":{"line":55,"column":22},"end":{"line":61,"column":3}}]},"19":{"type":"branch","line":57,"loc":{"start":{"line":57,"column":30},"end":{"line":57,"column":44}},"locations":[{"start":{"line":57,"column":30},"end":{"line":57,"column":44}}]},"20":{"type":"branch","line":70,"loc":{"start":{"line":70,"column":7},"end":{"line":86,"column":1}},"locations":[{"start":{"line":70,"column":7},"end":{"line":86,"column":1}}]},"21":{"type":"branch","line":71,"loc":{"start":{"line":71,"column":33},"end":{"line":77,"column":5}},"locations":[{"start":{"line":71,"column":33},"end":{"line":77,"column":5}}]},"22":{"type":"branch","line":73,"loc":{"start":{"line":73,"column":17},"end":{"line":75,"column":5}},"locations":[{"start":{"line":73,"column":17},"end":{"line":75,"column":5}}]},"23":{"type":"branch","line":72,"loc":{"start":{"line":72,"column":28},"end":{"line":72,"column":52}},"locations":[{"start":{"line":72,"column":28},"end":{"line":72,"column":52}}]},"24":{"type":"branch","line":88,"loc":{"start":{"line":88,"column":7},"end":{"line":97,"column":1}},"locations":[{"start":{"line":88,"column":7},"end":{"line":97,"column":1}}]},"25":{"type":"branch","line":89,"loc":{"start":{"line":89,"column":59},"end":{"line":89,"column":68}},"locations":[{"start":{"line":89,"column":59},"end":{"line":89,"column":68}}]},"26":{"type":"branch","line":92,"loc":{"start":{"line":92,"column":21},"end":{"line":95,"column":3}},"locations":[{"start":{"line":92,"column":21},"end":{"line":95,"column":3}}]},"27":{"type":"branch","line":99,"loc":{"start":{"line":99,"column":7},"end":{"line":106,"column":1}},"locations":[{"start":{"line":99,"column":7},"end":{"line":106,"column":1}}]},"28":{"type":"branch","line":100,"loc":{"start":{"line":100,"column":18},"end":{"line":100,"column":30}},"locations":[{"start":{"line":100,"column":18},"end":{"line":100,"column":30}}]},"29":{"type":"branch","line":102,"loc":{"start":{"line":102,"column":10},"end":{"line":102,"column":25}},"locations":[{"start":{"line":102,"column":10},"end":{"line":102,"column":25}}]},"30":{"type":"branch","line":103,"loc":{"start":{"line":103,"column":10},"end":{"line":103,"column":25}},"locations":[{"start":{"line":103,"column":10},"end":{"line":103,"column":25}}]},"31":{"type":"branch","line":105,"loc":{"start":{"line":105,"column":18},"end":{"line":105,"column":44}},"locations":[{"start":{"line":105,"column":18},"end":{"line":105,"column":44}}]},"32":{"type":"branch","line":108,"loc":{"start":{"line":108,"column":7},"end":{"line":126,"column":1}},"locations":[{"start":{"line":108,"column":7},"end":{"line":126,"column":1}}]},"33":{"type":"branch","line":111,"loc":{"start":{"line":111,"column":59},"end":{"line":116,"column":3}},"locations":[{"start":{"line":111,"column":59},"end":{"line":116,"column":3}}]},"34":{"type":"branch","line":113,"loc":{"start":{"line":113,"column":13},"end":{"line":115,"column":5}},"locations":[{"start":{"line":113,"column":13},"end":{"line":115,"column":5}}]},"35":{"type":"branch","line":128,"loc":{"start":{"line":128,"column":7},"end":{"line":150,"column":1}},"locations":[{"start":{"line":128,"column":7},"end":{"line":150,"column":1}}]},"36":{"type":"branch","line":146,"loc":{"start":{"line":146,"column":58},"end":{"line":146,"column":67}},"locations":[{"start":{"line":146,"column":58},"end":{"line":146,"column":67}}]},"37":{"type":"branch","line":129,"loc":{"start":{"line":129,"column":29},"end":{"line":139,"column":3}},"locations":[{"start":{"line":129,"column":29},"end":{"line":139,"column":3}}]},"38":{"type":"branch","line":131,"loc":{"start":{"line":131,"column":44},"end":{"line":137,"column":5}},"locations":[{"start":{"line":131,"column":44},"end":{"line":137,"column":5}}]},"39":{"type":"branch","line":133,"loc":{"start":{"line":133,"column":34},"end":{"line":135,"column":7}},"locations":[{"start":{"line":133,"column":34},"end":{"line":135,"column":7}}]},"40":{"type":"branch","line":141,"loc":{"start":{"line":141,"column":28},"end":{"line":144,"column":3}},"locations":[{"start":{"line":141,"column":28},"end":{"line":144,"column":3}}]},"41":{"type":"branch","line":142,"loc":{"start":{"line":142,"column":20},"end":{"line":142,"column":49}},"locations":[{"start":{"line":142,"column":20},"end":{"line":142,"column":49}}]},"42":{"type":"branch","line":152,"loc":{"start":{"line":152,"column":7},"end":{"line":164,"column":1}},"locations":[{"start":{"line":152,"column":7},"end":{"line":164,"column":1}}]},"43":{"type":"branch","line":153,"loc":{"start":{"line":153,"column":15},"end":{"line":154,"column":24}},"locations":[{"start":{"line":153,"column":15},"end":{"line":154,"column":24}}]},"44":{"type":"branch","line":154,"loc":{"start":{"line":154,"column":17},"end":{"line":154,"column":28}},"locations":[{"start":{"line":154,"column":17},"end":{"line":154,"column":28}}]},"45":{"type":"branch","line":154,"loc":{"start":{"line":154,"column":24},"end":{"line":155,"column":28}},"locations":[{"start":{"line":154,"column":24},"end":{"line":155,"column":28}}]},"46":{"type":"branch","line":155,"loc":{"start":{"line":155,"column":21},"end":{"line":155,"column":33}},"locations":[{"start":{"line":155,"column":21},"end":{"line":155,"column":33}}]},"47":{"type":"branch","line":155,"loc":{"start":{"line":155,"column":28},"end":{"line":159,"column":37}},"locations":[{"start":{"line":155,"column":28},"end":{"line":159,"column":37}}]},"48":{"type":"branch","line":159,"loc":{"start":{"line":159,"column":37},"end":{"line":161,"column":3}},"locations":[{"start":{"line":159,"column":37},"end":{"line":161,"column":3}}]},"49":{"type":"branch","line":160,"loc":{"start":{"line":160,"column":23},"end":{"line":160,"column":35}},"locations":[{"start":{"line":160,"column":23},"end":{"line":160,"column":35}}]},"50":{"type":"branch","line":161,"loc":{"start":{"line":161,"column":2},"end":{"line":164,"column":1}},"locations":[{"start":{"line":161,"column":2},"end":{"line":164,"column":1}}]},"51":{"type":"branch","line":166,"loc":{"start":{"line":166,"column":7},"end":{"line":179,"column":1}},"locations":[{"start":{"line":166,"column":7},"end":{"line":179,"column":1}}]},"52":{"type":"branch","line":170,"loc":{"start":{"line":170,"column":26},"end":{"line":176,"column":3}},"locations":[{"start":{"line":170,"column":26},"end":{"line":176,"column":3}}]},"53":{"type":"branch","line":171,"loc":{"start":{"line":171,"column":17},"end":{"line":171,"column":62}},"locations":[{"start":{"line":171,"column":17},"end":{"line":171,"column":62}}]},"54":{"type":"branch","line":171,"loc":{"start":{"line":171,"column":62},"end":{"line":173,"column":11}},"locations":[{"start":{"line":171,"column":62},"end":{"line":173,"column":11}}]},"55":{"type":"branch","line":173,"loc":{"start":{"line":173,"column":4},"end":{"line":175,"column":5}},"locations":[{"start":{"line":173,"column":4},"end":{"line":175,"column":5}}]},"56":{"type":"branch","line":181,"loc":{"start":{"line":181,"column":7},"end":{"line":186,"column":1}},"locations":[{"start":{"line":181,"column":7},"end":{"line":186,"column":1}}]},"57":{"type":"branch","line":182,"loc":{"start":{"line":182,"column":34},"end":{"line":182,"column":46}},"locations":[{"start":{"line":182,"column":34},"end":{"line":182,"column":46}}]},"58":{"type":"branch","line":188,"loc":{"start":{"line":188,"column":7},"end":{"line":193,"column":1}},"locations":[{"start":{"line":188,"column":7},"end":{"line":193,"column":1}}]},"59":{"type":"branch","line":189,"loc":{"start":{"line":189,"column":20},"end":{"line":192,"column":5}},"locations":[{"start":{"line":189,"column":20},"end":{"line":192,"column":5}}]},"60":{"type":"branch","line":190,"loc":{"start":{"line":190,"column":38},"end":{"line":191,"column":14}},"locations":[{"start":{"line":190,"column":38},"end":{"line":191,"column":14}}]},"61":{"type":"branch","line":195,"loc":{"start":{"line":195,"column":7},"end":{"line":201,"column":1}},"locations":[{"start":{"line":195,"column":7},"end":{"line":201,"column":1}}]},"62":{"type":"branch","line":196,"loc":{"start":{"line":196,"column":20},"end":{"line":200,"column":5}},"locations":[{"start":{"line":196,"column":20},"end":{"line":200,"column":5}}]},"63":{"type":"branch","line":198,"loc":{"start":{"line":198,"column":19},"end":{"line":198,"column":32}},"locations":[{"start":{"line":198,"column":19},"end":{"line":198,"column":32}}]},"64":{"type":"branch","line":197,"loc":{"start":{"line":197,"column":29},"end":{"line":197,"column":43}},"locations":[{"start":{"line":197,"column":29},"end":{"line":197,"column":43}}]},"65":{"type":"branch","line":203,"loc":{"start":{"line":203,"column":28},"end":{"line":233,"column":1}},"locations":[{"start":{"line":203,"column":28},"end":{"line":233,"column":1}}]},"66":{"type":"branch","line":216,"loc":{"start":{"line":216,"column":37},"end":{"line":222,"column":3}},"locations":[{"start":{"line":216,"column":37},"end":{"line":222,"column":3}}]},"67":{"type":"branch","line":218,"loc":{"start":{"line":218,"column":41},"end":{"line":220,"column":5}},"locations":[{"start":{"line":218,"column":41},"end":{"line":220,"column":5}}]},"68":{"type":"branch","line":225,"loc":{"start":{"line":225,"column":18},"end":{"line":232,"column":3}},"locations":[{"start":{"line":225,"column":18},"end":{"line":232,"column":3}}]},"69":{"type":"branch","line":235,"loc":{"start":{"line":235,"column":7},"end":{"line":246,"column":1}},"locations":[{"start":{"line":235,"column":7},"end":{"line":246,"column":1}}]},"70":{"type":"branch","line":236,"loc":{"start":{"line":236,"column":45},"end":{"line":243,"column":3}},"locations":[{"start":{"line":236,"column":45},"end":{"line":243,"column":3}}]},"71":{"type":"branch","line":240,"loc":{"start":{"line":240,"column":37},"end":{"line":242,"column":5}},"locations":[{"start":{"line":240,"column":37},"end":{"line":242,"column":5}}]},"72":{"type":"branch","line":243,"loc":{"start":{"line":243,"column":2},"end":{"line":246,"column":1}},"locations":[{"start":{"line":243,"column":2},"end":{"line":246,"column":1}}]},"73":{"type":"branch","line":248,"loc":{"start":{"line":248,"column":7},"end":{"line":251,"column":1}},"locations":[{"start":{"line":248,"column":7},"end":{"line":251,"column":1}}]},"74":{"type":"branch","line":249,"loc":{"start":{"line":249,"column":34},"end":{"line":249,"column":44}},"locations":[{"start":{"line":249,"column":34},"end":{"line":249,"column":44}}]},"75":{"type":"branch","line":249,"loc":{"start":{"line":249,"column":51},"end":{"line":249,"column":66}},"locations":[{"start":{"line":249,"column":51},"end":{"line":249,"column":66}}]},"76":{"type":"branch","line":250,"loc":{"start":{"line":250,"column":19},"end":{"line":250,"column":56}},"locations":[{"start":{"line":250,"column":19},"end":{"line":250,"column":56}}]},"77":{"type":"branch","line":250,"loc":{"start":{"line":250,"column":29},"end":{"line":250,"column":54}},"locations":[{"start":{"line":250,"column":29},"end":{"line":250,"column":54}}]},"78":{"type":"branch","line":250,"loc":{"start":{"line":250,"column":50},"end":{"line":250,"column":56}},"locations":[{"start":{"line":250,"column":50},"end":{"line":250,"column":56}}]},"79":{"type":"branch","line":253,"loc":{"start":{"line":253,"column":7},"end":{"line":265,"column":1}},"locations":[{"start":{"line":253,"column":7},"end":{"line":265,"column":1}}]},"80":{"type":"branch","line":254,"loc":{"start":{"line":254,"column":28},"end":{"line":258,"column":5}},"locations":[{"start":{"line":254,"column":28},"end":{"line":258,"column":5}}]},"81":{"type":"branch","line":255,"loc":{"start":{"line":255,"column":19},"end":{"line":255,"column":31}},"locations":[{"start":{"line":255,"column":19},"end":{"line":255,"column":31}}]},"82":{"type":"branch","line":260,"loc":{"start":{"line":260,"column":18},"end":{"line":260,"column":38}},"locations":[{"start":{"line":260,"column":18},"end":{"line":260,"column":38}}]},"83":{"type":"branch","line":267,"loc":{"start":{"line":267,"column":7},"end":{"line":277,"column":1}},"locations":[{"start":{"line":267,"column":7},"end":{"line":277,"column":1}}]},"84":{"type":"branch","line":270,"loc":{"start":{"line":270,"column":42},"end":{"line":274,"column":3}},"locations":[{"start":{"line":270,"column":42},"end":{"line":274,"column":3}}]},"85":{"type":"branch","line":272,"loc":{"start":{"line":272,"column":24},"end":{"line":272,"column":32}},"locations":[{"start":{"line":272,"column":24},"end":{"line":272,"column":32}}]},"86":{"type":"branch","line":279,"loc":{"start":{"line":279,"column":7},"end":{"line":297,"column":1}},"locations":[{"start":{"line":279,"column":7},"end":{"line":297,"column":1}}]},"87":{"type":"branch","line":282,"loc":{"start":{"line":282,"column":39},"end":{"line":287,"column":3}},"locations":[{"start":{"line":282,"column":39},"end":{"line":287,"column":3}}]},"88":{"type":"branch","line":286,"loc":{"start":{"line":286,"column":34},"end":{"line":286,"column":42}},"locations":[{"start":{"line":286,"column":34},"end":{"line":286,"column":42}}]},"89":{"type":"branch","line":287,"loc":{"start":{"line":287,"column":2},"end":{"line":297,"column":1}},"locations":[{"start":{"line":287,"column":2},"end":{"line":297,"column":1}}]},"90":{"type":"branch","line":280,"loc":{"start":{"line":280,"column":14},"end":{"line":280,"column":71}},"locations":[{"start":{"line":280,"column":14},"end":{"line":280,"column":71}}]},"91":{"type":"branch","line":280,"loc":{"start":{"line":280,"column":44},"end":{"line":280,"column":69}},"locations":[{"start":{"line":280,"column":44},"end":{"line":280,"column":69}}]},"92":{"type":"branch","line":299,"loc":{"start":{"line":299,"column":22},"end":{"line":302,"column":1}},"locations":[{"start":{"line":299,"column":22},"end":{"line":302,"column":1}}]},"93":{"type":"branch","line":301,"loc":{"start":{"line":301,"column":24},"end":{"line":301,"column":41}},"locations":[{"start":{"line":301,"column":24},"end":{"line":301,"column":41}}]},"94":{"type":"branch","line":301,"loc":{"start":{"line":301,"column":37},"end":{"line":301,"column":43}},"locations":[{"start":{"line":301,"column":37},"end":{"line":301,"column":43}}]},"95":{"type":"branch","line":300,"loc":{"start":{"line":300,"column":39},"end":{"line":300,"column":94}},"locations":[{"start":{"line":300,"column":39},"end":{"line":300,"column":94}}]},"96":{"type":"branch","line":304,"loc":{"start":{"line":304,"column":25},"end":{"line":312,"column":1}},"locations":[{"start":{"line":304,"column":25},"end":{"line":312,"column":1}}]},"97":{"type":"branch","line":305,"loc":{"start":{"line":305,"column":42},"end":{"line":305,"column":49}},"locations":[{"start":{"line":305,"column":42},"end":{"line":305,"column":49}}]},"98":{"type":"branch","line":306,"loc":{"start":{"line":306,"column":29},"end":{"line":306,"column":55}},"locations":[{"start":{"line":306,"column":29},"end":{"line":306,"column":55}}]},"99":{"type":"branch","line":314,"loc":{"start":{"line":314,"column":7},"end":{"line":324,"column":1}},"locations":[{"start":{"line":314,"column":7},"end":{"line":324,"column":1}}]},"100":{"type":"branch","line":315,"loc":{"start":{"line":315,"column":30},"end":{"line":320,"column":5}},"locations":[{"start":{"line":315,"column":30},"end":{"line":320,"column":5}}]},"101":{"type":"branch","line":316,"loc":{"start":{"line":316,"column":34},"end":{"line":318,"column":5}},"locations":[{"start":{"line":316,"column":34},"end":{"line":318,"column":5}}]},"102":{"type":"branch","line":326,"loc":{"start":{"line":326,"column":7},"end":{"line":342,"column":1}},"locations":[{"start":{"line":326,"column":7},"end":{"line":342,"column":1}}]},"103":{"type":"branch","line":327,"loc":{"start":{"line":327,"column":13},"end":{"line":327,"column":35}},"locations":[{"start":{"line":327,"column":13},"end":{"line":327,"column":35}}]},"104":{"type":"branch","line":327,"loc":{"start":{"line":327,"column":34},"end":{"line":329,"column":25}},"locations":[{"start":{"line":327,"column":34},"end":{"line":329,"column":25}}]},"105":{"type":"branch","line":329,"loc":{"start":{"line":329,"column":25},"end":{"line":332,"column":3}},"locations":[{"start":{"line":329,"column":25},"end":{"line":332,"column":3}}]},"106":{"type":"branch","line":332,"loc":{"start":{"line":332,"column":2},"end":{"line":342,"column":1}},"locations":[{"start":{"line":332,"column":2},"end":{"line":342,"column":1}}]},"107":{"type":"branch","line":344,"loc":{"start":{"line":344,"column":7},"end":{"line":353,"column":1}},"locations":[{"start":{"line":344,"column":7},"end":{"line":353,"column":1}}]},"108":{"type":"branch","line":347,"loc":{"start":{"line":347,"column":10},"end":{"line":351,"column":5}},"locations":[{"start":{"line":347,"column":10},"end":{"line":351,"column":5}}]},"109":{"type":"branch","line":348,"loc":{"start":{"line":348,"column":31},"end":{"line":348,"column":38}},"locations":[{"start":{"line":348,"column":31},"end":{"line":348,"column":38}}]},"110":{"type":"branch","line":349,"loc":{"start":{"line":349,"column":31},"end":{"line":349,"column":38}},"locations":[{"start":{"line":349,"column":31},"end":{"line":349,"column":38}}]},"111":{"type":"branch","line":355,"loc":{"start":{"line":355,"column":7},"end":{"line":360,"column":1}},"locations":[{"start":{"line":355,"column":7},"end":{"line":360,"column":1}}]},"112":{"type":"branch","line":356,"loc":{"start":{"line":356,"column":43},"end":{"line":358,"column":5}},"locations":[{"start":{"line":356,"column":43},"end":{"line":358,"column":5}}]},"113":{"type":"branch","line":362,"loc":{"start":{"line":362,"column":7},"end":{"line":364,"column":1}},"locations":[{"start":{"line":362,"column":7},"end":{"line":364,"column":1}}]},"114":{"type":"branch","line":363,"loc":{"start":{"line":363,"column":38},"end":{"line":363,"column":64}},"locations":[{"start":{"line":363,"column":38},"end":{"line":363,"column":64}}]},"115":{"type":"branch","line":366,"loc":{"start":{"line":366,"column":7},"end":{"line":389,"column":1}},"locations":[{"start":{"line":366,"column":7},"end":{"line":389,"column":1}}]},"116":{"type":"branch","line":369,"loc":{"start":{"line":369,"column":19},"end":{"line":378,"column":3}},"locations":[{"start":{"line":369,"column":19},"end":{"line":378,"column":3}}]},"117":{"type":"branch","line":372,"loc":{"start":{"line":372,"column":22},"end":{"line":375,"column":11}},"locations":[{"start":{"line":372,"column":22},"end":{"line":375,"column":11}}]},"118":{"type":"branch","line":375,"loc":{"start":{"line":375,"column":4},"end":{"line":377,"column":5}},"locations":[{"start":{"line":375,"column":4},"end":{"line":377,"column":5}}]},"119":{"type":"branch","line":370,"loc":{"start":{"line":370,"column":41},"end":{"line":370,"column":82}},"locations":[{"start":{"line":370,"column":41},"end":{"line":370,"column":82}}]},"120":{"type":"branch","line":391,"loc":{"start":{"line":391,"column":7},"end":{"line":394,"column":1}},"locations":[{"start":{"line":391,"column":7},"end":{"line":394,"column":1}}]},"121":{"type":"branch","line":392,"loc":{"start":{"line":392,"column":44},"end":{"line":392,"column":51}},"locations":[{"start":{"line":392,"column":44},"end":{"line":392,"column":51}}]},"122":{"type":"branch","line":393,"loc":{"start":{"line":393,"column":23},"end":{"line":393,"column":68}},"locations":[{"start":{"line":393,"column":23},"end":{"line":393,"column":68}}]},"123":{"type":"branch","line":396,"loc":{"start":{"line":396,"column":7},"end":{"line":403,"column":1}},"locations":[{"start":{"line":396,"column":7},"end":{"line":403,"column":1}}]},"124":{"type":"branch","line":400,"loc":{"start":{"line":400,"column":25},"end":{"line":400,"column":66}},"locations":[{"start":{"line":400,"column":25},"end":{"line":400,"column":66}}]},"125":{"type":"branch","line":400,"loc":{"start":{"line":400,"column":61},"end":{"line":400,"column":97}},"locations":[{"start":{"line":400,"column":61},"end":{"line":400,"column":97}}]},"126":{"type":"branch","line":398,"loc":{"start":{"line":398,"column":15},"end":{"line":398,"column":34}},"locations":[{"start":{"line":398,"column":15},"end":{"line":398,"column":34}}]},"127":{"type":"branch","line":405,"loc":{"start":{"line":405,"column":7},"end":{"line":409,"column":1}},"locations":[{"start":{"line":405,"column":7},"end":{"line":409,"column":1}}]},"128":{"type":"branch","line":408,"loc":{"start":{"line":408,"column":31},"end":{"line":408,"column":51}},"locations":[{"start":{"line":408,"column":31},"end":{"line":408,"column":51}}]},"129":{"type":"branch","line":408,"loc":{"start":{"line":408,"column":47},"end":{"line":408,"column":65}},"locations":[{"start":{"line":408,"column":47},"end":{"line":408,"column":65}}]},"130":{"type":"branch","line":406,"loc":{"start":{"line":406,"column":36},"end":{"line":406,"column":52}},"locations":[{"start":{"line":406,"column":36},"end":{"line":406,"column":52}}]},"131":{"type":"branch","line":407,"loc":{"start":{"line":407,"column":37},"end":{"line":407,"column":53}},"locations":[{"start":{"line":407,"column":37},"end":{"line":407,"column":53}}]},"132":{"type":"branch","line":411,"loc":{"start":{"line":411,"column":7},"end":{"line":413,"column":1}},"locations":[{"start":{"line":411,"column":7},"end":{"line":413,"column":1}}]},"133":{"type":"branch","line":412,"loc":{"start":{"line":412,"column":18},"end":{"line":412,"column":37}},"locations":[{"start":{"line":412,"column":18},"end":{"line":412,"column":37}}]},"134":{"type":"branch","line":415,"loc":{"start":{"line":415,"column":7},"end":{"line":425,"column":1}},"locations":[{"start":{"line":415,"column":7},"end":{"line":425,"column":1}}]},"135":{"type":"branch","line":421,"loc":{"start":{"line":421,"column":16},"end":{"line":423,"column":3}},"locations":[{"start":{"line":421,"column":16},"end":{"line":423,"column":3}}]},"136":{"type":"branch","line":416,"loc":{"start":{"line":416,"column":2},"end":{"line":419,"column":3}},"locations":[{"start":{"line":416,"column":2},"end":{"line":419,"column":3}}]},"137":{"type":"branch","line":417,"loc":{"start":{"line":417,"column":36},"end":{"line":417,"column":50}},"locations":[{"start":{"line":417,"column":36},"end":{"line":417,"column":50}}]},"138":{"type":"branch","line":418,"loc":{"start":{"line":418,"column":26},"end":{"line":418,"column":53}},"locations":[{"start":{"line":418,"column":26},"end":{"line":418,"column":53}}]},"139":{"type":"branch","line":427,"loc":{"start":{"line":427,"column":7},"end":{"line":439,"column":1}},"locations":[{"start":{"line":427,"column":7},"end":{"line":439,"column":1}}]},"140":{"type":"branch","line":430,"loc":{"start":{"line":430,"column":27},"end":{"line":435,"column":3}},"locations":[{"start":{"line":430,"column":27},"end":{"line":435,"column":3}}]},"141":{"type":"branch","line":431,"loc":{"start":{"line":431,"column":25},"end":{"line":433,"column":5}},"locations":[{"start":{"line":431,"column":25},"end":{"line":433,"column":5}}]},"142":{"type":"branch","line":437,"loc":{"start":{"line":437,"column":44},"end":{"line":437,"column":73}},"locations":[{"start":{"line":437,"column":44},"end":{"line":437,"column":73}}]},"143":{"type":"branch","line":441,"loc":{"start":{"line":441,"column":7},"end":{"line":456,"column":1}},"locations":[{"start":{"line":441,"column":7},"end":{"line":456,"column":1}}]},"144":{"type":"branch","line":445,"loc":{"start":{"line":445,"column":4},"end":{"line":446,"column":32}},"locations":[{"start":{"line":445,"column":4},"end":{"line":446,"column":32}}]},"145":{"type":"branch","line":447,"loc":{"start":{"line":447,"column":4},"end":{"line":448,"column":34}},"locations":[{"start":{"line":447,"column":4},"end":{"line":448,"column":34}}]},"146":{"type":"branch","line":449,"loc":{"start":{"line":449,"column":4},"end":{"line":450,"column":46}},"locations":[{"start":{"line":449,"column":4},"end":{"line":450,"column":46}}]},"147":{"type":"branch","line":451,"loc":{"start":{"line":451,"column":4},"end":{"line":452,"column":60}},"locations":[{"start":{"line":451,"column":4},"end":{"line":452,"column":60}}]},"148":{"type":"branch","line":453,"loc":{"start":{"line":453,"column":4},"end":{"line":454,"column":71}},"locations":[{"start":{"line":453,"column":4},"end":{"line":454,"column":71}}]},"149":{"type":"branch","line":458,"loc":{"start":{"line":458,"column":7},"end":{"line":463,"column":1}},"locations":[{"start":{"line":458,"column":7},"end":{"line":463,"column":1}}]},"150":{"type":"branch","line":459,"loc":{"start":{"line":459,"column":2},"end":{"line":461,"column":3}},"locations":[{"start":{"line":459,"column":2},"end":{"line":461,"column":3}}]},"151":{"type":"branch","line":462,"loc":{"start":{"line":462,"column":32},"end":{"line":462,"column":57}},"locations":[{"start":{"line":462,"column":32},"end":{"line":462,"column":57}}]},"152":{"type":"branch","line":465,"loc":{"start":{"line":465,"column":7},"end":{"line":473,"column":1}},"locations":[{"start":{"line":465,"column":7},"end":{"line":473,"column":1}}]},"153":{"type":"branch","line":467,"loc":{"start":{"line":467,"column":32},"end":{"line":471,"column":3}},"locations":[{"start":{"line":467,"column":32},"end":{"line":471,"column":3}}]},"154":{"type":"branch","line":468,"loc":{"start":{"line":468,"column":18},"end":{"line":468,"column":36}},"locations":[{"start":{"line":468,"column":18},"end":{"line":468,"column":36}}]},"155":{"type":"branch","line":468,"loc":{"start":{"line":468,"column":36},"end":{"line":470,"column":5}},"locations":[{"start":{"line":468,"column":36},"end":{"line":470,"column":5}}]},"156":{"type":"branch","line":472,"loc":{"start":{"line":472,"column":26},"end":{"line":472,"column":55}},"locations":[{"start":{"line":472,"column":26},"end":{"line":472,"column":55}}]},"157":{"type":"branch","line":475,"loc":{"start":{"line":475,"column":7},"end":{"line":493,"column":1}},"locations":[{"start":{"line":475,"column":7},"end":{"line":493,"column":1}}]},"158":{"type":"branch","line":476,"loc":{"start":{"line":476,"column":2},"end":{"line":488,"column":3}},"locations":[{"start":{"line":476,"column":2},"end":{"line":488,"column":3}}]},"159":{"type":"branch","line":479,"loc":{"start":{"line":479,"column":25},"end":{"line":485,"column":5}},"locations":[{"start":{"line":479,"column":25},"end":{"line":485,"column":5}}]},"160":{"type":"branch","line":480,"loc":{"start":{"line":480,"column":25},"end":{"line":483,"column":7}},"locations":[{"start":{"line":480,"column":25},"end":{"line":483,"column":7}}]},"161":{"type":"branch","line":483,"loc":{"start":{"line":483,"column":6},"end":{"line":485,"column":5}},"locations":[{"start":{"line":483,"column":6},"end":{"line":485,"column":5}}]},"162":{"type":"branch","line":487,"loc":{"start":{"line":487,"column":41},"end":{"line":487,"column":66}},"locations":[{"start":{"line":487,"column":41},"end":{"line":487,"column":66}}]},"163":{"type":"branch","line":495,"loc":{"start":{"line":495,"column":7},"end":{"line":506,"column":1}},"locations":[{"start":{"line":495,"column":7},"end":{"line":506,"column":1}}]},"164":{"type":"branch","line":499,"loc":{"start":{"line":499,"column":23},"end":{"line":503,"column":3}},"locations":[{"start":{"line":499,"column":23},"end":{"line":503,"column":3}}]},"165":{"type":"branch","line":500,"loc":{"start":{"line":500,"column":28},"end":{"line":502,"column":5}},"locations":[{"start":{"line":500,"column":28},"end":{"line":502,"column":5}}]},"166":{"type":"branch","line":508,"loc":{"start":{"line":508,"column":7},"end":{"line":511,"column":1}},"locations":[{"start":{"line":508,"column":7},"end":{"line":511
[...]
e":533,"column":25},"end":{"line":535,"column":1}}]},"175":{"type":"branch","line":537,"loc":{"start":{"line":537,"column":7},"end":{"line":539,"column":1}},"locations":[{"start":{"line":537,"column":7},"end":{"line":539,"column":1}}]},"176":{"type":"branch","line":541,"loc":{"start":{"line":541,"column":7},"end":{"line":546,"column":1}},"locations":[{"start":{"line":541,"column":7},"end":{"line":546,"column":1}}]},"177":{"type":"branch","line":544,"loc":{"start":{"line":544,"column":9},"end":{"line":544,"column":33}},"locations":[{"start":{"line":544,"column":9},"end":{"line":544,"column":33}}]},"178":{"type":"branch","line":548,"loc":{"start":{"line":548,"column":7},"end":{"line":550,"column":1}},"locations":[{"start":{"line":548,"column":7},"end":{"line":550,"column":1}}]},"179":{"type":"branch","line":549,"loc":{"start":{"line":549,"column":17},"end":{"line":549,"column":38}},"locations":[{"start":{"line":549,"column":17},"end":{"line":549,"column":38}}]},"180":{"type":"branch","line":552,"loc":{"start":{"line":552,"column":7},"end":{"line":555,"column":1}},"locations":[{"start":{"line":552,"column":7},"end":{"line":555,"column":1}}]},"181":{"type":"branch","line":557,"loc":{"start":{"line":557,"column":7},"end":{"line":561,"column":1}},"locations":[{"start":{"line":557,"column":7},"end":{"line":561,"column":1}}]},"182":{"type":"branch","line":559,"loc":{"start":{"line":559,"column":40},"end":{"line":559,"column":64}},"locations":[{"start":{"line":559,"column":40},"end":{"line":559,"column":64}}]},"183":{"type":"branch","line":563,"loc":{"start":{"line":563,"column":7},"end":{"line":571,"column":1}},"locations":[{"start":{"line":563,"column":7},"end":{"line":571,"column":1}}]},"184":{"type":"branch","line":564,"loc":{"start":{"line":564,"column":26},"end":{"line":570,"column":3}},"locations":[{"start":{"line":564,"column":26},"end":{"line":570,"column":3}}]},"185":{"type":"branch","line":573,"loc":{"start":{"line":573,"column":7},"end":{"line":578,"column":1}},"locations":[{"start":{"line":573,"column":7},"end":{"line":578,"column":1}}]},"186":{"type":"branch","line":576,"loc":{"start":{"line":576,"column":12},"end":{"line":576,"column":25}},"locations":[{"start":{"line":576,"column":12},"end":{"line":576,"column":25}}]},"187":{"type":"branch","line":580,"loc":{"start":{"line":580,"column":7},"end":{"line":586,"column":1}},"locations":[{"start":{"line":580,"column":7},"end":{"line":586,"column":1}}]},"188":{"type":"branch","line":581,"loc":{"start":{"line":581,"column":37},"end":{"line":584,"column":5}},"locations":[{"start":{"line":581,"column":37},"end":{"line":584,"column":5}}]},"189":{"type":"branch","line":588,"loc":{"start":{"line":588,"column":7},"end":{"line":590,"column":1}},"locations":[{"start":{"line":588,"column":7},"end":{"line":590,"column":1}}]},"190":{"type":"branch","line":592,"loc":{"start":{"line":592,"column":7},"end":{"line":594,"column":1}},"locations":[{"start":{"line":592,"column":7},"end":{"line":594,"column":1}}]},"191":{"type":"branch","line":593,"loc":{"start":{"line":593,"column":31},"end":{"line":593,"column":55}},"locations":[{"start":{"line":593,"column":31},"end":{"line":593,"column":55}}]},"192":{"type":"branch","line":596,"loc":{"start":{"line":596,"column":7},"end":{"line":601,"column":1}},"locations":[{"start":{"line":596,"column":7},"end":{"line":601,"column":1}}]},"193":{"type":"branch","line":599,"loc":{"start":{"line":599,"column":9},"end":{"line":599,"column":19}},"locations":[{"start":{"line":599,"column":9},"end":{"line":599,"column":19}}]},"194":{"type":"branch","line":603,"loc":{"start":{"line":603,"column":7},"end":{"line":605,"column":1}},"locations":[{"start":{"line":603,"column":7},"end":{"line":605,"column":1}}]},"195":{"type":"branch","line":607,"loc":{"start":{"line":607,"column":7},"end":{"line":613,"column":1}},"locations":[{"start":{"line":607,"column":7},"end":{"line":613,"column":1}}]},"196":{"type":"branch","line":609,"loc":{"start":{"line":609,"column":31},"end":{"line":611,"column":3}},"locations":[{"start":{"line":609,"column":31},"end":{"line":611,"column":3}}]},"197":{"type":"branch","line":615,"loc":{"start":{"line":615,"column":7},"end":{"line":618,"column":1}},"locations":[{"start":{"line":615,"column":7},"end":{"line":618,"column":1}}]},"198":{"type":"branch","line":617,"loc":{"start":{"line":617,"column":24},"end":{"line":617,"column":51}},"locations":[{"start":{"line":617,"column":24},"end":{"line":617,"column":51}}]},"199":{"type":"branch","line":620,"loc":{"start":{"line":620,"column":7},"end":{"line":626,"column":1}},"locations":[{"start":{"line":620,"column":7},"end":{"line":626,"column":1}}]},"200":{"type":"branch","line":622,"loc":{"start":{"line":622,"column":30},"end":{"line":624,"column":3}},"locations":[{"start":{"line":622,"column":30},"end":{"line":624,"column":3}}]},"201":{"type":"branch","line":628,"loc":{"start":{"line":628,"column":7},"end":{"line":630,"column":1}},"locations":[{"start":{"line":628,"column":7},"end":{"line":630,"column":1}}]},"202":{"type":"branch","line":629,"loc":{"start":{"line":629,"column":13},"end":{"line":629,"column":27}},"locations":[{"start":{"line":629,"column":13},"end":{"line":629,"column":27}}]},"203":{"type":"branch","line":629,"loc":{"start":{"line":629,"column":23},"end":{"line":629,"column":28}},"locations":[{"start":{"line":629,"column":23},"end":{"line":629,"column":28}}]}},"b":{"0":[5],"1":[10],"2":[7],"3":[515],"4":[25],"5":[515],"6":[1168],"7":[4],"8":[6],"9":[5],"10":[4],"11":[2],"12":[14],"13":[5],"14":[27],"15":[27],"16":[7],"17":[26],"18":[26],"19":[44],"20":[6],"21":[17],"22":[11],"23":[63],"24":[4],"25":[0],"26":[23],"27":[2],"28":[0],"29":[36],"30":[30],"31":[9],"32":[3],"33":[9],"34":[7],"35":[3],"36":[0],"37":[3],"38":[16],"39":[32],"40":[3],"41":[25],"42":[6],"43":[3],"44":[1],"45":[2],"46":[0],"47":[2],"48":[4],"49":[1],"50":[1],"51":[3],"52":[12],"53":[6],"54":[4],"55":[8],"56":[3],"57":[3],"58":[4],"59":[14],"60":[7],"61":[3],"62":[20],"63":[14],"64":[56],"65":[3],"66":[6],"67":[14],"68":[6],"69":[3],"70":[5],"71":[2],"72":[1],"73":[3],"74":[11],"75":[4],"76":[11],"77":[6],"78":[5],"79":[2],"80":[11],"81":[4],"82":[7],"83":[3],"84":[7],"85":[1],"86":[4],"87":[16],"88":[3],"89":[1],"90":[32],"91":[88],"92":[3],"93":[2],"94":[1],"95":[9],"96":[3],"97":[1],"98":[52],"99":[1],"100":[15],"101":[6],"102":[11],"103":[3],"104":[8],"105":[76],"106":[8],"107":[4],"108":[20],"109":[1],"110":[2],"111":[3],"112":[8],"113":[4],"114":[6],"115":[4],"116":[13],"117":[9],"118":[4],"119":[25],"120":[3],"121":[1],"122":[53],"123":[4],"124":[2],"125":[1],"126":[33],"127":[5],"128":[3],"129":[2],"130":[21],"131":[21],"132":[4],"133":[8],"134":[2],"135":[3],"136":[3],"137":[7],"138":[4],"139":[4],"140":[30],"141":[14],"142":[11],"143":[5],"144":[1],"145":[1],"146":[1],"147":[1],"148":[1],"149":[7],"150":[9],"151":[9],"152":[3],"153":[30],"154":[19],"155":[14],"156":[14],"157":[4],"158":[4],"159":[41],"160":[27],"161":[14],"162":[27],"163":[1],"164":[11],"165":[5],"166":[2],"167":[2],"168":[36],"169":[8],"170":[4],"171":[1],"172":[3],"173":[1],"174":[2],"175":[4],"176":[3],"177":[6],"178":[8],"179":[50],"180":[8],"181":[3],"182":[6],"183":[2],"184":[1],"185":[4],"186":[92],"187":[4],"188":[10],"189":[5],"190":[3],"191":[8],"192":[6],"193":[35],"194":[1],"195":[2],"196":[9],"197":[4],"198":[701310],"199":[1],"200":[5],"201":[3],"202":[2],"203":[1]},"fnMap":{"0":{"name":"camelCase","decl":{"start":{"line":1,"column":7},"end":{"line":3,"column":1}},"loc":{"start":{"line":1,"column":7},"end":{"line":3,"column":1}},"line":1},"1":{"name":"sumDigPow","decl":{"start":{"line":5,"column":7},"end":{"line":17,"column":1}},"loc":{"start":{"line":5,"column":7},"end":{"line":17,"column":1}},"line":5},"2":{"name":"sum","decl":{"start":{"line":6,"column":14},"end":{"line":8,"column":3}},"loc":{"start":{"line":6,"column":14},"end":{"line":8,"column":3}},"line":6},"3":{"name":"twoSum","decl":{"start":{"line":19,"column":7},"end":{"line":36,"column":1}},"loc":{"start":{"line":19,"column":7},"end":{"line":36,"column":1}},"line":19},"4":{"name":"wave","decl":{"start":{"line":38,"column":7},"end":{"line":50,"column":1}},"loc":{"start":{"line":38,"column":7},"end":{"line":50,"column":1}},"line":38},"5":{"name":"queueTime","decl":{"start":{"line":52,"column":7},"end":{"line":68,"column":1}},"loc":{"start":{"line":52,"column":7},"end":{"line":68,"column":1}},"line":52},"6":{"name":"getMinIndex","decl":{"start":{"line":55,"column":22},"end":{"line":61,"column":3}},"loc":{"start":{"line":55,"column":22},"end":{"line":61,"column":3}},"line":55},"7":{"name":"inArray","decl":{"start":{"line":70,"column":7},"end":{"line":86,"column":1}},"loc":{"start":{"line":70,"column":7},"end":{"line":86,"column":1}},"line":70},"8":{"name":"bouncingBall","decl":{"start":{"line":88,"column":7},"end":{"line":97,"column":1}},"loc":{"start":{"line":88,"column":7},"end":{"line":97,"column":1}},"line":88},"9":{"name":"comp","decl":{"start":{"line":99,"column":7},"end":{"line":106,"column":1}},"loc":{"start":{"line":99,"column":7},"end":{"line":106,"column":1}},"line":99},"10":{"name":"expandedForm","decl":{"start":{"line":108,"column":7},"end":{"line":126,"column":1}},"loc":{"start":{"line":108,"column":7},"end":{"line":126,"column":1}},"line":108},"11":{"name":"longestConsec","decl":{"start":{"line":128,"column":7},"end":{"line":150,"column":1}},"loc":{"start":{"line":128,"column":7},"end":{"line":150,"column":1}},"line":128},"12":{"name":"generateStringList","decl":{"start":{"line":129,"column":29},"end":{"line":139,"column":3}},"loc":{"start":{"line":129,"column":29},"end":{"line":139,"column":3}},"line":129},"13":{"name":"findLongestString","decl":{"start":{"line":141,"column":28},"end":{"line":144,"column":3}},"loc":{"start":{"line":141,"column":28},"end":{"line":144,"column":3}},"line":141},"14":{"name":"isPrime","decl":{"start":{"line":152,"column":7},"end":{"line":164,"column":1}},"loc":{"start":{"line":152,"column":7},"end":{"line":164,"column":1}},"line":152},"15":{"name":"validBraces","decl":{"start":{"line":166,"column":7},"end":{"line":179,"column":1}},"loc":{"start":{"line":166,"column":7},"end":{"line":179,"column":1}},"line":166},"16":{"name":"breakCamelCase","decl":{"start":{"line":181,"column":7},"end":{"line":186,"column":1}},"loc":{"start":{"line":181,"column":7},"end":{"line":186,"column":1}},"line":181},"17":{"name":"countSmileys","decl":{"start":{"line":188,"column":7},"end":{"line":193,"column":1}},"loc":{"start":{"line":188,"column":7},"end":{"line":193,"column":1}},"line":188},"18":{"name":"deleteNth","decl":{"start":{"line":195,"column":7},"end":{"line":201,"column":1}},"loc":{"start":{"line":195,"column":7},"end":{"line":201,"column":1}},"line":195},"19":{"name":"towerBuilder","decl":{"start":{"line":203,"column":28},"end":{"line":233,"column":1}},"loc":{"start":{"line":203,"column":28},"end":{"line":233,"column":1}},"line":203},"20":{"name":"findMissingLetter","decl":{"start":{"line":235,"column":7},"end":{"line":246,"column":1}},"loc":{"start":{"line":235,"column":7},"end":{"line":246,"column":1}},"line":235},"21":{"name":"sortArray","decl":{"start":{"line":248,"column":7},"end":{"line":251,"column":1}},"loc":{"start":{"line":248,"column":7},"end":{"line":251,"column":1}},"line":248},"22":{"name":"findUniq","decl":{"start":{"line":253,"column":7},"end":{"line":265,"column":1}},"loc":{"start":{"line":253,"column":7},"end":{"line":265,"column":1}},"line":253},"23":{"name":"splitStrings","decl":{"start":{"line":267,"column":7},"end":{"line":277,"column":1}},"loc":{"start":{"line":267,"column":7},"end":{"line":277,"column":1}},"line":267},"24":{"name":"findEvenIndex","decl":{"start":{"line":279,"column":7},"end":{"line":297,"column":1}},"loc":{"start":{"line":279,"column":7},"end":{"line":297,"column":1}},"line":279},"25":{"name":"sum","decl":{"start":{"line":280,"column":14},"end":{"line":280,"column":71}},"loc":{"start":{"line":280,"column":14},"end":{"line":280,"column":71}},"line":280},"26":{"name":"digPow","decl":{"start":{"line":299,"column":22},"end":{"line":302,"column":1}},"loc":{"start":{"line":299,"column":22},"end":{"line":302,"column":1}},"line":299},"27":{"name":"isPangram","decl":{"start":{"line":304,"column":25},"end":{"line":312,"column":1}},"loc":{"start":{"line":304,"column":25},"end":{"line":312,"column":1}},"line":304},"28":{"name":"uniqueInOrder","decl":{"start":{"line":314,"column":7},"end":{"line":324,"column":1}},"loc":{"start":{"line":314,"column":7},"end":{"line":324,"column":1}},"line":314},"29":{"name":"tribonacci","decl":{"start":{"line":326,"column":7},"end":{"line":342,"column":1}},"loc":{"start":{"line":326,"column":7},"end":{"line":342,"column":1}},"line":326},"30":{"name":"order","decl":{"start":{"line":344,"column":7},"end":{"line":353,"column":1}},"loc":{"start":{"line":344,"column":7},"end":{"line":353,"column":1}},"line":344},"31":{"name":"narcissistic","decl":{"start":{"line":355,"column":7},"end":{"line":360,"column":1}},"loc":{"start":{"line":355,"column":7},"end":{"line":360,"column":1}},"line":355},"32":{"name":"toCamelCase","decl":{"start":{"line":362,"column":7},"end":{"line":364,"column":1}},"loc":{"start":{"line":362,"column":7},"end":{"line":364,"column":1}},"line":362},"33":{"name":"persistence","decl":{"start":{"line":366,"column":7},"end":{"line":389,"column":1}},"loc":{"start":{"line":366,"column":7},"end":{"line":389,"column":1}},"line":366},"34":{"name":"multiply","decl":{"start":{"line":369,"column":19},"end":{"line":378,"column":3}},"loc":{"start":{"line":369,"column":19},"end":{"line":378,"column":3}},"line":369},"35":{"name":"alphabetPosition","decl":{"start":{"line":391,"column":7},"end":{"line":394,"column":1}},"loc":{"start":{"line":391,"column":7},"end":{"line":394,"column":1}},"line":391},"36":{"name":"isValidWalk","decl":{"start":{"line":396,"column":7},"end":{"line":403,"column":1}},"loc":{"start":{"line":396,"column":7},"end":{"line":403,"column":1}},"line":396},"37":{"name":"findOutlier","decl":{"start":{"line":405,"column":7},"end":{"line":409,"column":1}},"loc":{"start":{"line":405,"column":7},"end":{"line":409,"column":1}},"line":405},"38":{"name":"arrayDiff","decl":{"start":{"line":411,"column":7},"end":{"line":413,"column":1}},"loc":{"start":{"line":411,"column":7},"end":{"line":413,"column":1}},"line":411},"39":{"name":"digitalRoot","decl":{"start":{"line":415,"column":7},"end":{"line":425,"column":1}},"loc":{"start":{"line":415,"column":7},"end":{"line":425,"column":1}},"line":415},"40":{"name":"sum","decl":{"start":{"line":416,"column":2},"end":{"line":419,"column":3}},"loc":{"start":{"line":416,"column":2},"end":{"line":419,"column":3}},"line":416},"41":{"name":"findOdd","decl":{"start":{"line":427,"column":7},"end":{"line":439,"column":1}},"loc":{"start":{"line":427,"column":7},"end":{"line":439,"column":1}},"line":427},"42":{"name":"likes","decl":{"start":{"line":441,"column":7},"end":{"line":456,"column":1}},"loc":{"start":{"line":441,"column":7},"end":{"line":456,"column":1}},"line":441},"43":{"name":"spinWords","decl":{"start":{"line":458,"column":7},"end":{"line":463,"column":1}},"loc":{"start":{"line":458,"column":7},"end":{"line":463,"column":1}},"line":458},"44":{"name":"reverseWord","decl":{"start":{"line":459,"column":2},"end":{"line":461,"column":3}},"loc":{"start":{"line":459,"column":2},"end":{"line":461,"column":3}},"line":459},"45":{"name":"solution","decl":{"start":{"line":465,"column":7},"end":{"line":473,"column":1}},"loc":{"start":{"line":465,"column":7},"end":{"line":473,"column":1}},"line":465},"46":{"name":"onlyDuplicates","decl":{"start":{"line":475,"column":7},"end":{"line":493,"column":1}},"loc":{"start":{"line":475,"column":7},"end":{"line":493,"column":1}},"line":475},"47":{"name":"getDuplicates","decl":{"start":{"line":476,"column":2},"end":{"line":488,"column":3}},"loc":{"start":{"line":476,"column":2},"end":{"line":488,"column":3}},"line":476},"48":{"name":"getCount","decl":{"start":{"line":495,"column":7},"end":{"line":506,"column":1}},"loc":{"start":{"line":495,"column":7},"end":{"line":506,"column":1}},"line":495},"49":{"name":"minValue","decl":{"start":{"line":508,"column":7},"end":{"line":511,"column":1}},"loc":{"start":{"line":508,"column":7},"end":{"line":511,"column":1}},"line":508},"50":{"name":"printerError","decl":{"start":{"line":513,"column":7},"end":{"line":529,"column":1}},"loc":{"start":{"line":513,"column":7},"end":{"line":529,"column":1}},"line":513},"51":{"name":"getRealFloor","decl":{"start":{"line":531,"column":7},"end":{"line":535,"column":1}},"loc":{"start":{"line":531,"column":7},"end":{"line":535,"column":1}},"line":531},"52":{"name":"removeChar","decl":{"start":{"line":537,"column":7},"end":{"line":539,"column":1}},"loc":{"start":{"line":537,"column":7},"end":{"line":539,"column":1}},"line":537},"53":{"name":"abbrevName","decl":{"start":{"line":541,"column":7},"end":{"line":546,"column":1}},"loc":{"start":{"line":541,"column":7},"end":{"line":546,"column":1}},"line":541},"54":{"name":"smallEnough","decl":{"start":{"line":548,"column":7},"end":{"line":550,"column":1}},"loc":{"start":{"line":548,"column":7},"end":{"line":550,"column":1}},"line":548},"55":{"name":"isPalindrome","decl":{"start":{"line":552,"column":7},"end":{"line":555,"column":1}},"loc":{"start":{"line":552,"column":7},"end":{"line":555,"column":1}},"line":552},"56":{"name":"updateLight","decl":{"start":{"line":557,"column":7},"end":{"line":561,"column":1}},"loc":{"start":{"line":557,"column":7},"end":{"line":561,"column":1}},"line":557},"57":{"name":"getMiddle","decl":{"start":{"line":563,"column":7},"end":{"line":571,"column":1}},"loc":{"start":{"line":563,"column":7},"end":{"line":571,"column":1}},"line":563},"58":{"name":"noSpace","decl":{"start":{"line":573,"column":7},"end":{"line":578,"column":1}},"loc":{"start":{"line":573,"column":7},"end":{"line":578,"column":1}},"line":573},"59":{"name":"SeriesSum","decl":{"start":{"line":580,"column":7},"end":{"line":586,"column":1}},"loc":{"start":{"line":580,"column":7},"end":{"line":586,"column":1}},"line":580},"60":{"name":"correct","decl":{"start":{"line":588,"column":7},"end":{"line":590,"column":1}},"loc":{"start":{"line":588,"column":7},"end":{"line":590,"column":1}},"line":588},"61":{"name":"powersOfTwo","decl":{"start":{"line":592,"column":7},"end":{"line":594,"column":1}},"loc":{"start":{"line":592,"column":7},"end":{"line":594,"column":1}},"line":592},"62":{"name":"doubleChar","decl":{"start":{"line":596,"column":7},"end":{"line":601,"column":1}},"loc":{"start":{"line":596,"column":7},"end":{"line":601,"column":1}},"line":596},"63":{"name":"repeatStr","decl":{"start":{"line":603,"column":7},"end":{"line":605,"column":1}},"loc":{"start":{"line":603,"column":7},"end":{"line":605,"column":1}},"line":603},"64":{"name":"between","decl":{"start":{"line":607,"column":7},"end":{"line":613,"column":1}},"loc":{"start":{"line":607,"column":7},"end":{"line":613,"column":1}},"line":607},"65":{"name":"power","decl":{"start":{"line":615,"column":7},"end":{"line":618,"column":1}},"loc":{"start":{"line":615,"column":7},"end":{"line":618,"column":1}},"line":615},"66":{"name":"reverseSeq","decl":{"start":{"line":620,"column":7},"end":{"line":626,"column":1}},"loc":{"start":{"line":620,"column":7},"end":{"line":626,"column":1}},"line":620},"67":{"name":"sakuraFall","decl":{"start":{"line":628,"column":7},"end":{"line":630,"column":1}},"loc":{"start":{"line":628,"column":7},"end":{"line":630,"column":1}},"line":628}},"f":{"0":5,"1":7,"2":515,"3":4,"4":5,"5":7,"6":26,"7":6,"8":4,"9":2,"10":3,"11":3,"12":3,"13":3,"14":6,"15":3,"16":3,"17":4,"18":3,"19":3,"20":3,"21":3,"22":2,"23":3,"24":4,"25":32,"26":3,"27":3,"28":1,"29":11,"30":4,"31":3,"32":4,"33":4,"34":13,"35":3,"36":4,"37":5,"38":4,"39":2,"40":3,"41":4,"42":5,"43":7,"44":9,"45":3,"46":4,"47":4,"48":1,"49":2,"50":2,"51":4,"52":4,"53":3,"54":8,"55":8,"56":3,"57":2,"58":4,"59":4,"60":5,"61":3,"62":6,"63":1,"64":2,"65":4,"66":1,"67":3}}
}
