{"/Users/kenge/Documents/code/playground/codewars/main.ts": {"path":"/Users/kenge/Documents/code/playground/codewars/main.ts","all":false,"statementMap":{"0":{"start":{"line":1,"column":0},"end":{"line":1,"column":81}},"1":{"start":{"line":2,"column":0},"end":{"line":2,"column":68}},"2":{"start":{"line":3,"column":0},"end":{"line":3,"column":0}},"3":{"start":{"line":4,"column":0},"end":{"line":4,"column":15}},"4":{"start":{"line":5,"column":0},"end":{"line":5,"column":22}},"5":{"start":{"line":6,"column":0},"end":{"line":6,"column":14}},"6":{"start":{"line":7,"column":0},"end":{"line":7,"column":15}},"7":{"start":{"line":8,"column":0},"end":{"line":8,"column":3}},"8":{"start":{"line":9,"column":0},"end":{"line":9,"column":18}},"9":{"start":{"line":10,"column":0},"end":{"line":10,"column":1}},"10":{"start":{"line":11,"column":0},"end":{"line":11,"column":0}},"11":{"start":{"line":12,"column":0},"end":{"line":12,"column":73}},"12":{"start":{"line":13,"column":0},"end":{"line":13,"column":30}},"13":{"start":{"line":14,"column":0},"end":{"line":14,"column":0}},"14":{"start":{"line":15,"column":0},"end":{"line":15,"column":26}},"15":{"start":{"line":16,"column":0},"end":{"line":16,"column":26}},"16":{"start":{"line":17,"column":0},"end":{"line":17,"column":0}},"17":{"start":{"line":18,"column":0},"end":{"line":18,"column":45}},"18":{"start":{"line":19,"column":0},"end":{"line":19,"column":1}},"19":{"start":{"line":20,"column":0},"end":{"line":20,"column":0}},"20":{"start":{"line":21,"column":0},"end":{"line":21,"column":51}},"21":{"start":{"line":22,"column":0},"end":{"line":22,"column":28}},"22":{"start":{"line":23,"column":0},"end":{"line":23,"column":19}},"23":{"start":{"line":24,"column":0},"end":{"line":24,"column":60}},"24":{"start":{"line":25,"column":0},"end":{"line":25,"column":43}},"25":{"start":{"line":26,"column":0},"end":{"line":26,"column":14}},"26":{"start":{"line":27,"column":0},"end":{"line":27,"column":25}},"27":{"start":{"line":28,"column":0},"end":{"line":28,"column":5}},"28":{"start":{"line":29,"column":0},"end":{"line":29,"column":3}},"29":{"start":{"line":30,"column":0},"end":{"line":30,"column":27}},"30":{"start":{"line":31,"column":0},"end":{"line":31,"column":0}},"31":{"start":{"line":32,"column":0},"end":{"line":32,"column":11}},"32":{"start":{"line":33,"column":0},"end":{"line":33,"column":28}},"33":{"start":{"line":34,"column":0},"end":{"line":34,"column":17}},"34":{"start":{"line":35,"column":0},"end":{"line":35,"column":42}},"35":{"start":{"line":36,"column":0},"end":{"line":36,"column":23}},"36":{"start":{"line":37,"column":0},"end":{"line":37,"column":17}},"37":{"start":{"line":38,"column":0},"end":{"line":38,"column":19}},"38":{"start":{"line":39,"column":0},"end":{"line":39,"column":1}},"39":{"start":{"line":40,"column":0},"end":{"line":40,"column":0}},"40":{"start":{"line":41,"column":0},"end":{"line":41,"column":68}},"41":{"start":{"line":42,"column":0},"end":{"line":42,"column":36}},"42":{"start":{"line":43,"column":0},"end":{"line":43,"column":25}},"43":{"start":{"line":44,"column":0},"end":{"line":44,"column":45}},"44":{"start":{"line":45,"column":0},"end":{"line":45,"column":27}},"45":{"start":{"line":46,"column":0},"end":{"line":46,"column":35}},"46":{"start":{"line":47,"column":0},"end":{"line":47,"column":38}},"47":{"start":{"line":48,"column":0},"end":{"line":48,"column":7}},"48":{"start":{"line":49,"column":0},"end":{"line":49,"column":42}},"49":{"start":{"line":50,"column":0},"end":{"line":50,"column":5}},"50":{"start":{"line":51,"column":0},"end":{"line":51,"column":21}},"51":{"start":{"line":52,"column":0},"end":{"line":52,"column":3}},"52":{"start":{"line":53,"column":0},"end":{"line":53,"column":0}},"53":{"start":{"line":54,"column":0},"end":{"line":54,"column":55}},"54":{"start":{"line":55,"column":0},"end":{"line":55,"column":50}},"55":{"start":{"line":56,"column":0},"end":{"line":56,"column":24}},"56":{"start":{"line":57,"column":0},"end":{"line":57,"column":3}},"57":{"start":{"line":58,"column":0},"end":{"line":58,"column":0}},"58":{"start":{"line":59,"column":0},"end":{"line":59,"column":67}},"59":{"start":{"line":60,"column":0},"end":{"line":60,"column":0}},"60":{"start":{"line":61,"column":0},"end":{"line":61,"column":41}},"61":{"start":{"line":62,"column":0},"end":{"line":62,"column":38}},"62":{"start":{"line":63,"column":0},"end":{"line":63,"column":1}},"63":{"start":{"line":64,"column":0},"end":{"line":64,"column":0}},"64":{"start":{"line":65,"column":0},"end":{"line":65,"column":47}},"65":{"start":{"line":66,"column":0},"end":{"line":66,"column":27}},"66":{"start":{"line":67,"column":0},"end":{"line":67,"column":28}},"67":{"start":{"line":68,"column":0},"end":{"line":68,"column":33}},"68":{"start":{"line":69,"column":0},"end":{"line":69,"column":0}},"69":{"start":{"line":70,"column":0},"end":{"line":70,"column":29}},"70":{"start":{"line":71,"column":0},"end":{"line":71,"column":0}},"71":{"start":{"line":72,"column":0},"end":{"line":72,"column":38}},"72":{"start":{"line":73,"column":0},"end":{"line":73,"column":35}},"73":{"start":{"line":74,"column":0},"end":{"line":74,"column":3}},"74":{"start":{"line":75,"column":0},"end":{"line":75,"column":0}},"75":{"start":{"line":76,"column":0},"end":{"line":76,"column":13}},"76":{"start":{"line":77,"column":0},"end":{"line":77,"column":1}},"77":{"start":{"line":78,"column":0},"end":{"line":78,"column":0}},"78":{"start":{"line":79,"column":0},"end":{"line":79,"column":54}},"79":{"start":{"line":80,"column":0},"end":{"line":80,"column":77}},"80":{"start":{"line":81,"column":0},"end":{"line":81,"column":0}},"81":{"start":{"line":82,"column":0},"end":{"line":82,"column":18}},"82":{"start":{"line":83,"column":0},"end":{"line":83,"column":27}},"83":{"start":{"line":84,"column":0},"end":{"line":84,"column":63}},"84":{"start":{"line":85,"column":0},"end":{"line":85,"column":17}},"85":{"start":{"line":86,"column":0},"end":{"line":86,"column":12}},"86":{"start":{"line":87,"column":0},"end":{"line":87,"column":19}},"87":{"start":{"line":88,"column":0},"end":{"line":88,"column":5}},"88":{"start":{"line":89,"column":0},"end":{"line":89,"column":3}},"89":{"start":{"line":90,"column":0},"end":{"line":90,"column":0}},"90":{"start":{"line":91,"column":0},"end":{"line":91,"column":27}},"91":{"start":{"line":92,"column":0},"end":{"line":92,"column":1}},"92":{"start":{"line":93,"column":0},"end":{"line":93,"column":0}},"93":{"start":{"line":94,"column":0},"end":{"line":94,"column":56}},"94":{"start":{"line":95,"column":0},"end":{"line":95,"column":47}},"95":{"start":{"line":96,"column":0},"end":{"line":96,"column":0}},"96":{"start":{"line":97,"column":0},"end":{"line":97,"column":11}},"97":{"start":{"line":98,"column":0},"end":{"line":98,"column":45}},"98":{"start":{"line":99,"column":0},"end":{"line":99,"column":1}},"99":{"start":{"line":100,"column":0},"end":{"line":100,"column":0}},"100":{"start":{"line":101,"column":0},"end":{"line":101,"column":53}},"101":{"start":{"line":102,"column":0},"end":{"line":102,"column":35}},"102":{"start":{"line":103,"column":0},"end":{"line":103,"column":52}},"103":{"start":{"line":104,"column":0},"end":{"line":104,"column":14}},"104":{"start":{"line":105,"column":0},"end":{"line":105,"column":7}},"105":{"start":{"line":106,"column":0},"end":{"line":106,"column":1}},"106":{"start":{"line":107,"column":0},"end":{"line":107,"column":0}},"107":{"start":{"line":108,"column":0},"end":{"line":108,"column":53}},"108":{"start":{"line":109,"column":0},"end":{"line":109,"column":45}},"109":{"start":{"line":110,"column":0},"end":{"line":110,"column":51}},"110":{"start":{"line":111,"column":0},"end":{"line":111,"column":32}},"111":{"start":{"line":112,"column":0},"end":{"line":112,"column":14}},"112":{"start":{"line":113,"column":0},"end":{"line":113,"column":8}},"113":{"start":{"line":114,"column":0},"end":{"line":114,"column":1}},"114":{"start":{"line":115,"column":0},"end":{"line":115,"column":0}},"115":{"start":{"line":116,"column":0},"end":{"line":116,"column":60}},"116":{"start":{"line":117,"column":0},"end":{"line":117,"column":33}},"117":{"start":{"line":118,"column":0},"end":{"line":118,"column":39}},"118":{"start":{"line":119,"column":0},"end":{"line":119,"column":38}},"119":{"start":{"line":120,"column":0},"end":{"line":120,"column":38}},"120":{"start":{"line":121,"column":0},"end":{"line":121,"column":38}},"121":{"start":{"line":122,"column":0},"end":{"line":122,"column":38}},"122":{"start":{"line":123,"column":0},"end":{"line":123,"column":39}},"123":{"start":{"line":124,"column":0},"end":{"line":124,"column":6}},"124":{"start":{"line":125,"column":0},"end":{"line":125,"column":0}},"125":{"start":{"line":126,"column":0},"end":{"line":126,"column":27}},"126":{"start":{"line":127,"column":0},"end":{"line":127,"column":0}},"127":{"start":{"line":128,"column":0},"end":{"line":128,"column":9}},"128":{"start":{"line":129,"column":0},"end":{"line":129,"column":38}},"129":{"start":{"line":130,"column":0},"end":{"line":130,"column":16}},"130":{"start":{"line":131,"column":0},"end":{"line":131,"column":42}},"131":{"start":{"line":132,"column":0},"end":{"line":132,"column":16}},"132":{"start":{"line":133,"column":0},"end":{"line":133,"column":5}},"133":{"start":{"line":134,"column":0},"end":{"line":134,"column":18}},"134":{"start":{"line":135,"column":0},"end":{"line":135,"column":3}},"135":{"start":{"line":136,"column":0},"end":{"line":136,"column":0}},"136":{"start":{"line":137,"column":0},"end":{"line":137,"column":11}},"137":{"start":{"line":138,"column":0},"end":{"line":138,"column":24}},"138":{"start":{"line":139,"column":0},"end":{"line":139,"column":64}},"139":{"start":{"line":140,"column":0},"end":{"line":140,"column":0}},"140":{"start":{"line":141,"column":0},"end":{"line":141,"column":42}},"141":{"start":{"line":142,"column":0},"end":{"line":142,"column":40}},"142":{"start":{"line":143,"column":0},"end":{"line":143,"column":0}},"143":{"start":{"line":144,"column":0},"end":{"line":144,"column":12}},"144":{"start":{"line":145,"column":0},"end":{"line":145,"column":4}},"145":{"start":{"line":146,"column":0},"end":{"line":146,"column":1}},"146":{"start":{"line":147,"column":0},"end":{"line":147,"column":0}},"147":{"start":{"line":148,"column":0},"end":{"line":148,"column":60}},"148":{"start":{"line":149,"column":0},"end":{"line":149,"column":46}},"149":{"start":{"line":150,"column":0},"end":{"line":150,"column":44}},"150":{"start":{"line":151,"column":0},"end":{"line":151,"column":48}},"151":{"start":{"line":152,"column":0},"end":{"line":152,"column":0}},"152":{"start":{"line":153,"column":0},"end":{"line":153,"column":38}},"153":{"start":{"line":154,"column":0},"end":{"line":154,"column":47}},"154":{"start":{"line":155,"column":0},"end":{"line":155,"column":5}},"155":{"start":{"line":156,"column":0},"end":{"line":156,"column":3}},"156":{"start":{"line":157,"column":0},"end":{"line":157,"column":0}},"157":{"start":{"line":158,"column":0},"end":{"line":158,"column":11}},"158":{"start":{"line":159,"column":0},"end":{"line":159,"column":1}},"159":{"start":{"line":160,"column":0},"end":{"line":160,"column":0}},"160":{"start":{"line":161,"column":0},"end":{"line":161,"column":68}},"161":{"start":{"line":162,"column":0},"end":{"line":162,"column":67}},"162":{"start":{"line":163,"column":0},"end":{"line":163,"column":57}},"163":{"start":{"line":164,"column":0},"end":{"line":164,"column":1}},"164":{"start":{"line":165,"column":0},"end":{"line":165,"column":0}},"165":{"start":{"line":166,"column":0},"end":{"line":166,"column":61}},"166":{"start":{"line":167,"column":0},"end":{"line":167,"column":70}},"167":{"start":{"line":168,"column":0},"end":{"line":168,"column":31}},"168":{"start":{"line":169,"column":0},"end":{"line":169,"column":14}},"169":{"start":{"line":170,"column":0},"end":{"line":170,"column":14}},"170":{"start":{"line":171,"column":0},"end":{"line":171,"column":8}},"171":{"start":{"line":172,"column":0},"end":{"line":172,"column":0}},"172":{"start":{"line":173,"column":0},"end":{"line":173,"column":39}},"173":{"start":{"line":174,"column":0},"end":{"line":174,"column":0}},"174":{"start":{"line":175,"column":0},"end":{"line":175,"column":11}},"175":{"start":{"line":176,"column":0},"end":{"line":176,"column":21}},"176":{"start":{"line":177,"column":0},"end":{"line":177,"column":59}},"177":{"start":{"line":178,"column":0},"end":{"line":178,"column":1}},"178":{"start":{"line":179,"column":0},"end":{"line":179,"column":0}},"179":{"start":{"line":180,"column":0},"end":{"line":180,"column":53}},"180":{"start":{"line":181,"column":0},"end":{"line":181,"column":19}},"181":{"start":{"line":182,"column":0},"end":{"line":182,"column":0}},"182":{"start":{"line":183,"column":0},"end":{"line":183,"column":43}},"183":{"start":{"line":184,"column":0},"end":{"line":184,"column":21}},"184":{"start":{"line":185,"column":0},"end":{"line":185,"column":32}},"185":{"start":{"line":186,"column":0},"end":{"line":186,"column":24}},"186":{"start":{"line":187,"column":0},"end":{"line":187,"column":3}},"187":{"start":{"line":188,"column":0},"end":{"line":188,"column":0}},"188":{"start":{"line":189,"column":0},"end":{"line":189,"column":15}},"189":{"start":{"line":190,"column":0},"end":{"line":190,"column":1}},"190":{"start":{"line":191,"column":0},"end":{"line":191,"column":0}},"191":{"start":{"line":192,"column":0},"end":{"line":192,"column":54}},"192":{"start":{"line":193,"column":0},"end":{"line":193,"column":71}},"193":{"start":{"line":194,"column":0},"end":{"line":194,"column":0}},"194":{"start":{"line":195,"column":0},"end":{"line":195,"column":40}},"195":{"start":{"line":196,"column":0},"end":{"line":196,"column":32}},"196":{"start":{"line":197,"column":0},"end":{"line":197,"column":34}},"197":{"start":{"line":198,"column":0},"end":{"line":198,"column":0}},"198":{"start":{"line":199,"column":0},"end":{"line":199,"column":42}},"199":{"start":{"line":200,"column":0},"end":{"line":200,"column":3}},"200":{"start":{"line":201,"column":0},"end":{"line":201,"column":0}},"201":{"start":{"line":202,"column":0},"end":{"line":202,"column":11}},"202":{"start":{"line":203,"column":0},"end":{"line":203,"column":0}},"203":{"start":{"line":204,"column":0},"end":{"line":204,"column":11}},"204":{"start":{"line":205,"column":0},"end":{"line":205,"column":42}},"205":{"start":{"line":206,"column":0},"end":{"line":206,"column":35}},"206":{"start":{"line":207,"column":0},"end":{"line":207,"column":37}},"207":{"start":{"line":208,"column":0},"end":{"line":208,"column":38}},"208":{"start":{"line":209,"column":0},"end":{"line":209,"column":7}},"209":{"start":{"line":210,"column":0},"end":{"line":210,"column":1}},"210":{"start":{"line":211,"column":0},"end":{"line":211,"column":0}},"211":{"start":{"line":212,"column":0},"end":{"line":212,"column":57}},"212":{"start":{"line":213,"column":0},"end":{"line":213,"column":96}},"213":{"start":{"line":214,"column":0},"end":{"line":214,"column":43}},"214":{"start":{"line":215,"column":0},"end":{"line":215,"column":1}},"215":{"start":{"line":216,"column":0},"end":{"line":216,"column":0}},"216":{"start":{"line":217,"column":0},"end":{"line":217,"column":55}},"217":{"start":{"line":218,"column":0},"end":{"line":218,"column":49}},"218":{"start":{"line":219,"column":0},"end":{"line":219,"column":56}},"219":{"start":{"line":220,"column":0},"end":{"line":220,"column":43}},"220":{"start":{"line":221,"column":0},"end":{"line":221,"column":0}},"221":{"start":{"line":222,"column":0},"end":{"line":222,"column":11}},"222":{"start":{"line":223,"column":0},"end":{"line":223,"column":63}},"223":{"start":{"line":224,"column":0},"end":{"line":224,"column":40}},"224":{"start":{"line":225,"column":0},"end":{"line":225,"column":1}},"225":{"start":{"line":226,"column":0},"end":{"line":226,"column":0}},"226":{"start":{"line":227,"column":0},"end":{"line":227,"column":92}},"227":{"start":{"line":228,"column":0},"end":{"line":228,"column":80}},"228":{"start":{"line":229,"column":0},"end":{"line":229,"column":35}},"229":{"start":{"line":230,"column":0},"end":{"line":230,"column":19}},"230":{"start":{"line":231,"column":0},"end":{"line":231,"column":5}},"231":{"start":{"line":232,"column":0},"end":{"line":232,"column":14}},"232":{"start":{"line":233,"column":0},"end":{"line":233,"column":8}},"233":{"start":{"line":234,"column":0},"end":{"line":234,"column":0}},"234":{"start":{"line":235,"column":0},"end":{"line":235,"column":11}},"235":{"start":{"line":236,"column":0},"end":{"line":236,"column":64}},"236":{"start":{"line":237,"column":0},"end":{"line":237,"column":1}},"237":{"start":{"line":238,"column":0},"end":{"line":238,"column":0}},"238":{"start":{"line":239,"column":0},"end":{"line":239,"column":64}},"239":{"start":{"line":240,"column":0},"end":{"line":240,"column":35}},"240":{"start":{"line":241,"column":0},"end":{"line":241,"column":0}},"241":{"start":{"line":242,"column":0},"end":{"line":242,"column":26}},"242":{"start":{"line":243,"column":0},"end":{"line":243,"column":79}},"243":{"start":{"line":244,"column":0},"end":{"line":244,"column":17}},"244":{"start":{"line":245,"column":0},"end":{"line":245,"column":3}},"245":{"start":{"line":246,"column":0},"end":{"line":246,"column":0}},"246":{"start":{"line":247,"column":0},"end":{"line":247,"column":12}},"247":{"start":{"line":248,"column":0},"end":{"line":248,"column":0}},"248":{"start":{"line":249,"column":0},"end":{"line":249,"column":11}},"249":{"start":{"line":250,"column":0},"end":{"line":250,"column":43}},"250":{"start":{"line":251,"column":0},"end":{"line":251,"column":51}},"251":{"start":{"line":252,"column":0},"end":{"line":252,"column":20}},"252":{"start":{"line":253,"column":0},"end":{"line":253,"column":6}},"253":{"start":{"line":254,"column":0},"end":{"line":254,"column":27}},"254":{"start":{"line":255,"column":0},"end":{"line":255,"column":1}},"255":{"start":{"line":256,"column":0},"end":{"line":256,"column":0}},"256":{"start":{"line":257,"column":0},"end":{"line":257,"column":46}},"257":{"start":{"line":258,"column":0},"end":{"line":258,"column":14}},"258":{"start":{"line":259,"column":0},"end":{"line":259,"column":15}},"259":{"start":{"line":260,"column":0},"end":{"line":260,"column":21}},"260":{"start":{"line":261,"column":0},"end":{"line":261,"column":38}},"261":{"start":{"line":262,"column":0},"end":{"line":262,"column":38}},"262":{"start":{"line":263,"column":0},"end":{"line":263,"column":36}},"263":{"start":{"line":264,"column":0},"end":{"line":264,"column":6}},"264":{"start":{"line":265,"column":0},"end":{"line":265,"column":14}},"265":{"start":{"line":266,"column":0},"end":{"line":266,"column":1}},"266":{"start":{"line":267,"column":0},"end":{"line":267,"column":0}},"267":{"start":{"line":268,"column":0},"end":{"line":268,"column":54}},"268":{"start":{"line":269,"column":0},"end":{"line":269,"column":68}},"269":{"start":{"line":270,"column":0},"end":{"line":270,"column":45}},"270":{"start":{"line":271,"column":0},"end":{"line":271,"column":7}},"271":{"start":{"line":272,"column":0},"end":{"line":272,"column":25}},"272":{"start":{"line":273,"column":0},"end":{"line":273,"column":1}},"273":{"start":{"line":274,"column":0},"end":{"line":274,"column":0}},"274":{"start":{"line":275,"column":0},"end":{"line":275,"column":50}},"275":{"start":{"line":276,"column":0},"end":{"line":276,"column":65}},"276":{"start":{"line":277,"column":0},"end":{"line":277,"column":1}},"277":{"start":{"line":278,"column":0},"end":{"line":278,"column":0}},"278":{"start":{"line":279,"column":0},"end":{"line":279,"column":50}},"279":{"start":{"line":280,"column":0},"end":{"line":280,"column":15}},"280":{"start":{"line":281,"column":0},"end":{"line":281,"column":0}},"281":{"start":{"line":282,"column":0},"end":{"line":282,"column":43}},"282":{"start":{"line":283,"column":0},"end":{"line":283,"column":84}},"283":{"start":{"line":284,"column":0},"end":{"line":284,"column":0}},"284":{"start":{"line":285,"column":0},"end":{"line":285,"column":23}},"285":{"start":{"line":286,"column":0},"end":{"line":286,"column":13}},"286":{"start":{"line":287,"column":0},"end":{"line":287,"column":29}},"287":{"start":{"line":288,"column":0},"end":{"line":288,"column":12}},"288":{"start":{"line":289,"column":0},"end":{"line":289,"column":18}},"289":{"start":{"line":290,"column":0},"end":{"line":290,"column":5}},"290":{"start":{"line":291,"column":0},"end":{"line":291,"column":3}},"291":{"start":{"line":292,"column":0},"end":{"line":292,"column":0}},"292":{"start":{"line":293,"column":0},"end":{"line":293,"column":22}},"293":{"start":{"line":294,"column":0},"end":{"line":294,"column":0}},"294":{"start":{"line":295,"column":0},"end":{"line":295,"column":11}},"295":{"start":{"line":296,"column":0},"end":{"line":296,"column":22}},"296":{"start":{"line":297,"column":0},"end":{"line":297,"column":80}},"297":{"start":{"line":298,"column":0},"end":{"line":298,"column":14}},"298":{"start":{"line":299,"column":0},"end":{"line":299,"column":6}},"299":{"start":{"line":300,"column":0},"end":{"line":300,"column":0}},"300":{"start":{"line":301,"column":0},"end":{"line":301,"column":17}},"301":{"start":{"line":302,"column":0},"end":{"line":302,"column":1}},"302":{"start":{"line":303,"column":0},"end":{"line":303,"column":0}},"303":{"start":{"line":304,"column":0},"end":{"line":304,"column":56}},"304":{"start":{"line":305,"column":0},"end":{"line":305,"column":51}},"305":{"start":{"line":306,"column":0},"end":{"line":306,"column":79}},"306":{"start":{"line":307,"column":0},"end":{"line":307,"column":1}},"307":{"start":{"line":308,"column":0},"end":{"line":308,"column":0}},"308":{"start":{"line":309,"column":0},"end":{"line":309,"column":45}},"309":{"start":{"line":310,"column":0},"end":{"line":310,"column":73}},"310":{"start":{"line":311,"column":0},"end":{"line":311,"column":35}},"311":{"start":{"line":312,"column":0},"end":{"line":312,"column":0}},"312":{"start":{"line":313,"column":0},"end":{"line":313,"column":97}},"313":{"start":{"line":314,"column":0},"end":{"line":314,"column":11}},"314":{"start":{"line":315,"column":0},"end":{"line":315,"column":92}},"315":{"start":{"line":316,"column":0},"end":{"line":316,"column":1}},"316":{"start":{"line":317,"column":0},"end":{"line":317,"column":0}},"317":{"start":{"line":318,"column":0},"end":{"line":318,"column":56}},"318":{"start":{"line":319,"column":0},"end":{"line":319,"column":53}},"319":{"start":{"line":320,"column":0},"end":{"line":320,"column":54}},"320":{"start":{"line":321,"column":0},"end":{"line":321,"column":65}},"321":{"start":{"line":322,"column":0},"end":{"line":322,"column":1}},"322":{"start":{"line":323,"column":0},"end":{"line":323,"column":0}},"323":{"start":{"line":324,"column":0},"end":{"line":324,"column":63}},"324":{"start":{"line":325,"column":0},"end":{"line":325,"column":38}},"325":{"start":{"line":326,"column":0},"end":{"line":326,"column":1}},"326":{"start":{"line":327,"column":0},"end":{"line":327,"column":0}},"327":{"start":{"line":328,"column":0},"end":{"line":328,"column":48}},"328":{"start":{"line":329,"column":0},"end":{"line":329,"column":35}},"329":{"start":{"line":330,"column":0},"end":{"line":330,"column":51}},"330":{"start":{"line":331,"column":0},"end":{"line":331,"column":54}},"331":{"start":{"line":332,"column":0},"end":{"line":332,"column":3}},"332":{"start":{"line":333,"column":0},"end":{"line":333,"column":0}},"333":{"start":{"line":334,"column":0},"end":{"line":334,"column":17}},"334":{"start":{"line":335,"column":0},"end":{"line":335,"column":14}},"335":{"start":{"line":336,"column":0},"end":{"line":336,"column":3}},"336":{"start":{"line":337,"column":0},"end":{"line":337,"column":10}},"337":{"start":{"line":338,"column":0},"end":{"line":338,"column":1}},"338":{"start":{"line":339,"column":0},"end":{"line":339,"column":0}},"339":{"start":{"line":340,"column":0},"end":{"line":340,"column":52}},"340":{"start":{"line":341,"column":0},"end":{"line":341,"column":51}},"341":{"start":{"line":342,"column":0},"end":{"line":342,"column":0}},"342":{"start":{"line":343,"column":0},"end":{"line":343,"column":28}},"343":{"start":{"line":344,"column":0},"end":{"line":344,"column":26}},"344":{"start":{"line":345,"column":0},"end":{"line":345,"column":24}},"345":{"start":{"line":346,"column":0},"end":{"line":346,"column":5}},"346":{"start":{"line":347,"column":0},"end":{"line":347,"column":20}},"347":{"start":{"line":348,"column":0},"end":{"line":348,"column":3}},"348":{"start":{"line":349,"column":0},"end":{"line":349,"column":0}},"349":{"start":{"line":350,"column":0},"end":{"line":350,"column":74}},"350":{"start":{"line":351,"column":0},"end":{"line":351,"column":20}},"351":{"start":{"line":352,"column":0},"end":{"line":352,"column":1}},"352":{"start":{"line":353,"column":0},"end":{"line":353,"column":0}},"353":{"start":{"line":354,"column":0},"end":{"line":354,"column":48}},"354":{"start":{"line":355,"column":0},"end":{"line":355,"column":41}},"355":{"start":{"line":356,"column":0},"end":{"line":356,"column":0}},"356":{"start":{"line":357,"column":0},"end":{"line":357,"column":25}},"357":{"start":{"line":358,"column":0},"end":{"line":358,"column":11}},"358":{"start":{"line":359,"column":0},"end":{"line":359,"column":32}},"359":{"start":{"line":360,"column":0},"end":{"line":360,"column":11}},"360":{"start":{"line":361,"column":0},"end":{"line":361,"column":34}},"361":{"start":{"line":362,"column":0},"end":{"line":362,"column":11}},"362":{"start":{"line":363,"column":0},"end":{"line":363,"column":46}},"363":{"start":{"line":364,"column":0},"end":{"line":364,"column":11}},"364":{"start":{"line":365,"column":0},"end":{"line":365,"column":60}},"365":{"start":{"line":366,"column":0},"end":{"line":366,"column":12}},"366":{"start":{"line":367,"column":0},"end":{"line":367,"column":71}},"367":{"start":{"line":368,"column":0},"end":{"line":368,"column":3}},"368":{"start":{"line":369,"column":0},"end":{"line":369,"column":1}},"369":{"start":{"line":370,"column":0},"end":{"line":370,"column":0}},"370":{"start":{"line":371,"column":0},"end":{"line":371,"column":48}},"371":{"start":{"line":372,"column":0},"end":{"line":372,"column":46}},"372":{"start":{"line":373,"column":0},"end":{"line":373,"column":44}},"373":{"start":{"line":374,"column":0},"end":{"line":374,"column":3}},"374":{"start":{"line":375,"column":0},"end":{"line":375,"column":58}},"375":{"start":{"line":376,"column":0},"end":{"line":376,"column":1}},"376":{"start":{"line":377,"column":0},"end":{"line":377,"column":0}},"377":{"start":{"line":378,"column":0},"end":{"line":378,"column":47}},"378":{"start":{"line":379,"column":0},"end":{"line":379,"column":22}},"379":{"start":{"line":380,"column":0},"end":{"line":380,"column":33}},"380":{"start":{"line":381,"column":0},"end":{"line":381,"column":37}},"381":{"start":{"line":382,"column":0},"end":{"line":382,"column":23}},"382":{"start":{"line":383,"column":0},"end":{"line":383,"column":5}},"383":{"start":{"line":384,"column":0},"end":{"line":384,"column":3}},"384":{"start":{"line":385,"column":0},"end":{"line":385,"column":57}},"385":{"start":{"line":386,"column":0},"end":{"line":386,"column":1}},"386":{"start":{"line":387,"column":0},"end":{"line":387,"column":0}},"387":{"start":{"line":388,"column":0},"end":{"line":388,"column":53}},"388":{"start":{"line":389,"column":0},"end":{"line":389,"column":49}},"389":{"start":{"line":390,"column":0},"end":{"line":390,"column":51}},"390":{"start":{"line":391,"column":0},"end":{"line":391,"column":0}},"391":{"start":{"line":392,"column":0},"end":{"line":392,"column":26}},"392":{"start":{"line":393,"column":0},"end":{"line":393,"column":26}},"393":{"start":{"line":394,"column":0},"end":{"line":394,"column":24}},"394":{"start":{"line":395,"column":0},"end":{"line":395,"column":16}},"395":{"start":{"line":396,"column":0},"end":{"line":396,"column":7}},"396":{"start":{"line":397,"column":0},"end":{"line":397,"column":20}},"397":{"start":{"line":398,"column":0},"end":{"line":398,"column":5}},"398":{"start":{"line":399,"column":0},"end":{"line":399,"column":0}},"399":{"start":{"line":400,"column":0},"end":{"line":400,"column":67}},"400":{"start":{"line":401,"column":0},"end":{"line":401,"column":3}},"401":{"start":{"line":402,"column":0},"end":{"line":402,"column":0}},"402":{"start":{"line":403,"column":0},"end":{"line":403,"column":39}},"403":{"start":{"line":404,"column":0},"end":{"line":404,"column":60}},"404":{"start":{"line":405,"column":0},"end":{"line":405,"column":31}},"405":{"start":{"line":406,"column":0},"end":{"line":406,"column":1}},"406":{"start":{"line":407,"column":0},"end":{"line":407,"column":0}},"407":{"start":{"line":408,"column":0},"end":{"line":408,"column":47}},"408":{"start":{"line":409,"column":0},"end":{"line":409,"column":20}},"409":{"start":{"line":410,"column":0},"end":{"line":410,"column":42}},"410":{"start":{"line":411,"column":0},"end":{"line":411,"column":0}},"411":{"start":{"line":412,"column":0},"end":{"line":412,"column":24}},"412":{"start":{"line":413,"column":0},"end":{"line":413,"column":29}},"413":{"start":{"line":414,"column":0},"end":{"line":414,"column":18}},"414":{"start":{"line":415,"column":0},"end":{"line":415,"column":5}},"415":{"start":{"line":416,"column":0},"end":{"line":416,"column":3}},"416":{"start":{"line":417,"column":0},"end":{"line":417,"column":0}},"417":{"start":{"line":418,"column":0},"end":{"line":418,"column":19}},"418":{"start":{"line":419,"column":0},"end":{"line":419,"column":1}},"419":{"start":{"line":420,"column":0},"end":{"line":420,"column":0}},"420":{"start":{"line":421,"column":0},"end":{"line":421,"column":52}},"421":{"start":{"line":422,"column":0},"end":{"line":422,"column":59}},"422":{"start":{"line":423,"column":0},"end":{"line":423,"column":29}},"423":{"start":{"line":424,"column":0},"end":{"line":424,"column":1}},"424":{"start":{"line":425,"column":0},"end":{"line":425,"column":0}},"425":{"start":{"line":426,"column":0},"end":{"line":426,"column":51}},"426":{"start":{"line":427,"column":0},"end":{"line":427,"column":20}},"427":{"start":{"line":428,"column":0},"end":{"line":428,"column":39}},"428":{"start":{"line":429,"column":0},"end":{"line":429,"column":0}},"429":{"start":{"line":430,"column":0},"end":{"line":430,"column":24}},"430":{"start":{"line":431,"column":0},"end":{"line":431,"column":40}},"431":{"start":{"line":432,"column":0},"end":{"line":432,"column":18}},"432":{"start":{"line":433,"column":0},"end":{"line":433,"column":5}},"433":{"start":{"line":434,"column":0},"end":{"line":434,"column":0}},"434":{"start":{"line":435,"column":0},"end":{"line":435,"column":13}},"435":{"start":{"line":436,"column":0},"end":{"line":436,"column":21}},"436":{"start":{"line":437,"column":0},"end":{"line":437,"column":21}},"437":{"start":{"line":438,"column":0},"end":{"line":438,"column":8}},"438":{"start":{"line":439,"column":0},"end":{"line":439,"column":3}},"439":{"start":{"line":440,"column":0},"end":{"line":440,"column":0}},"440":{"start":{"line":441,"column":0},"end":{"line":441,"column":38}},"441":{"start":{"line":442,"column":0},"end":{"line":442,"column":1}},"442":{"start":{"line":443,"column":0},"end":{"line":443,"column":0}},"443":{"start":{"line":444,"column":0},"end":{"line":444,"column":49}},"444":{"start":{"line":445,"column":0},"end":{"line":445,"column":21}},"445":{"start":{"line":446,"column":0},"end":{"line":446,"column":26}},"446":{"start":{"line":447,"column":0},"end":{"line":447,"column":14}},"447":{"start":{"line":448,"column":0},"end":{"line":448,"column":1}},"448":{"start":{"line":449,"column":0},"end":{"line":449,"column":0}},"449":{"start":{"line":450,"column":0},"end":{"line":450,"column":49}},"450":{"start":{"line":451,"column":0},"end":{"line":451,"column":25}},"451":{"start":{"line":452,"column":0},"end":{"line":452,"column":1}},"452":{"start":{"line":453,"column":0},"end":{"line":453,"column":0}},"453":{"start":{"line":454,"column":0},"end":{"line":454,"column":50}},"454":{"start":{"line":455,"column":0},"end":{"line":455,"column":13}},"455":{"start":{"line":456,"column":0},"end":{"line":456,"column":15}},"456":{"start":{"line":457,"column":0},"end":{"line":457,"column":34}},"457":{"start":{"line":458,"column":0},"end":{"line":458,"column":14}},"458":{"start":{"line":459,"column":0},"end":{"line":459,"column":1}},"459":{"start":{"line":460,"column":0},"end":{"line":460,"column":0}},"460":{"start":{"line":461,"column":0},"end":{"line":461,"column":66}},"461":{"start":{"line":462,"column":0},"end":{"line":462,"column":39}},"462":{"start":{"line":463,"column":0},"end":{"line":463,"column":1}},"463":{"start":{"line":464,"column":0},"end":{"line":464,"column":0}},"464":{"start":{"line":465,"column":0},"end":{"line":465,"column":50}},"465":{"start":{"line":466,"column":0},"end":{"line":466,"column":49}},"466":{"start":{"line":467,"column":0},"end":{"line":467,"column":51}},"467":{"start":{"line":468,"column":0},"end":{"line":468,"column":1}},"468":{"start":{"line":469,"column":0},"end":{"line":469,"column":0}},"469":{"start":{"line":470,"column":0},"end":{"line":470,"column":54}},"470":{"start":{"line":471,"column":0},"end":{"line":471,"column":43}},"471":{"start":{"line":472,"column":0},"end":{"line":472,"column":65}},"472":{"start":{"line":473,"column":0},"end":{"line":473,"column":51}},"473":{"start":{"line":474,"column":0},"end":{"line":474,"column":1}},"474":{"start":{"line":475,"column":0},"end":{"line":475,"column":0}},"475":{"start":{"line":476,"column":0},"end":{"line":476,"column":38}},"476":{"start":{"line":477,"column":0},"end":{"line":477,"column":27}},"477":{"start":{"line":478,"column":0},"end":{"line":478,"column":30}},"478":{"start":{"line":479,"column":0},"end":{"line":479,"column":34}},"479":{"start":{"line":480,"column":0},"end":{"line":480,"column":10}},"480":{"start":{"line":481,"column":0},"end":{"line":481,"column":42}},"481":{"start":{"line":482,"column":0},"end":{"line":482,"column":19}},"482":{"start":{"line":483,"column":0},"end":{"line":483,"column":3}},"483":{"start":{"line":484,"column":0},"end":{"line":484,"column":1}},"484":{"start":{"line":485,"column":0},"end":{"line":485,"column":0}},"485":{"start":{"line":486,"column":0},"end":{"line":486,"column":44}},"486":{"start":{"line":487,"column":0},"end":{"line":487,"column":10}},"487":{"start":{"line":488,"column":0},"end":{"line":488,"column":14}},"488":{"start":{"line":489,"column":0},"end":{"line":489,"column":26}},"489":{"start":{"line":490,"column":0},"end":{"line":490,"column":13}},"490":{"start":{"line":491,"column":0},"end":{"line":491,"column":1}},"491":{"start":{"line":492,"column":0},"end":{"line":492,"column":0}},"492":{"start":{"line":493,"column":0},"end":{"line":493,"column":46}},"493":{"start":{"line":494,"column":0},"end":{"line":494,"column":61}},"494":{"start":{"line":495,"column":0},"end":{"line":495,"column":30}},"495":{"start":{"line":496,"column":0},"end":{"line":496,"column":26}},"496":{"start":{"line":497,"column":0},"end":{"line":497,"column":7}},"497":{"start":{"line":498,"column":0},"end":{"line":498,"column":25}},"498":{"start":{"line":499,"column":0},"end":{"line":499,"column":1}},"499":{"start":{"line":500,"column":0},"end":{"line":500,"column":0}},"500":{"start":{"line":501,"column":0},"end":{"line":501,"column":44}},"501":{"start":{"line":502,"column":0},"end":{"line":502,"column":67}},"502":{"start":{"line":503,"column":0},"end":{"line":503,"column":1}},"503":{"start":{"line":504,"column":0},"end":{"line":504,"column":0}},"504":{"start":{"line":505,"column":0},"end":{"line":505,"column":50}},"505":{"start":{"line":506,"column":0},"end":{"line":506,"column":56}},"506":{"start":{"line":507,"column":0},"end":{"line":507,"column":1}},"507":{"start":{"line":508,"column":0},"end":{"line":508,"column":0}},"508":{"start":{"line":509,"column":0},"end":{"line":509,"column":49}},"509":{"start":{"line":510,"column":0},"end":{"line":510,"column":12}},"510":{"start":{"line":511,"column":0},"end":{"line":511,"column":14}},"511":{"start":{"line":512,"column":0},"end":{"line":512,"column":20}},"512":{"start":{"line":513,"column":0},"end":{"line":513,"column":13}},"513":{"start":{"line":514,"column":0},"end":{"line":514,"column":1}},"514":{"start":{"line":515,"column":0},"end":{"line":515,"column":0}},"515":{"start":{"line":516,"column":0},"end":{"line":516,"column":57}},"516":{"start":{"line":517,"column":0},"end":{"line":517,"column":20}},"517":{"start":{"line":518,"column":0},"end":{"line":518,"column":1}},"518":{"start":{"line":519,"column":0},"end":{"line":519,"column":0}},"519":{"start":{"line":520,"column":0},"end":{"line":520,"column":57}},"520":{"start":{"line":521,"column":0},"end":{"line":521,"column":26}},"521":{"start":{"line":522,"column":0},"end":{"line":522,"column":32}},"522":{"start":{"line":523,"column":0},"end":{"line":523,"column":15}},"523":{"start":{"line":524,"column":0},"end":{"line":524,"column":3}},"524":{"start":{"line":525,"column":0},"end":{"line":525,"column":12}},"525":{"start":{"line":526,"column":0},"end":{"line":526,"column":1}},"526":{"start":{"line":527,"column":0},"end":{"line":527,"column":0}},"527":{"start":{"line":528,"column":0},"end":{"line":528,"column":45}},"528":{"start":{"line":529,"column":0},"end":{"line":529,"column":39}},"529":{"start":{"line":530,"column":0},"end":{"line":530,"column":52}},"530":{"start":{"line":531,"column":0},"end":{"line":531,"column":1}},"531":{"start":{"line":532,"column":0},"end":{"line":532,"column":0}},"532":{"start":{"line":533,"column":0},"end":{"line":533,"column":49}},"533":{"start":{"line":534,"column":0},"end":{"line":534,"column":26}},"534":{"start":{"line":535,"column":0},"end":{"line":535,"column":31}},"535":{"start":{"line":536,"column":0},"end":{"line":536,"column":15}},"536":{"start":{"line":537,"column":0},"end":{"line":537,"column":3}},"537":{"start":{"line":538,"column":0},"end":{"line":538,"column":12}},"538":{"start":{"line":539,"column":0},"end":{"line":539,"column":1}},"539":{"start":{"line":540,"column":0},"end":{"line":540,"column":0}},"540":{"start":{"line":541,"column":0},"end":{"line":541,"column":47}},"541":{"start":{"line":542,"column":0},"end":{"line":542,"column":28}},"542":{"start":{"line":543,"column":0},"end":{"line":543,"column":1}}},"s":{"0":1,"1":4,"2":4,"3":4,"4":4,"5":23,"6":23,"7":23,"8":4,"9":4,"10":1,"11":1,"12":2,"13":2,"14":2,"15":2,"16":2,"17":2,"18":2,"19":1,"20":1,"21":3,"22":3,"23":3,"24":9,"25":9,"26":7,"27":7,"28":9,"29":3,"30":3,"31":3,"32":3,"33":3,"34":3,"35":3,"36":3,"37":3,"38":3,"39":1,"40":1,"41":3,"42":3,"43":3,"44":16,"45":16,"46":32,"47":32,"48":16,"49":16,"50":3,"51":3,"52":3,"53":3,"54":3,"55":3,"56":3,"57":3,"58":3,"59":3,"60":3,"61":3,"62":3,"63":1,"64":1,"65":6,"66":6,"67":6,"68":2,"69":2,"70":2,"71":6,"72":4,"73":4,"74":1,"75":1,"76":1,"77":1,"78":1,"79":3,"80":3,"81":3,"82":3,"83":12,"84":4,"85":12,"86":8,"87":8,"88":12,"89":3,"90":3,"91":3,"92":1,"93":1,"94":3,"95":3,"96":3,"97":3,"98":3,"99":1,"100":1,"101":4,"102":14,"103":7,"104":4,"105":4,"106":1,"107":1,"108":3,"109":20,"110":20,"111":20,"112":3,"113":3,"114":1,"115":1,"116":3,"117":3,"118":3,"119":3,"120":3,"121":3,"122":3,"123":3,"124":3,"125":3,"126":3,"127":3,"128":3,"129":6,"130":6,"131":14,"132":14,"133":6,"134":6,"135":3,"136":3,"137":3,"138":6,"139":6,"140":6,"141":6,"142":6,"143":6,"144":3,"145":3,"146":1,"147":1,"148":3,"149":5,"150":5,"151":5,"152":5,"153":2,"154":2,"155":5,"156":1,"157":1,"158":1,"159":1,"160":1,"161":3,"162":3,"163":3,"164":1,"165":1,"166":2,"167":11,"168":11,"169":11,"170":2,"171":2,"172":2,"173":2,"174":2,"175":2,"176":2,"177":2,"178":1,"179":1,"180":3,"181":3,"182":3,"183":7,"184":7,"185":7,"186":7,"187":3,"188":3,"189":3,"190":1,"191":1,"192":4,"193":4,"194":4,"195":16,"196":16,"197":16,"198":16,"199":16,"200":1,"201":1,"202":1,"203":1,"204":1,"205":1,"206":1,"207":1,"208":1,"209":1,"210":1,"211":1,"212":3,"213":3,"214":3,"215":1,"216":1,"217":3,"218":3,"219":3,"220":3,"221":3,"222":3,"223":3,"224":3,"225":1,"226":1,"227":1,"228":15,"229":6,"230":6,"231":15,"232":1,"233":1,"234":1,"235":1,"236":1,"237":1,"238":1,"239":11,"240":8,"241":11,"242":76,"243":76,"244":76,"245":8,"246":8,"247":8,"248":8,"249":8,"250":8,"251":8,"252":8,"253":8,"254":8,"255":1,"256":1,"257":4,"258":4,"259":4,"260":20,"261":20,"262":20,"263":4,"264":4,"265":4,"266":1,"267":1,"268":3,"269":8,"270":3,"271":3,"272":3,"273":1,"274":1,"275":4,"276":4,"277":1,"278":1,"279":4,"280":4,"281":4,"282":13,"283":13,"284":13,"285":9,"286":9,"287":13,"288":4,"289":4,"290":13,"291":4,"292":4,"293":4,"294":4,"295":4,"296":4,"297":4,"298":4,"299":4,"300":4,"301":4,"302":1,"303":1,"304":3,"305":3,"306":3,"307":1,"308":1,"309":4,"310":4,"311":4,"312":4,"313":4,"314":4,"315":4,"316":1,"317":1,"318":5,"319":5,"320":5,"321":5,"322":1,"323":1,"324":4,"325":4,"326":1,"327":1,"328":2,"329":3,"330":3,"331":3,"332":2,"333":2,"334":3,"335":3,"336":2,"337":2,"338":1,"339":1,"340":4,"341":4,"342":4,"343":30,"344":14,"345":14,"346":30,"347":30,"348":4,"349":4,"350":4,"351":4,"352":1,"353":1,"354":5,"355":5,"356":5,"357":5,"358":1,"359":5,"360":1,"361":5,"362":1,"363":5,"364":1,"365":5,"366":1,"367":5,"368":5,"369":1,"370":1,"371":7,"372":9,"373":9,"374":7,"375":7,"376":1,"377":1,"378":3,"379":3,"380":30,"381":14,"382":14,"383":30,"384":3,"385":3,"386":1,"387":1,"388":4,"389":4,"390":4,"391":4,"392":41,"393":27,"394":27,"395":27,"396":14,"397":14,"398":4,"399":4,"400":4,"401":4,"402":4,"403":4,"404":4,"405":4,"406":1,"407":1,"408":1,"409":1,"410":1,"411":1,"412":11,"413":5,"414":5,"415":11,"416":1,"417":1,"418":1,"419":1,"420":1,"421":2,"422":2,"423":2,"424":1,"425":1,"426":2,"427":2,"428":2,"429":2,"430":36,"431":8,"432":8,"433":36,"434":36,"435":36,"436":36,"437":36,"438":36,"439":2,"440":2,"441":2,"442":1,"443":1,"444":4,"445":4,"446":2,"447":2,"448":1,"449":1,"450":4,"451":4,"452":1,"453":1,"454":3,"455":3,"456":3,"457":3,"458":3,"459":1,"460":1,"461":8,"462":8,"463":1,"464":1,"465":8,"466":8,"467":8,"468":1,"469":1,"470":3,"471":3,"472":3,"473":3,"474":1,"475":1,"476":2,"477":1,"478":1,"479":1,"480":1,"481":1,"482":1,"483":2,"484":1,"485":1,"486":4,"487":4,"488":4,"489":4,"490":4,"491":1,"492":1,"493":4,"494":10,"495":10,"496":4,"497":4,"498":4,"499":1,"500":1,"501":5,"502":5,"503":1,"504":1,"505":3,"506":3,"507":1,"508":1,"509":6,"510":6,"511":6,"512":6,"513":6,"514":1,"515":1,"516":1,"517":1,"518":1,"519":1,"520":2,"521":2,"522":9,"523":9,"524":2,"525":2,"526":1,"527":1,"528":4,"529":4,"530":4,"531":1,"532":1,"533":1,"534":1,"535":5,"536":5,"537":1,"538":1,"539":1,"540":1,"541":3,"542":3},"branchMap":{"0":{"type":"branch","line":1,"loc":{"start":{"line":1,"column":7},"end":{"line":10,"column":1}},"locations":[{"start":{"line":1,"column":7},"end":{"line":10,"column":1}}]},"1":{"type":"branch","line":2,"loc":{"start":{"line":2,"column":59},"end":{"line":2,"column":68}},"locations":[{"start":{"line":2,"column":59},"end":{"line":2,"column":68}}]},"2":{"type":"branch","line":5,"loc":{"start":{"line":5,"column":21},"end":{"line":8,"column":3}},"locations":[{"start":{"line":5,"column":21},"end":{"line":8,"column":3}}]},"3":{"type":"branch","line":12,"loc":{"start":{"line":12,"column":7},"end":{"line":19,"column":1}},"locations":[{"start":{"line":12,"column":7},"end":{"line":19,"column":1}}]},"4":{"type":"branch","line":13,"loc":{"start":{"line":13,"column":18},"end":{"line":13,"column":30}},"locations":[{"start":{"line":13,"column":18},"end":{"line":13,"column":30}}]},"5":{"type":"branch","line":15,"loc":{"start":{"line":15,"column":10},"end":{"line":15,"column":25}},"locations":[{"start":{"line":15,"column":10},"end":{"line":15,"column":25}}]},"6":{"type":"branch","line":16,"loc":{"start":{"line":16,"column":10},"end":{"line":16,"column":25}},"locations":[{"start":{"line":16,"column":10},"end":{"line":16,"column":25}}]},"7":{"type":"branch","line":18,"loc":{"start":{"line":18,"column":18},"end":{"line":18,"column":44}},"locations":[{"start":{"line":18,"column":18},"end":{"line":18,"column":44}}]},"8":{"type":"branch","line":21,"loc":{"start":{"line":21,"column":7},"end":{"line":39,"column":1}},"locations":[{"start":{"line":21,"column":7},"end":{"line":39,"column":1}}]},"9":{"type":"branch","line":24,"loc":{"start":{"line":24,"column":59},"end":{"line":29,"column":3}},"locations":[{"start":{"line":24,"column":59},"end":{"line":29,"column":3}}]},"10":{"type":"branch","line":26,"loc":{"start":{"line":26,"column":13},"end":{"line":28,"column":5}},"locations":[{"start":{"line":26,"column":13},"end":{"line":28,"column":5}}]},"11":{"type":"branch","line":41,"loc":{"start":{"line":41,"column":7},"end":{"line":63,"column":1}},"locations":[{"start":{"line":41,"column":7},"end":{"line":63,"column":1}}]},"12":{"type":"branch","line":59,"loc":{"start":{"line":59,"column":58},"end":{"line":59,"column":67}},"locations":[{"start":{"line":59,"column":58},"end":{"line":59,"column":67}}]},"13":{"type":"branch","line":42,"loc":{"start":{"line":42,"column":29},"end":{"line":52,"column":3}},"locations":[{"start":{"line":42,"column":29},"end":{"line":52,"column":3}}]},"14":{"type":"branch","line":44,"loc":{"start":{"line":44,"column":44},"end":{"line":50,"column":5}},"locations":[{"start":{"line":44,"column":44},"end":{"line":50,"column":5}}]},"15":{"type":"branch","line":46,"loc":{"start":{"line":46,"column":34},"end":{"line":48,"column":7}},"locations":[{"start":{"line":46,"column":34},"end":{"line":48,"column":7}}]},"16":{"type":"branch","line":54,"loc":{"start":{"line":54,"column":28},"end":{"line":57,"column":3}},"locations":[{"start":{"line":54,"column":28},"end":{"line":57,"column":3}}]},"17":{"type":"branch","line":55,"loc":{"start":{"line":55,"column":20},"end":{"line":55,"column":49}},"locations":[{"start":{"line":55,"column":20},"end":{"line":55,"column":49}}]},"18":{"type":"branch","line":65,"loc":{"start":{"line":65,"column":7},"end":{"line":77,"column":1}},"locations":[{"start":{"line":65,"column":7},"end":{"line":77,"column":1}}]},"19":{"type":"branch","line":66,"loc":{"start":{"line":66,"column":15},"end":{"line":67,"column":24}},"locations":[{"start":{"line":66,"column":15},"end":{"line":67,"column":24}}]},"20":{"type":"branch","line":67,"loc":{"start":{"line":67,"column":17},"end":{"line":67,"column":28}},"locations":[{"start":{"line":67,"column":17},"end":{"line":67,"column":28}}]},"21":{"type":"branch","line":67,"loc":{"start":{"line":67,"column":24},"end":{"line":68,"column":28}},"locations":[{"start":{"line":67,"column":24},"end":{"line":68,"column":28}}]},"22":{"type":"branch","line":68,"loc":{"start":{"line":68,"column":21},"end":{"line":68,"column":33}},"locations":[{"start":{"line":68,"column":21},"end":{"line":68,"column":33}}]},"23":{"type":"branch","line":68,"loc":{"start":{"line":68,"column":28},"end":{"line":72,"column":37}},"locations":[{"start":{"line":68,"column":28},"end":{"line":72,"column":37}}]},"24":{"type":"branch","line":72,"loc":{"start":{"line":72,"column":37},"end":{"line":74,"column":3}},"locations":[{"start":{"line":72,"column":37},"end":{"line":74,"column":3}}]},"25":{"type":"branch","line":73,"loc":{"start":{"line":73,"column":23},"end":{"line":73,"column":35}},"locations":[{"start":{"line":73,"column":23},"end":{"line":73,"column":35}}]},"26":{"type":"branch","line":74,"loc":{"start":{"line":74,"column":2},"end":{"line":77,"column":1}},"locations":[{"start":{"line":74,"column":2},"end":{"line":77,"column":1}}]},"27":{"type":"branch","line":79,"loc":{"start":{"line":79,"column":7},"end":{"line":92,"column":1}},"locations":[{"start":{"line":79,"column":7},"end":{"line":92,"column":1}}]},"28":{"type":"branch","line":83,"loc":{"start":{"line":83,"column":26},"end":{"line":89,"column":3}},"locations":[{"start":{"line":83,"column":26},"end":{"line":89,"column":3}}]},"29":{"type":"branch","line":84,"loc":{"start":{"line":84,"column":17},"end":{"line":84,"column":62}},"locations":[{"start":{"line":84,"column":17},"end":{"line":84,"column":62}}]},"30":{"type":"branch","line":84,"loc":{"start":{"line":84,"column":62},"end":{"line":86,"column":11}},"locations":[{"start":{"line":84,"column":62},"end":{"line":86,"column":11}}]},"31":{"type":"branch","line":86,"loc":{"start":{"line":86,"column":4},"end":{"line":88,"column":5}},"locations":[{"start":{"line":86,"column":4},"end":{"line":88,"column":5}}]},"32":{"type":"branch","line":94,"loc":{"start":{"line":94,"column":7},"end":{"line":99,"column":1}},"locations":[{"start":{"line":94,"column":7},"end":{"line":99,"column":1}}]},"33":{"type":"branch","line":95,"loc":{"start":{"line":95,"column":34},"end":{"line":95,"column":46}},"locations":[{"start":{"line":95,"column":34},"end":{"line":95,"column":46}}]},"34":{"type":"branch","line":101,"loc":{"start":{"line":101,"column":7},"end":{"line":106,"column":1}},"locations":[{"start":{"line":101,"column":7},"end":{"line":106,"column":1}}]},"35":{"type":"branch","line":102,"loc":{"start":{"line":102,"column":20},"end":{"line":105,"column":5}},"locations":[{"start":{"line":102,"column":20},"end":{"line":105,"column":5}}]},"36":{"type":"branch","line":103,"loc":{"start":{"line":103,"column":38},"end":{"line":104,"column":14}},"locations":[{"start":{"line":103,"column":38},"end":{"line":104,"column":14}}]},"37":{"type":"branch","line":108,"loc":{"start":{"line":108,"column":7},"end":{"line":114,"column":1}},"locations":[{"start":{"line":108,"column":7},"end":{"line":114,"column":1}}]},"38":{"type":"branch","line":109,"loc":{"start":{"line":109,"column":20},"end":{"line":113,"column":5}},"locations":[{"start":{"line":109,"column":20},"end":{"line":113,"column":5}}]},"39":{"type":"branch","line":111,"loc":{"start":{"line":111,"column":19},"end":{"line":111,"column":32}},"locations":[{"start":{"line":111,"column":19},"end":{"line":111,"column":32}}]},"40":{"type":"branch","line":110,"loc":{"start":{"line":110,"column":29},"end":{"line":110,"column":43}},"locations":[{"start":{"line":110,"column":29},"end":{"line":110,"column":43}}]},"41":{"type":"branch","line":116,"loc":{"start":{"line":116,"column":28},"end":{"line":146,"column":1}},"locations":[{"start":{"line":116,"column":28},"end":{"line":146,"column":1}}]},"42":{"type":"branch","line":129,"loc":{"start":{"line":129,"column":37},"end":{"line":135,"column":3}},"locations":[{"start":{"line":129,"column":37},"end":{"line":135,"column":3}}]},"43":{"type":"branch","line":131,"loc":{"start":{"line":131,"column":41},"end":{"line":133,"column":5}},"locations":[{"start":{"line":131,"column":41},"end":{"line":133,"column":5}}]},"44":{"type":"branch","line":138,"loc":{"start":{"line":138,"column":18},"end":{"line":145,"column":3}},"locations":[{"start":{"line":138,"column":18},"end":{"line":145,"column":3}}]},"45":{"type":"branch","line":148,"loc":{"start":{"line":148,"column":7},"end":{"line":159,"column":1}},"locations":[{"start":{"line":148,"column":7},"end":{"line":159,"column":1}}]},"46":{"type":"branch","line":149,"loc":{"start":{"line":149,"column":45},"end":{"line":156,"column":3}},"locations":[{"start":{"line":149,"column":45},"end":{"line":156,"column":3}}]},"47":{"type":"branch","line":153,"loc":{"start":{"line":153,"column":37},"end":{"line":155,"column":5}},"locations":[{"start":{"line":153,"column":37},"end":{"line":155,"column":5}}]},"48":{"type":"branch","line":156,"loc":{"start":{"line":156,"column":2},"end":{"line":159,"column":1}},"locations":[{"start":{"line":156,"column":2},"end":{"line":159,"column":1}}]},"49":{"type":"branch","line":161,"loc":{"start":{"line":161,"column":7},"end":{"line":164,"column":1}},"locations":[{"start":{"line":161,"column":7},"end":{"line":164,"column":1}}]},"50":{"type":"branch","line":162,"loc":{"start":{"line":162,"column":34},"end":{"line":162,"column":44}},"locations":[{"start":{"line":162,"column":34},"end":{"line":162,"column":44}}]},"51":{"type":"branch","line":162,"loc":{"start":{"line":162,"column":51},"end":{"line":162,"column":66}},"locations":[{"start":{"line":162,"column":51},"end":{"line":162,"column":66}}]},"52":{"type":"branch","line":163,"loc":{"start":{"line":163,"column":19},"end":{"line":163,"column":56}},"locations":[{"start":{"line":163,"column":19},"end":{"line":163,"column":56}}]},"53":{"type":"branch","line":163,"loc":{"start":{"line":163,"column":29},"end":{"line":163,"column":54}},"locations":[{"start":{"line":163,"column":29},"end":{"line":163,"column":54}}]},"54":{"type":"branch","line":163,"loc":{"start":{"line":163,"column":50},"end":{"line":163,"column":56}},"locations":[{"start":{"line":163,"column":50},"end":{"line":163,"column":56}}]},"55":{"type":"branch","line":166,"loc":{"start":{"line":166,"column":7},"end":{"line":178,"column":1}},"locations":[{"start":{"line":166,"column":7},"end":{"line":178,"column":1}}]},"56":{"type":"branch","line":167,"loc":{"start":{"line":167,"column":28},"end":{"line":171,"column":5}},"locations":[{"start":{"line":167,"column":28},"end":{"line":171,"column":5}}]},"57":{"type":"branch","line":168,"loc":{"start":{"line":168,"column":19},"end":{"line":168,"column":31}},"locations":[{"start":{"line":168,"column":19},"end":{"line":168,"column":31}}]},"58":{"type":"branch","line":173,"loc":{"start":{"line":173,"column":18},"end":{"line":173,"column":38}},"locations":[{"start":{"line":173,"column":18},"end":{"line":173,"column":38}}]},"59":{"type":"branch","line":180,"loc":{"start":{"line":180,"column":7},"end":{"line":190,"column":1}},"locations":[{"start":{"line":180,"column":7},"end":{"line":190,"column":1}}]},"60":{"type":"branch","line":183,"loc":{"start":{"line":183,"column":42},"end":{"line":187,"column":3}},"locations":[{"start":{"line":183,"column":42},"end":{"line":187,"column":3}}]},"61":{"type":"branch","line":185,"loc":{"start":{"line":185,"column":24},"end":{"line":185,"column":32}},"locations":[{"start":{"line":185,"column":24},"end":{"line":185,"column":32}}]},"62":{"type":"branch","line":192,"loc":{"start":{"line":192,"column":7},"end":{"line":210,"column":1}},"locations":[{"start":{"line":192,"column":7},"end":{"line":210,"column":1}}]},"63":{"type":"branch","line":195,"loc":{"start":{"line":195,"column":39},"end":{"line":200,"column":3}},"locations":[{"start":{"line":195,"column":39},"end":{"line":200,"column":3}}]},"64":{"type":"branch","line":199,"loc":{"start":{"line":199,"column":34},"end":{"line":199,"column":42}},"locations":[{"start":{"line":199,"column":34},"end":{"line":199,"column":42}}]},"65":{"type":"branch","line":200,"loc":{"start":{"line":200,"column":2},"end":{"line":210,"column":1}},"locations":[{"start":{"line":200,"column":2},"end":{"line":210,"column":1}}]},"66":{"type":"branch","line":193,"loc":{"start":{"line":193,"column":14},"end":{"line":193,"column":71}},"locations":[{"start":{"line":193,"column":14},"end":{"line":193,"column":71}}]},"67":{"type":"branch","line":193,"loc":{"start":{"line":193,"column":44},"end":{"line":193,"column":69}},"locations":[{"start":{"line":193,"column":44},"end":{"line":193,"column":69}}]},"68":{"type":"branch","line":212,"loc":{"start":{"line":212,"column":22},"end":{"line":215,"column":1}},"locations":[{"start":{"line":212,"column":22},"end":{"line":215,"column":1}}]},"69":{"type":"branch","line":214,"loc":{"start":{"line":214,"column":24},"end":{"line":214,"column":41}},"locations":[{"start":{"line":214,"column":24},"end":{"line":214,"column":41}}]},"70":{"type":"branch","line":214,"loc":{"start":{"line":214,"column":37},"end":{"line":214,"column":43}},"locations":[{"start":{"line":214,"column":37},"end":{"line":214,"column":43}}]},"71":{"type":"branch","line":213,"loc":{"start":{"line":213,"column":39},"end":{"line":213,"column":94}},"locations":[{"start":{"line":213,"column":39},"end":{"line":213,"column":94}}]},"72":{"type":"branch","line":217,"loc":{"start":{"line":217,"column":25},"end":{"line":225,"column":1}},"locations":[{"start":{"line":217,"column":25},"end":{"line":225,"column":1}}]},"73":{"type":"branch","line":218,"loc":{"start":{"line":218,"column":42},"end":{"line":218,"column":49}},"locations":[{"start":{"line":218,"column":42},"end":{"line":218,"column":49}}]},"74":{"type":"branch","line":219,"loc":{"start":{"line":219,"column":29},"end":{"line":219,"column":55}},"locations":[{"start":{"line":219,"column":29},"end":{"line":219,"column":55}}]},"75":{"type":"branch","line":227,"loc":{"start":{"line":227,"column":7},"end":{"line":237,"column":1}},"locations":[{"start":{"line":227,"column":7},"end":{"line":237,"column":1}}]},"76":{"type":"branch","line":228,"loc":{"start":{"line":228,"column":30},"end":{"line":233,"column":5}},"locations":[{"start":{"line":228,"column":30},"end":{"line":233,"column":5}}]},"77":{"type":"branch","line":229,"loc":{"start":{"line":229,"column":34},"end":{"line":231,"column":5}},"locations":[{"start":{"line":229,"column":34},"end":{"line":231,"column":5}}]},"78":{"type":"branch","line":239,"loc":{"start":{"line":239,"column":7},"end":{"line":255,"column":1}},"locations":[{"start":{"line":239,"column":7},"end":{"line":255,"column":1}}]},"79":{"type":"branch","line":240,"loc":{"start":{"line":240,"column":13},"end":{"line":240,"column":35}},"locations":[{"start":{"line":240,"column":13},"end":{"line":240,"column":35}}]},"80":{"type":"branch","line":240,"loc":{"start":{"line":240,"column":34},"end":{"line":242,"column":25}},"locations":[{"start":{"line":240,"column":34},"end":{"line":242,"column":25}}]},"81":{"type":"branch","line":242,"loc":{"start":{"line":242,"column":25},"end":{"line":245,"column":3}},"locations":[{"start":{"line":242,"column":25},"end":{"line":245,"column":3}}]},"82":{"type":"branch","line":245,"loc":{"start":{"line":245,"column":2},"end":{"line":255,"column":1}},"locations":[{"start":{"line":245,"column":2},"end":{"line":255,"column":1}}]},"83":{"type":"branch","line":257,"loc":{"start":{"line":257,"column":7},"end":{"line":266,"column":1}},"locations":[{"start":{"line":257,"column":7},"end":{"line":266,"column":1}}]},"84":{"type":"branch","line":260,"loc":{"start":{"line":260,"column":10},"end":{"line":264,"column":5}},"locations":[{"start":{"line":260,"column":10},"end":{"line":264,"column":5}}]},"85":{"type":"branch","line":261,"loc":{"start":{"line":261,"column":31},"end":{"line":261,"column":38}},"locations":[{"start":{"line":261,"column":31},"end":{"line":261,"column":38}}]},"86":{"type":"branch","line":262,"loc":{"start":{"line":262,"column":31},"end":{"line":262,"column":38}},"locations":[{"start":{"line":262,"column":31},"end":{"line":262,"column":38}}]},"87":{"type":"branch","line":268,"loc":{"start":{"line":268,"column":7},"end":{"line":273,"column":1}},"locations":[{"start":{"line":268,"column":7},"end":{"line":273,"column":1}}]},"88":{"type":"branch","line":269,"loc":{"start":{"line":269,"column":43},"end":{"line":271,"column":5}},"locations":[{"start":{"line":269,"column":43},"end":{"line":271,"column":5}}]},"89":{"type":"branch","line":275,"loc":{"start":{"line":275,"column":7},"end":{"line":277,"column":1}},"locations":[{"start":{"line":275,"column":7},"end":{"line":277,"column":1}}]},"90":{"type":"branch","line":276,"loc":{"start":{"line":276,"column":38},"end":{"line":276,"column":64}},"locations":[{"start":{"line":276,"column":38},"end":{"line":276,"column":64}}]},"91":{"type":"branch","line":279,"loc":{"start":{"line":279,"column":7},"end":{"line":302,"column":1}},"locations":[{"start":{"line":279,"column":7},"end":{"line":302,"column":1}}]},"92":{"type":"branch","line":282,"loc":{"start":{"line":282,"column":19},"end":{"line":291,"column":3}},"locations":[{"start":{"line":282,"column":19},"end":{"line":291,"column":3}}]},"93":{"type":"branch","line":285,"loc":{"start":{"line":285,"column":22},"end":{"line":288,"column":11}},"locations":[{"start":{"line":285,"column":22},"end":{"line":288,"column":11}}]},"94":{"type":"branch","line":288,"loc":{"start":{"line":288,"column":4},"end":{"line":290,"column":5}},"locations":[{"start":{"line":288,"column":4},"end":{"line":290,"column":5}}]},"95":{"type":"branch","line":283,"loc":{"start":{"line":283,"column":41},"end":{"line":283,"column":82}},"locations":[{"start":{"line":283,"column":41},"end":{"line":283,"column":82}}]},"96":{"type":"branch","line":304,"loc":{"start":{"line":304,"column":7},"end":{"line":307,"column":1}},"locations":[{"start":{"line":304,"column":7},"end":{"line":307,"column":1}}]},"97":{"type":"branch","line":305,"loc":{"start":{"line":305,"column":44},"end":{"line":305,"column":51}},"locations":[{"start":{"line":305,"column":44},"end":{"line":305,"column":51}}]},"98":{"type":"branch","line":306,"loc":{"start":{"line":306,"column":23},"end":{"line":306,"column":68}},"locations":[{"start":{"line":306,"column":23},"end":{"line":306,"column":68}}]},"99":{"type":"branch","line":309,"loc":{"start":{"line":309,"column":7},"end":{"line":316,"column":1}},"locations":[{"start":{"line":309,"column":7},"end":{"line":316,"column":1}}]},"100":{"type":"branch","line":313,"loc":{"start":{"line":313,"column":25},"end":{"line":313,"column":66}},"locations":[{"start":{"line":313,"column":25},"end":{"line":313,"column":66}}]},"101":{"type":"branch","line":313,"loc":{"start":{"line":313,"column":61},"end":{"line":313,"column":97}},"locations":[{"start":{"line":313,"column":61},"end":{"line":313,"column":97}}]},"102":{"type":"branch","line":311,"loc":{"start":{"line":311,"column":15},"end":{"line":311,"column":34}},"locations":[{"start":{"line":311,"column":15},"end":{"line":311,"column":34}}]},"103":{"type":"branch","line":318,"loc":{"start":{"line":318,"column":7},"end":{"line":322,"column":1}},"locations":[{"start":{"line":318,"column":7},"end":{"line":322,"column":1}}]},"104":{"type":"branch","line":321,"loc":{"start":{"line":321,"column":31},"end":{"line":321,"column":51}},"locations":[{"start":{"line":321,"column":31},"end":{"line":321,"column":51}}]},"105":{"type":"branch","line":321,"loc":{"start":{"line":321,"column":47},"end":{"line":321,"column":65}},"locations":[{"start":{"line":321,"column":47},"end":{"line":321,"column":65}}]},"106":{"type":"branch","line":319,"loc":{"start":{"line":319,"column":36},"end":{"line":319,"column":52}},"locations":[{"start":{"line":319,"column":36},"end":{"line":319,"column":52}}]},"107":{"type":"branch","line":320,"loc":{"start":{"line":320,"column":37},"end":{"line":320,"column":53}},"locations":[{"start":{"line":320,"column":37},"end":{"line":320,"column":53}}]},"108":{"type":"branch","line":324,"loc":{"start":{"line":324,"column":7},"end":{"line":326,"column":1}},"locations":[{"start":{"line":324,"column":7},"end":{"line":326,"column":1}}]},"109":{"type":"branch","line":325,"loc":{"start":{"line":325,"column":18},"end":{"line":325,"column":37}},"locations":[{"start":{"line":325,"column":18},"end":{"line":325,"column":37}}]},"110":{"type":"branch","line":328,"loc":{"start":{"line":328,"column":7},"end":{"line":338,"column":1}},"locations":[{"start":{"line":328,"column":7},"end":{"line":338,"column":1}}]},"111":{"type":"branch","line":334,"loc":{"start":{"line":334,"column":16},"end":{"line":336,"column":3}},"locations":[{"start":{"line":334,"column":16},"end":{"line":336,"column":3}}]},"112":{"type":"branch","line":329,"loc":{"start":{"line":329,"column":2},"end":{"line":332,"column":3}},"locations":[{"start":{"line":329,"column":2},"end":{"line":332,"column":3}}]},"113":{"type":"branch","line":330,"loc":{"start":{"line":330,"column":36},"end":{"line":330,"column":50}},"locations":[{"start":{"line":330,"column":36},"end":{"line":330,"column":50}}]},"114":{"type":"branch","line":331,"loc":{"start":{"line":331,"column":26},"end":{"line":331,"column":53}},"locations":[{"start":{"line":331,"column":26},"end":{"line":331,"column":53}}]},"115":{"type":"branch","line":340,"loc":{"start":{"line":340,"column":7},"end":{"line":352,"column":1}},"locations":[{"start":{"line":340,"column":7},"end":{"line":352,"column":1}}]},"116":{"type":"branch","line":343,"loc":{"start":{"line":343,"column":27},"end":{"line":348,"column":3}},"locations":[{"start":{"line":343,"column":27},"end":{"line":348,"column":3}}]},"117":{"type":"branch","line":344,"loc":{"start":{"line":344,"column":25},"end":{"line":346,"column":5}},"locations":[{"start":{"line":344,"column":25},"end":{"line":346,"column":5}}]},"118":{"type":"branch","line":350,"loc":{"start":{"line":350,"column":44},"end":{"line":350,"column":73}},"locations":[{"start":{"line":350,"column":44},"end":{"line":350,"column":73}}]},"119":{"type":"branch","line":354,"loc":{"start":{"line":354,"column":7},"end":{"line":369,"column":1}},"locations":[{"start":{"line":354,"column":7},"end":{"line":369,"column":1}}]},"120":{"type":"branch","line":358,"loc":{"start":{"line":358,"column":4},"end":{"line":359,"column":32}},"locations":[{"start":{"line":358,"column":4},"end":{"line":359,"column":32}}]},"121":{"type":"branch","line":360,"loc":{"start":{"line":360,"column":4},"end":{"line":361,"column":34}},"locations":[{"start":{"line":360,"column":4},"end":{"line":361,"column":34}}]},"122":{"type":"branch","line":362,"loc":{"start":{"line":362,"column":4},"end":{"line":363,"column":46}},"locations":[{"start":{"line":362,"column":4},"end":{"line":363,"column":46}}]},"123":{"type":"branch","line":364,"loc":{"start":{"line":364,"column":4},"end":{"line":365,"column":60}},"locations":[{"start":{"line":364,"column":4},"end":{"line":365,"column":60}}]},"124":{"type":"branch","line":366,"loc":{"start":{"line":366,"column":4},"end":{"line":367,"column":71}},"locations":[{"start":{"line":366,"column":4},"end":{"line":367,"column":71}}]},"125":{"type":"branch","line":371,"loc":{"start":{"line":371,"column":7},"end":{"line":376,"column":1}},"locations":[{"start":{"line":371,"column":7},"end":{"line":376,"column":1}}]},"126":{"type":"branch","line":372,"loc":{"start":{"line":372,"column":2},"end":{"line":374,"column":3}},"locations":[{"start":{"line":372,"column":2},"end":{"line":374,"column":3}}]},"127":{"type":"branch","line":375,"loc":{"start":{"line":375,"column":32},"end":{"line":375,"column":57}},"locations":[{"start":{"line":375,"column":32},"end":{"line":375,"column":57}}]},"128":{"type":"branch","line":378,"loc":{"start":{"line":378,"column":7},"end":{"line":386,"column":1}},"locations":[{"start":{"line":378,"column":7},"end":{"line":386,"column":1}}]},"129":{"type":"branch","line":380,"loc":{"start":{"line":380,"column":32},"end":{"line":384,"column":3}},"locations":[{"start":{"line":380,"column":32},"end":{"line":384,"column":3}}]},"130":{"type":"branch","line":381,"loc":{"start":{"line":381,"column":18},"end":{"line":381,"column":36}},"locations":[{"start":{"line":381,"column":18},"end":{"line":381,"column":36}}]},"131":{"type":"branch","line":381,"loc":{"start":{"line":381,"column":36},"end":{"line":383,"column":5}},"locations":[{"start":{"line":381,"column":36},"end":{"line":383,"column":5}}]},"132":{"type":"branch","line":385,"loc":{"start":{"line":385,"column":26},"end":{"line":385,"column":55}},"locations":[{"start":{"line":385,"column":26},"end":{"line":385,"column":55}}]},"133":{"type":"branch","line":388,"loc":{"start":{"line":388,"column":7},"end":{"line":406,"column":1}},"locations":[{"start":{"line":388,"column":7},"end":{"line":406,"column":1}}]},"134":{"type":"branch","line":389,"loc":{"start":{"line":389,"column":2},"end":{"line":401,"column":3}},"locations":[{"start":{"line":389,"column":2},"end":{"line":401,"column":3}}]},"135":{"type":"branch","line":392,"loc":{"start":{"line":392,"column":25},"end":{"line":398,"column":5}},"locations":[{"start":{"line":392,"column":25},"end":{"line":398,"column":5}}]},"136":{"type":"branch","line":393,"loc":{"start":{"line":393,"column":25},"end":{"line":396,"column":7}},"locations":[{"start":{"line":393,"column":25},"end":{"line":396,"column":7}}]},"137":{"type":"branch","line":396,"loc":{"start":{"line":396,"column":6},"end":{"line":398,"column":5}},"locations":[{"start":{"line":396,"column":6},"end":{"line":398,"column":5}}]},"138":{"type":"branch","line":400,"loc":{"start":{"line":400,"column":41},"end":{"line":400,"column":66}},"locations":[{"start":{"line":400,"column":41},"end":{"line":400,"column":66}}]},"139":{"type":"branch","line":408,"loc":{"start":{"line":408,"column":7},"end":{"line":419,"column":1}},"locations":[{"start":{"line":408,"column":7},"end":{"line":419,"column":1}}]},"140":{"type":"branch","line":412,"loc":{"start":{"line":412,"column":23},"end":{"line":416,"column":3}},"locations":[{"start":{"line":412,"column":23},"end":{"line":416,"column":3}}]},"141":{"type":"branch","line":413,"loc":{"start":{"line":413,"column":28},"end":{"line":415,"column":5}},"locations":[{"start":{"line":413,"column":28},"end":{"line":415,"column":5}}]},"142":{"type":"branch","line":421,"loc":{"start":{"line":421,"column":7},"end":{"line":424,"column":1}},"locations":[{"start":{"line":421,"column":7},"end":{"line":424,"column":1}}]},"143":{"type":"branch","line":426,"loc":{"start":{"line":426,"column":7},"end":{"line":442,"column":1}},"locations":[{"start":{"line":426,"column":7},"end":{"line":442,"column":1}}]},"144":{"type":"branch","line":430,"loc":{"start":{"line":430,"column":23},"end":{"line":439,"column":3}},"locations":[{"start":{"line":430,"column":23},"end":{"line":439,"column":3}}]},"145":{"type":"branch","line":431,"loc":{"start":{"line":431,"column":39},"end":{"line":433,"column":5}},"locations":[{"start":{"line":431,"column":39},"end":{"line":433,"column":5}}]},"146":{"type":"branch","line":444,"loc":{"start":{"line":444,"column":7},"end":{"line":448,"column":1}},"locations":[{"start":{"line":444,"column":7},"end":{"line":448,"column":1}}]},"147":{"type":"branch","line":445,"loc":{"start":{"line":445,"column":13},"end":{"line":445,"column":21}},"locations":[{"start":{"line":445,"column":13},"end":{"line":445,"column":21}}]},"148":{"type":"branch","line":445,"loc":{"start":{"line":445,"column":20},"end":{"line":446,"column":21}},"locations":[{"start":{"line":445,"column":20},"end":{"line":446,"column":21}}]},"149":{"type":"branch","line":446,"loc":{"start":{"line":446,"column":14},"end":{"line":446,"column":26}},"locations":[{"start":{"line":446,"column":14},"end":{"line":446,"column":26}}]},"150":{"type":"branch","line":446,"loc":{"start":{"line":446,"column":25},"end":{"line":448,"column":1}},"locations":[{"start":{"line":446,"column":25},"end":{"line":448,"column":1}}]},"151":{"type":"branch","line":450,"loc":{"start":{"line":450,"column":7},"end":{"line":452,"column":1}},"locations":[{"start":{"line":450,"column":7},"end":{"line":452,"column":1}}]},"152":{"type":"branch","line":454,"loc":{"start":{"line":454,"column":7},"end":{"line":459,"column":1}},"locations":[{"start":{"line":454,"column":7},"end":{"line":459,"column":1}}]},"153":{"type":"branch","line":457,"loc":{"start":{"line":457,"column":9},"end":{"line":457,"column":33}},"locations":[{"start":{"line":457,"column":9},"end":{"line":457,"column":33}}]},"154":{"type":"branch","line":461,"loc":{"start":{"line":461,"column":7},"end":{"line":463,"column":1}},"locations":[{"start":{"line":461,"column":7},"end":{"line":463,"column":1}}]},"155":{"type":"branch","line":462,"loc":{"start":{"line":462,"column":17},"end":{"line":462,"column":38}},"locations":[{"start":{"line":462,"column":17},"end":{"line":462,"column":38}}]},"156":{"type":"branch","line":465,"loc":{"start":{"line":465,"column":7},"end":{"line":468,"column":1}},"locations":[{"start":{"line":465,"column":7},"end":{"line":468,"column":1}}]},"157":{"type":"branch","line":470,"loc":{"start":{"line":470,"column":7},"end":{"line":474,"column":1}},"locations":[{"start":{"line":470,"column":7},"end":{"line":474,"column":1}}]},"158":{"type":"branch","line":472,"loc":{"start":{"line":472,"column":40},"end":{"line":472,"column":64}},"locations":[{"start":{"line":472,"column":40},"end":{"line":472,"column":64}}]},"159":{"type":"branch","line":476,"loc":{"start":{"line":476,"column":7},"end":{"line":484,"column":1}},"locations":[{"start":{"line":476,"column":7},"end":{"line":484,"column":1}}]},"160":{"type":"branch","line":477,"loc":{"start":{"line":477,"column":26},"end":{"line":483,"column":3}},"locations":[{"start":{"line":477,"column":26},"end":{"line":483,"column":3}}]},"161":{"type":"branch","line":486,"loc":{"start":{"line":486,"column":7},"end":{"line":491,"column":1}},"locations":[{"start":{"line":486,"column":7},"end":{"line":491,"column":1}}]},"162":{"type":"branch","line":489,"loc":{"start":{"line":489,"column":12},"end":{"line":489,"column":25}},"locations":[{"start":{"line":489,"column":12},"end":{"line":489,"column":25}}]},"163":{"type":"branch","line":493,"loc":{"start":{"line":493,"column":7},"end":{"line":499,"column":1}},"locations":[{"start":{"line":493,"column":7},"end":{"line":499,"column":1}}]},"164":{"type":"branch","line":494,"loc":{"start":{"line":494,"column":37},"end":{"line":497,"column":5}},"locations":[{"start":{"line":494,"column":37},"end":{"line":497,"column":5}}]},"165":{"type":"branch","line":501,"loc":{"start":{"line":501,"column":7},"end":{"line":503,"column":1}},"locations":[{"start":{"line":501,"column":7},"end":{"line":503,"column":1}}]},"166":{"type":"branch","line":505,"loc":{"start":{"line":505,"column":7},"end":{"line":507,"column":1}},"locations":[{"start":{"line":505,"column":7},"end":{"line":507,"column":1}}]},"167":{"type":"branch","line":506,"loc":{"start":{"line":506,"column":31},"end":{"line":506,"column":55}},"locations":[{"start":{"line":506,"column":31},"end":{"line":506,"column":55}}]},"168":{"type":"branch","line":509,"loc":{"start":{"line":509,"column":7},"end":{"line":514,"column":1}},"locations":[{"start":{"line":509,"column":7},"end":{"line":514,"column":1}}]},"169":{"type":"branch","line":512,"loc":{"start":{"line":512,"column":9},"end":{"line":512,"column":19}},"locations":[{"start":{"line":512,"column":9},"end":{"line":512,"column":19}}]},"170":{"type":"branch","line":516,"loc":{"start":{"line":516,"column":7},"end":{"line":518,"column":1}},"locations":[{"start":{"line":516,"column":7},"end":{"line":518,"column":1}}]},"171":{"type":"branch","line":520,"loc":{"start":{"line":520,"column":7},"end":{"line":526,"column":1}},"locations":[{"start":{"line":520,"column":7},"end":{"line":526,"column":1}}]},"172":{"type":"branch","line":522,"loc":{"start":{"line":522,"column":31},"end":{"line":524,"column":3}},"locations":[{"start":{"line":522,"column":31},"end":{"line":524,"column":3}}]},"173":{"type":"branch","line":528,"loc":{"start":{"line":528,"column":7},"end":{"line":531,"column":1}},"locations":[{"start":{"line":528,"column":7},"end":{"line":531,"column":1}}]},"174":{"type":"branch","line":530,"loc":{"start":{"line":530,"column":24},"end":{"line":530,"column":51}},"locations":[{"start":{"line":530,"column":24},"end":{"line":530,"column":51}}]},"175":{"type":"branch","line":533,"loc":{"start":{"line":533,"column":7},"end":{"line":539,"column":1}},"locations":[{"start":{"line":533,"column":7},"end":{"line":539,"column":1}}]},"176":{"type":"branch","line":535,"loc":{"start":{"line":535,"column":30},"end":{"line":537,"column":3}},"locations":[{"start":{"line":535,"column":30},"end":{"line":537,"column":3}}]},"177":{"type":"branch","line":541,"loc":{"start":{"line":541,"column":7},"end":{"line":543,"column":1}},"locations":[{"start":{"line":541,"column":7},"end":{"line":543,"column":1}}]},"178":{"type":"branch","line":542,"loc":{"start":{"line":542,"column":13},"end":{"line":542,"column":27}},"locations":[{"start":{"line":542,"column":13},"end":{"line":542,"column":27}}]},"179":{"type":"branch","line":542,"loc":{"start":{"line":542,"column":23},"end":{"line":542,"column":28}},"locations":[{"start":{"line":542,"column":23},"end":{"line":542,"column":28}}]}},"b":{"0":[4],"1":[0],"2":[23],"3":[2],"4":[0],"5":[36],"6":[30],"7":[9],"8":[3],"9":[9],"10":[7],"11":[3],"12":[0],"13":[3],"14":[16],"15":[32],"16":[3],"17":[25],"18":[6],"19":[3],"20":[1],"21":[2],"22":[0],"23":[2],"24":[4],"25":[1],"26":[1],"27":[3],"28":[12],"29":[6],"30":[4],"31":[8],"32":[3],"33":[3],"34":[4],"35":[14],"36":[7],"37":[3],"38":[20],"39":[14],"40":[56],"41":[3],"42":[6],"43":[14],"44":[6],"45":[3],"46":[5],"47":[2],"48":[1],"49":[3],"50":[11],"51":[4],"52":[11],"53":[6],"54":[5],"55":[2],"56":[11],"57":[4],"58":[7],"59":[3],"60":[7],"61":[1],"62":[4],"63":[16],"64":[3],"65":[1],"66":[32],"67":[88],"68":[3],"69":[2],"70":[1],"71":[9],"72":[3],"73":[1],"74":[52],"75":[1],"76":[15],"77":[6],"78":[11],"79":[3],"80":[8],"81":[76],"82":[8],"83":[4],"84":[20],"85":[1],"86":[2],"87":[3],"88":[8],"89":[4],"90":[6],"91":[4],"92":[13],"93":[9],"94":[4],"95":[25],"96":[3],"97":[1],"98":[53],"99":[4],"100":[2],"101":[1],"102":[33],"103":[5],"104":[3],"105":[2],"106":[21],"107":[21],"108":[4],"109":[8],"110":[2],"111":[3],"112":[3],"113":[7],"114":[4],"115":[4],"116":[30],"117":[14],"118":[11],"119":[5],"120":[1],"121":[1],"122":[1],"123":[1],"124":[1],"125":[7],"126":[9],"127":[9],"128":[3],"129":[30],"130":[19],"131":[14],"132":[14],"133":[4],"134":[4],"135":[41],"136":[27],"137":[14],"138":[27],"139":[1],"140":[11],"141":[5],"142":[2],"143":[2],"144":[36],"145":[8],"146":[4],"147":[1],"148":[3],"149":[1],"150":[2],"151":[4],"152":[3],"153":[6],"154":[8],"155":[50],"156":[8],"157":[3],"158":[6],"159":[2],"160":[1],"161":[4],"162":[92],"163":[4],"164":[10],"165":[5],"166":[3],"167":[8],"168":[6],"169":[35],"170":[1],"171":[2],"172":[9],"173":[4],"174":[701310],"175":[1],"176":[5],"177":[3],"178":[2],"179":[1]},"fnMap":{"0":{"name":"bouncingBall","decl":{"start":{"line":1,"column":7},"end":{"line":10,"column":1}},"loc":{"start":{"line":1,"column":7},"end":{"line":10,"column":1}},"line":1},"1":{"name":"comp","decl":{"start":{"line":12,"column":7},"end":{"line":19,"column":1}},"loc":{"start":{"line":12,"column":7},"end":{"line":19,"column":1}},"line":12},"2":{"name":"expandedForm","decl":{"start":{"line":21,"column":7},"end":{"line":39,"column":1}},"loc":{"start":{"line":21,"column":7},"end":{"line":39,"column":1}},"line":21},"3":{"name":"longestConsec","decl":{"start":{"line":41,"column":7},"end":{"line":63,"column":1}},"loc":{"start":{"line":41,"column":7},"end":{"line":63,"column":1}},"line":41},"4":{"name":"generateStringList","decl":{"start":{"line":42,"column":29},"end":{"line":52,"column":3}},"loc":{"start":{"line":42,"column":29},"end":{"line":52,"column":3}},"line":42},"5":{"name":"findLongestString","decl":{"start":{"line":54,"column":28},"end":{"line":57,"column":3}},"loc":{"start":{"line":54,"column":28},"end":{"line":57,"column":3}},"line":54},"6":{"name":"isPrime","decl":{"start":{"line":65,"column":7},"end":{"line":77,"column":1}},"loc":{"start":{"line":65,"column":7},"end":{"line":77,"column":1}},"line":65},"7":{"name":"validBraces","decl":{"start":{"line":79,"column":7},"end":{"line":92,"column":1}},"loc":{"start":{"line":79,"column":7},"end":{"line":92,"column":1}},"line":79},"8":{"name":"breakCamelCase","decl":{"start":{"line":94,"column":7},"end":{"line":99,"column":1}},"loc":{"start":{"line":94,"column":7},"end":{"line":99,"column":1}},"line":94},"9":{"name":"countSmileys","decl":{"start":{"line":101,"column":7},"end":{"line":106,"column":1}},"loc":{"start":{"line":101,"column":7},"end":{"line":106,"column":1}},"line":101},"10":{"name":"deleteNth","decl":{"start":{"line":108,"column":7},"end":{"line":114,"column":1}},"loc":{"start":{"line":108,"column":7},"end":{"line":114,"column":1}},"line":108},"11":{"name":"towerBuilder","decl":{"start":{"line":116,"column":28},"end":{"line":146,"column":1}},"loc":{"start":{"line":116,"column":28},"end":{"line":146,"column":1}},"line":116},"12":{"name":"findMissingLetter","decl":{"start":{"line":148,"column":7},"end":{"line":159,"column":1}},"loc":{"start":{"line":148,"column":7},"end":{"line":159,"column":1}},"line":148},"13":{"name":"sortArray","decl":{"start":{"line":161,"column":7},"end":{"line":164,"column":1}},"loc":{"start":{"line":161,"column":7},"end":{"line":164,"column":1}},"line":161},"14":{"name":"findUniq","decl":{"start":{"line":166,"column":7},"end":{"line":178,"column":1}},"loc":{"start":{"line":166,"column":7},"end":{"line":178,"column":1}},"line":166},"15":{"name":"splitStrings","decl":{"start":{"line":180,"column":7},"end":{"line":190,"column":1}},"loc":{"start":{"line":180,"column":7},"end":{"line":190,"column":1}},"line":180},"16":{"name":"findEvenIndex","decl":{"start":{"line":192,"column":7},"end":{"line":210,"column":1}},"loc":{"start":{"line":192,"column":7},"end":{"line":210,"column":1}},"line":192},"17":{"name":"sum","decl":{"start":{"line":193,"column":14},"end":{"line":193,"column":71}},"loc":{"start":{"line":193,"column":14},"end":{"line":193,"column":71}},"line":193},"18":{"name":"digPow","decl":{"start":{"line":212,"column":22},"end":{"line":215,"column":1}},"loc":{"start":{"line":212,"column":22},"end":{"line":215,"column":1}},"line":212},"19":{"name":"isPangram","decl":{"start":{"line":217,"column":25},"end":{"line":225,"column":1}},"loc":{"start":{"line":217,"column":25},"end":{"line":225,"column":1}},"line":217},"20":{"name":"uniqueInOrder","decl":{"start":{"line":227,"column":7},"end":{"line":237,"column":1}},"loc":{"start":{"line":227,"column":7},"end":{"line":237,"column":1}},"line":227},"21":{"name":"tribonacci","decl":{"start":{"line":239,"column":7},"end":{"line":255,"column":1}},"loc":{"start":{"line":239,"column":7},"end":{"line":255,"column":1}},"line":239},"22":{"name":"order","decl":{"start":{"line":257,"column":7},"end":{"line":266,"column":1}},"loc":{"start":{"line":257,"column":7},"end":{"line":266,"column":1}},"line":257},"23":{"name":"narcissistic","decl":{"start":{"line":268,"column":7},"end":{"line":273,"column":1}},"loc":{"start":{"line":268,"column":7},"end":{"line":273,"column":1}},"line":268},"24":{"name":"toCamelCase","decl":{"start":{"line":275,"column":7},"end":{"line":277,"column":1}},"loc":{"start":{"line":275,"column":7},"end":{"line":277,"column":1}},"line":275},"25":{"name":"persistence","decl":{"start":{"line":279,"column":7},"end":{"line":302,"column":1}},"loc":{"start":{"line":279,"column":7},"end":{"line":302,"column":1}},"line":279},"26":{"name":"multiply","decl":{"start":{"line":282,"column":19},"end":{"line":291,"column":3}},"loc":{"start":{"line":282,"column":19},"end":{"line":291,"column":3}},"line":282},"27":{"name":"alphabetPosition","decl":{"start":{"line":304,"column":7},"end":{"line":307,"column":1}},"loc":{"start":{"line":304,"column":7},"end":{"line":307,"column":1}},"line":304},"28":{"name":"isValidWalk","decl":{"start":{"line":309,"column":7},"end":{"line":316,"column":1}},"loc":{"start":{"line":309,"column":7},"end":{"line":316,"column":1}},"line":309},"29":{"name":"findOutlier","decl":{"start":{"line":318,"column":7},"end":{"line":322,"column":1}},"loc":{"start":{"line":318,"column":7},"end":{"line":322,"column":1}},"line":318},"30":{"name":"arrayDiff","decl":{"start":{"line":324,"column":7},"end":{"line":326,"column":1}},"loc":{"start":{"line":324,"column":7},"end":{"line":326,"column":1}},"line":324},"31":{"name":"digitalRoot","decl":{"start":{"line":328,"column":7},"end":{"line":338,"column":1}},"loc":{"start":{"line":328,"column":7},"end":{"line":338,"column":1}},"line":328},"32":{"name":"sum","decl":{"start":{"line":329,"column":2},"end":{"line":332,"column":3}},"loc":{"start":{"line":329,"column":2},"end":{"line":332,"column":3}},"line":329},"33":{"name":"findOdd","decl":{"start":{"line":340,"column":7},"end":{"line":352,"column":1}},"loc":{"start":{"line":340,"column":7},"end":{"line":352,"column":1}},"line":340},"34":{"name":"likes","decl":{"start":{"line":354,"column":7},"end":{"line":369,"column":1}},"loc":{"start":{"line":354,"column":7},"end":{"line":369,"column":1}},"line":354},"35":{"name":"spinWords","decl":{"start":{"line":371,"column":7},"end":{"line":376,"column":1}},"loc":{"start":{"line":371,"column":7},"end":{"line":376,"column":1}},"line":371},"36":{"name":"reverseWord","decl":{"start":{"line":372,"column":2},"end":{"line":374,"column":3}},"loc":{"start":{"line":372,"column":2},"end":{"line":374,"column":3}},"line":372},"37":{"name":"solution","decl":{"start":{"line":378,"column":7},"end":{"line":386,"column":1}},"loc":{"start":{"line":378,"column":7},"end":{"line":386,"column":1}},"line":378},"38":{"name":"onlyDuplicates","decl":{"start":{"line":388,"column":7},"end":{"line":406,"column":1}},"loc":{"start":{"line":388,"column":7},"end":{"line":406,"column":1}},"line":388},"39":{"name":"getDuplicates","decl":{"start":{"line":389,"column":2},"end":{"line":401,"column":3}},"loc":{"start":{"line":389,"column":2},"end":{"line":401,"column":3}},"line":389},"40":{"name":"getCount","decl":{"start":{"line":408,"column":7},"end":{"line":419,"column":1}},"loc":{"start":{"line":408,"column":7},"end":{"line":419,"column":1}},"line":408},"41":{"name":"minValue","decl":{"start":{"line":421,"column":7},"end":{"line":424,"column":1}},"loc":{"start":{"line":421,"column":7},"end":{"line":424,"column":1}},"line":421},"42":{"name":"printerError","decl":{"start":{"line":426,"column":7},"end":{"line":442,"column":1}},"loc":{"start":{"line":426,"column":7},"end":{"line":442,"column":1}},"line":426},"43":{"name":"getRealFloor","decl":{"start":{"line":444,"column":7},"end":{"line":448,"column":1}},"loc":{"start":{"line":444,"column":7},"end":{"line":448,"column":1}},"line":444},"44":{"name":"removeChar","decl":{"start":{"line":450,"column":7},"end":{"line":452,"column":1}},"loc":{"start":{"line":450,"column":7},"end":{"line":452,"column":1}},"line":450},"45":{"name":"abbrevName","decl":{"start":{"line":454,"column":7},"end":{"line":459,"column":1}},"loc":{"start":{"line":454,"column":7},"end":{"line":459,"column":1}},"line":454},"46":{"name":"smallEnough","decl":{"start":{"line":461,"column":7},"end":{"line":463,"column":1}},"loc":{"start":{"line":461,"column":7},"end":{"line":463,"column":1}},"line":461},"47":{"name":"isPalindrome","decl":{"start":{"line":465,"column":7},"end":{"line":468,"column":1}},"loc":{"start":{"line":465,"column":7},"end":{"line":468,"column":1}},"line":465},"48":{"name":"updateLight","decl":{"start":{"line":470,"column":7},"end":{"line":474,"column":1}},"loc":{"start":{"line":470,"column":7},"end":{"line":474,"column":1}},"line":470},"49":{"name":"getMiddle","decl":{"start":{"line":476,"column":7},"end":{"line":484,"column":1}},"loc":{"start":{"line":476,"column":7},"end":{"line":484,"column":1}},"line":476},"50":{"name":"noSpace","decl":{"start":{"line":486,"column":7},"end":{"line":491,"column":1}},"loc":{"start":{"line":486,"column":7},"end":{"line":491,"column":1}},"line":486},"51":{"name":"SeriesSum","decl":{"start":{"line":493,"column":7},"end":{"line":499,"column":1}},"loc":{"start":{"line":493,"column":7},"end":{"line":499,"column":1}},"line":493},"52":{"name":"correct","decl":{"start":{"line":501,"column":7},"end":{"line":503,"column":1}},"loc":{"start":{"line":501,"column":7},"end":{"line":503,"column":1}},"line":501},"53":{"name":"powersOfTwo","decl":{"start":{"line":505,"column":7},"end":{"line":507,"column":1}},"loc":{"start":{"line":505,"column":7},"end":{"line":507,"column":1}},"line":505},"54":{"name":"doubleChar","decl":{"start":{"line":509,"column":7},"end":{"line":514,"column":1}},"loc":{"start":{"line":509,"column":7},"end":{"line":514,"column":1}},"line":509},"55":{"name":"repeatStr","decl":{"start":{"line":516,"column":7},"end":{"line":518,"column":1}},"loc":{"start":{"line":516,"column":7},"end":{"line":518,"column":1}},"line":516},"56":{"name":"between","decl":{"start":{"line":520,"column":7},"end":{"line":526,"column":1}},"loc":{"start":{"line":520,"column":7},"end":{"line":526,"column":1}},"line":520},"57":{"name":"power","decl":{"start":{"line":528,"column":7},"end":{"line":531,"column":1}},"loc":{"start":{"line":528,"column":7},"end":{"line":531,"column":1}},"line":528},"58":{"name":"reverseSeq","decl":{"start":{"line":533,"column":7},"end":{"line":539,"column":1}},"loc":{"start":{"line":533,"column":7},"end":{"line":539,"column":1}},"line":533},"59":{"name":"sakuraFall","decl":{"start":{"line":541,"column":7},"end":{"line":543,"column":1}},"loc":{"start":{"line":541,"column":7},"end":{"line":543,"column":1}},"line":541}},"f":{"0":4,"1":2,"2":3,"3":3,"4":3,"5":3,"6":6,"7":3,"8":3,"9":4,"10":3,"11":3,"12":3,"13":3,"14":2,"15":3,"16":4,"17":32,"18":3,"19":3,"20":1,"21":11,"22":4,"23":3,"24":4,"25":4,"26":13,"27":3,"28":4,"29":5,"30":4,"31":2,"32":3,"33":4,"34":5,"35":7,"36":9,"37":3,"38":4,"39":4,"40":1,"41":2,"42":2,"43":4,"44":4,"45":3,"46":8,"47":8,"48":3,"49":2,"50":4,"51":4,"52":5,"53":3,"54":6,"55":1,"56":2,"57":4,"58":1,"59":3}}
}
